2015-10-02 19:41:09 [WARNING] =======SCRIPTDEBUG=======
Script: [WANDER NEARBY] <--- Generated an error.
The message is as follows:
Tag <def[locations].random.add[.5,0,-.5]> is invalid!
[npc] n@11
[npc_anchors] li@null
[npc_attack_range] 3.0625
[npc_avoid_water] false
[npc_engaged] false
[npc_flags] li@TACTIC_STACK|SIGHT_RANGE|CURENT_WANDER_LOCATION|WANDER_RANGE|WANDER_RANGE_HEIGHT|MOVEMENT|MOVEMENT.WAYPOINTS|MOVEMENT.LAST_NAVI_STATE|MOVEMENT.TARGETS|TALKED_TO_BY|INTRESTS|INTRESTS.MOVEMENT|FLAG_INTRESTS!|CHAT|CHAT.TALKED_TO_BY|LOGIC|FLAG_INTRESTS|FLAG_INTRESTS.LOGIC|FLAG_INTRESTS.CHAT|FLAG_INTRESTS.ACTION|FLAG_INTRESTS.MOVEMENT|FLAG_INTRESTS.MEMORY
[npc_has_assignment] true
[npc_id] 11
[npc_inventory] li@i@bone_meal
[npc_location] -930,44,-636,Hub
[npc_lookclose] true
[npc_name] Adam
[npc_navigating] false
[npc_owner] server
[npc_protected] true
[npc_range] 114.70119
[npc_script] s@DENIZEN
[npc_speed] 1.0
[npc_speed_modifier] 1.0
[npc_teleport_on_stuck] true
[player] p@76f63814-0c07-4888-9a47-8461bc8ce7bb
[player_chat_history] li@
[player_debug] Player='<A>p@Chemical_Datas<G>'
[player_display_name] Chemical_Datas
[player_entity_id] 37
[player_fall_distance] 0.0
[player_is_op] true
[player_item_on_cursor] i@air
[player_list_name] Chemical_Datas
[player_location] -930,45,-632,Hub
[player_money] 0.0
[player_name] Chemical_Datas
[player_open_inventory] in@player[holder=p@76f63814-0c07-4888-9a47-8461bc8ce7bb]
[player_prefix] Player
[player_save_name] 76.76F638140C0748889A478461BC8CE7BB
[player_selected_npc] n@11
[queue] q@WANDER NEARBY_PromotingDuckCambodia
[queue_commands] li@
[queue_debug] <G>Container='<A>WANDER NEARBY<Y>(TASK)<G>'
[queue_definitions] li@cuboid|range|location|locations
[queue_id] WANDER NEARBY_PromotingDuckCambodia
[queue_script] s@WANDER NEARBY
[queue_size] 0
[queue_speed] d@0t
[queue_state] running
[queue_type] Timed
[script] s@WANDER NEARBY
[script_container_type] TASK
[script_cooled_down] true
[script_debug] <G>Container='<A>WANDER NEARBY<Y>(TASK)<G>'
[script_filename] G:/Vessel Craft Minecraft Server/Vessel Craft Hub/plugins/Denizen/scripts/Vessel-Craft-Denizen-Scripts/Server Npc Scripts/Tasks - NPC Base Sets.yml
[script_name] WANDER NEARBY
[script_prefix] Container
[script_relative_filename] /scripts/Vessel-Craft-Denizen-Scripts/Server Npc Scripts/Tasks - NPC Base Sets.yml
=======Finished with Debug Data=======
2015-10-02 19:41:10 [WARNING] =======SCRIPTDEBUG=======
Script: [WANDER NEARBY] <--- Generated an error.
The message is as follows:
Woah! Invalid arguments were specified!
[npc] n@11
[npc_anchors] li@null
[npc_attack_range] 3.0625
[npc_avoid_water] false
[npc_engaged] false
[npc_flags] li@TACTIC_STACK|SIGHT_RANGE|CURENT_WANDER_LOCATION|WANDER_RANGE|WANDER_RANGE_HEIGHT|MOVEMENT|MOVEMENT.WAYPOINTS|MOVEMENT.LAST_NAVI_STATE|MOVEMENT.TARGETS|TALKED_TO_BY|INTRESTS|INTRESTS.MOVEMENT|FLAG_INTRESTS!|CHAT|CHAT.TALKED_TO_BY|LOGIC|FLAG_INTRESTS|FLAG_INTRESTS.LOGIC|FLAG_INTRESTS.CHAT|FLAG_INTRESTS.ACTION|FLAG_INTRESTS.MOVEMENT|FLAG_INTRESTS.MEMORY
[npc_has_assignment] true
[npc_id] 11
[npc_inventory] li@i@bone_meal
[npc_location] -930,44,-636,Hub
[npc_lookclose] true
[npc_name] Adam
[npc_navigating] false
[npc_owner] server
[npc_protected] true
[npc_range] 114.70119
[npc_script] s@DENIZEN
[npc_speed] 1.0
[npc_speed_modifier] 1.0
[npc_teleport_on_stuck] true
[player] p@76f63814-0c07-4888-9a47-8461bc8ce7bb
[player_chat_history] li@
[player_debug] Player='<A>p@Chemical_Datas<G>'
[player_display_name] Chemical_Datas
[player_entity_id] 37
[player_fall_distance] 0.0
[player_is_op] true
[player_item_on_cursor] i@air
[player_list_name] Chemical_Datas
[player_location] -930,45,-632,Hub
[player_money] 0.0
[player_name] Chemical_Datas
[player_open_inventory] in@player[holder=p@76f63814-0c07-4888-9a47-8461bc8ce7bb]
[player_prefix] Player
[player_save_name] 76.76F638140C0748889A478461BC8CE7BB
[player_selected_npc] n@11
[queue] q@WANDER NEARBY_PromotingDuckCambodia
[queue_commands] li@
[queue_debug] <G>Container='<A>WANDER NEARBY<Y>(TASK)<G>'
[queue_definitions] li@cuboid|range|location|locations
[queue_id] WANDER NEARBY_PromotingDuckCambodia
[queue_script] s@WANDER NEARBY
[queue_size] 0
[queue_speed] d@0t
[queue_state] running
[queue_type] Timed
[script] s@WANDER NEARBY
[script_container_type] TASK
[script_cooled_down] true
[script_debug] <G>Container='<A>WANDER NEARBY<Y>(TASK)<G>'
[script_filename] G:/Vessel Craft Minecraft Server/Vessel Craft Hub/plugins/Denizen/scripts/Vessel-Craft-Denizen-Scripts/Server Npc Scripts/Tasks - NPC Base Sets.yml
[script_name] WANDER NEARBY
[script_prefix] Container
[script_relative_filename] /scripts/Vessel-Craft-Denizen-Scripts/Server Npc Scripts/Tasks - NPC Base Sets.yml
=======Finished with Debug Data=======
2015-10-02 19:45:24 [WARNING] =======SCRIPTDEBUG=======
Script: [WANDER NEARBY] <--- Generated an error.
The message is as follows:
Tag <def[locations].add[.5,0,-.5]> is invalid!
[npc] n@11
[npc_anchors] li@null
[npc_attack_range] 3.0625
[npc_avoid_water] false
[npc_engaged] false
[npc_flags] li@TACTIC_STACK|SIGHT_RANGE|CURENT_WANDER_LOCATION|WANDER_RANGE|WANDER_RANGE_HEIGHT|MOVEMENT|MOVEMENT.WAYPOINTS|MOVEMENT.LAST_NAVI_STATE|MOVEMENT.TARGETS|TALKED_TO_BY|INTRESTS|INTRESTS.MOVEMENT|FLAG_INTRESTS!|CHAT|CHAT.TALKED_TO_BY|LOGIC|FLAG_INTRESTS|FLAG_INTRESTS.LOGIC|FLAG_INTRESTS.CHAT|FLAG_INTRESTS.ACTION|FLAG_INTRESTS.MOVEMENT|FLAG_INTRESTS.MEMORY
[npc_has_assignment] true
[npc_id] 11
[npc_inventory] li@i@bone_meal
[npc_location] -930,44,-636,Hub
[npc_lookclose] true
[npc_name] Adam
[npc_navigating] false
[npc_owner] server
[npc_protected] true
[npc_range] 114.70119
[npc_script] s@DENIZEN
[npc_speed] 1.0
[npc_speed_modifier] 1.0
[npc_teleport_on_stuck] true
[player] p@76f63814-0c07-4888-9a47-8461bc8ce7bb
[player_chat_history] li@
[player_debug] Player='<A>p@Chemical_Datas<G>'
[player_display_name] Chemical_Datas
[player_entity_id] 37
[player_fall_distance] 0.0
[player_is_op] true
[player_item_on_cursor] i@air
[player_list_name] Chemical_Datas
[player_location] -930,45,-631,Hub
[player_money] 0.0
[player_name] Chemical_Datas
[player_open_inventory] in@player[holder=p@76f63814-0c07-4888-9a47-8461bc8ce7bb]
[player_prefix] Player
[player_save_name] 76.76F638140C0748889A478461BC8CE7BB
[player_selected_npc] n@11
[queue] q@WANDER NEARBY_MightyHatsWrestling
[queue_commands] li@
[queue_debug] <G>Container='<A>WANDER NEARBY<Y>(TASK)<G>'
[queue_definitions] li@cuboid|range|location|locations|height
[queue_id] WANDER NEARBY_MightyHatsWrestling
[queue_script] s@WANDER NEARBY
[queue_size] 0
[queue_speed] d@0t
[queue_state] running
[queue_type] Timed
[script] s@WANDER NEARBY
[script_container_type] TASK
[script_cooled_down] true
[script_debug] <G>Container='<A>WANDER NEARBY<Y>(TASK)<G>'
[script_filename] G:/Vessel Craft Minecraft Server/Vessel Craft Hub/plugins/Denizen/scripts/Vessel-Craft-Denizen-Scripts/Server Npc Scripts/Tasks - NPC Base Sets.yml
[script_name] WANDER NEARBY
[script_prefix] Container
[script_relative_filename] /scripts/Vessel-Craft-Denizen-Scripts/Server Npc Scripts/Tasks - NPC Base Sets.yml
=======Finished with Debug Data=======
2015-10-02 19:45:24 [WARNING] =======SCRIPTDEBUG=======
Script: [WANDER NEARBY] <--- Generated an error.
The message is as follows:
Woah! Invalid arguments were specified!
[npc] n@11
[npc_anchors] li@null
[npc_attack_range] 3.0625
[npc_avoid_water] false
[npc_engaged] false
[npc_flags] li@TACTIC_STACK|SIGHT_RANGE|CURENT_WANDER_LOCATION|WANDER_RANGE|WANDER_RANGE_HEIGHT|MOVEMENT|MOVEMENT.WAYPOINTS|MOVEMENT.LAST_NAVI_STATE|MOVEMENT.TARGETS|TALKED_TO_BY|INTRESTS|INTRESTS.MOVEMENT|FLAG_INTRESTS!|CHAT|CHAT.TALKED_TO_BY|LOGIC|FLAG_INTRESTS|FLAG_INTRESTS.LOGIC|FLAG_INTRESTS.CHAT|FLAG_INTRESTS.ACTION|FLAG_INTRESTS.MOVEMENT|FLAG_INTRESTS.MEMORY
[npc_has_assignment] true
[npc_id] 11
[npc_inventory] li@i@bone_meal
[npc_location] -930,44,-636,Hub
[npc_lookclose] true
[npc_name] Adam
[npc_navigating] false
[npc_owner] server
[npc_protected] true
[npc_range] 114.70119
[npc_script] s@DENIZEN
[npc_speed] 1.0
[npc_speed_modifier] 1.0
[npc_teleport_on_stuck] true
[player] p@76f63814-0c07-4888-9a47-8461bc8ce7bb
[player_chat_history] li@
[player_debug] Player='<A>p@Chemical_Datas<G>'
[player_display_name] Chemical_Datas
[player_entity_id] 37
[player_fall_distance] 0.0
[player_is_op] true
[player_item_on_cursor] i@air
[player_list_name] Chemical_Datas
[player_location] -930,45,-631,Hub
[player_money] 0.0
[player_name] Chemical_Datas
[player_open_inventory] in@player[holder=p@76f63814-0c07-4888-9a47-8461bc8ce7bb]
[player_prefix] Player
[player_save_name] 76.76F638140C0748889A478461BC8CE7BB
[player_selected_npc] n@11
[queue] q@WANDER NEARBY_MightyHatsWrestling
[queue_commands] li@
[queue_debug] <G>Container='<A>WANDER NEARBY<Y>(TASK)<G>'
[queue_definitions] li@cuboid|range|location|locations|height
[queue_id] WANDER NEARBY_MightyHatsWrestling
[queue_script] s@WANDER NEARBY
[queue_size] 0
[queue_speed] d@0t
[queue_state] running
[queue_type] Timed
[script] s@WANDER NEARBY
[script_container_type] TASK
[script_cooled_down] true
[script_debug] <G>Container='<A>WANDER NEARBY<Y>(TASK)<G>'
[script_filename] G:/Vessel Craft Minecraft Server/Vessel Craft Hub/plugins/Denizen/scripts/Vessel-Craft-Denizen-Scripts/Server Npc Scripts/Tasks - NPC Base Sets.yml
[script_name] WANDER NEARBY
[script_prefix] Container
[script_relative_filename] /scripts/Vessel-Craft-Denizen-Scripts/Server Npc Scripts/Tasks - NPC Base Sets.yml
=======Finished with Debug Data=======
2015-10-02 19:48:50 [WARNING] =======SCRIPTDEBUG=======
Script: [WANDER NEARBY] <--- Generated an error.
The message is as follows:
Tag <def[location].add[.5,0,-.5]> is invalid!
[npc] n@11
[npc_anchors] li@null
[npc_attack_range] 3.0625
[npc_avoid_water] false
[npc_engaged] false
[npc_flags] li@TACTIC_STACK|SIGHT_RANGE|CURENT_WANDER_LOCATION|WANDER_RANGE|WANDER_RANGE_HEIGHT|MOVEMENT|MOVEMENT.WAYPOINTS|MOVEMENT.LAST_NAVI_STATE|MOVEMENT.TARGETS|TALKED_TO_BY|INTRESTS|INTRESTS.MOVEMENT|FLAG_INTRESTS!|CHAT|CHAT.TALKED_TO_BY|LOGIC|FLAG_INTRESTS|FLAG_INTRESTS.LOGIC|FLAG_INTRESTS.CHAT|FLAG_INTRESTS.ACTION|FLAG_INTRESTS.MOVEMENT|FLAG_INTRESTS.MEMORY
[npc_has_assignment] true
[npc_id] 11
[npc_inventory] li@i@bone_meal
[npc_location] -930,44,-636,Hub
[npc_lookclose] true
[npc_name] Adam
[npc_navigating] false
[npc_owner] server
[npc_protected] true
[npc_range] 114.70119
[npc_script] s@DENIZEN
[npc_speed] 1.0
[npc_speed_modifier] 1.0
[npc_teleport_on_stuck] true
[player] p@76f63814-0c07-4888-9a47-8461bc8ce7bb
[player_chat_history] li@
[player_debug] Player='<A>p@Chemical_Datas<G>'
[player_display_name] Chemical_Datas
[player_entity_id] 37
[player_fall_distance] 0.0
[player_is_op] true
[player_item_on_cursor] i@air
[player_list_name] Chemical_Datas
[player_location] -930,45,-631,Hub
[player_money] 0.0
[player_name] Chemical_Datas
[player_open_inventory] in@player[holder=p@76f63814-0c07-4888-9a47-8461bc8ce7bb]
[player_prefix] Player
[player_save_name] 76.76F638140C0748889A478461BC8CE7BB
[player_selected_npc] n@11
[queue] q@WANDER NEARBY_AcrylicDepartmentsSurname
[queue_commands] li@
[queue_debug] <G>Container='<A>WANDER NEARBY<Y>(TASK)<G>'
[queue_definitions] li@cuboid|range|location|locations|height
[queue_id] WANDER NEARBY_AcrylicDepartmentsSurname
[queue_script] s@WANDER NEARBY
[queue_size] 0
[queue_speed] d@0t
[queue_state] running
[queue_type] Timed
[script] s@WANDER NEARBY
[script_container_type] TASK
[script_cooled_down] true
[script_debug] <G>Container='<A>WANDER NEARBY<Y>(TASK)<G>'
[script_filename] G:/Vessel Craft Minecraft Server/Vessel Craft Hub/plugins/Denizen/scripts/Vessel-Craft-Denizen-Scripts/Server Npc Scripts/Tasks - NPC Base Sets.yml
[script_name] WANDER NEARBY
[script_prefix] Container
[script_relative_filename] /scripts/Vessel-Craft-Denizen-Scripts/Server Npc Scripts/Tasks - NPC Base Sets.yml
=======Finished with Debug Data=======
2015-10-02 19:48:51 [WARNING] =======SCRIPTDEBUG=======
Script: [WANDER NEARBY] <--- Generated an error.
The message is as follows:
Woah! Invalid arguments were specified!
[npc] n@11
[npc_anchors] li@null
[npc_attack_range] 3.0625
[npc_avoid_water] false
[npc_engaged] false
[npc_flags] li@TACTIC_STACK|SIGHT_RANGE|CURENT_WANDER_LOCATION|WANDER_RANGE|WANDER_RANGE_HEIGHT|MOVEMENT|MOVEMENT.WAYPOINTS|MOVEMENT.LAST_NAVI_STATE|MOVEMENT.TARGETS|TALKED_TO_BY|INTRESTS|INTRESTS.MOVEMENT|FLAG_INTRESTS!|CHAT|CHAT.TALKED_TO_BY|LOGIC|FLAG_INTRESTS|FLAG_INTRESTS.LOGIC|FLAG_INTRESTS.CHAT|FLAG_INTRESTS.ACTION|FLAG_INTRESTS.MOVEMENT|FLAG_INTRESTS.MEMORY
[npc_has_assignment] true
[npc_id] 11
[npc_inventory] li@i@bone_meal
[npc_location] -930,44,-636,Hub
[npc_lookclose] true
[npc_name] Adam
[npc_navigating] false
[npc_owner] server
[npc_protected] true
[npc_range] 114.70119
[npc_script] s@DENIZEN
[npc_speed] 1.0
[npc_speed_modifier] 1.0
[npc_teleport_on_stuck] true
[player] p@76f63814-0c07-4888-9a47-8461bc8ce7bb
[player_chat_history] li@
[player_debug] Player='<A>p@Chemical_Datas<G>'
[player_display_name] Chemical_Datas
[player_entity_id] 37
[player_fall_distance] 0.0
[player_is_op] true
[player_item_on_cursor] i@air
[player_list_name] Chemical_Datas
[player_location] -930,45,-631,Hub
[player_money] 0.0
[player_name] Chemical_Datas
[player_open_inventory] in@player[holder=p@76f63814-0c07-4888-9a47-8461bc8ce7bb]
[player_prefix] Player
[player_save_name] 76.76F638140C0748889A478461BC8CE7BB
[player_selected_npc] n@11
[queue] q@WANDER NEARBY_AcrylicDepartmentsSurname
[queue_commands] li@
[queue_debug] <G>Container='<A>WANDER NEARBY<Y>(TASK)<G>'
[queue_definitions] li@cuboid|range|location|locations|height
[queue_id] WANDER NEARBY_AcrylicDepartmentsSurname
[queue_script] s@WANDER NEARBY
[queue_size] 0
[queue_speed] d@0t
[queue_state] running
[queue_type] Timed
[script] s@WANDER NEARBY
[script_container_type] TASK
[script_cooled_down] true
[script_debug] <G>Container='<A>WANDER NEARBY<Y>(TASK)<G>'
[script_filename] G:/Vessel Craft Minecraft Server/Vessel Craft Hub/plugins/Denizen/scripts/Vessel-Craft-Denizen-Scripts/Server Npc Scripts/Tasks - NPC Base Sets.yml
[script_name] WANDER NEARBY
[script_prefix] Container
[script_relative_filename] /scripts/Vessel-Craft-Denizen-Scripts/Server Npc Scripts/Tasks - NPC Base Sets.yml
=======Finished with Debug Data=======
2015-10-02 19:49:47 [WARNING] =======SCRIPTDEBUG=======
Script: [WANDER NEARBY] <--- Generated an error.
The message is as follows:
Tag <def[location].add[.5,0,-.5]> is invalid!
[npc] n@11
[npc_anchors] li@null
[npc_attack_range] 3.0625
[npc_avoid_water] false
[npc_engaged] false
[npc_flags] li@TACTIC_STACK|SIGHT_RANGE|CURENT_WANDER_LOCATION|WANDER_RANGE|WANDER_RANGE_HEIGHT|MOVEMENT|MOVEMENT.WAYPOINTS|MOVEMENT.LAST_NAVI_STATE|MOVEMENT.TARGETS|TALKED_TO_BY|INTRESTS|INTRESTS.MOVEMENT|FLAG_INTRESTS!|CHAT|CHAT.TALKED_TO_BY|LOGIC|FLAG_INTRESTS|FLAG_INTRESTS.LOGIC|FLAG_INTRESTS.CHAT|FLAG_INTRESTS.ACTION|FLAG_INTRESTS.MOVEMENT|FLAG_INTRESTS.MEMORY
[npc_has_assignment] true
[npc_id] 11
[npc_inventory] li@i@bone_meal
[npc_location] -930,44,-636,Hub
[npc_lookclose] true
[npc_name] Adam
[npc_navigating] false
[npc_owner] server
[npc_protected] true
[npc_range] 114.70119
[npc_script] s@DENIZEN
[npc_speed] 1.0
[npc_speed_modifier] 1.0
[npc_teleport_on_stuck] true
[player] p@76f63814-0c07-4888-9a47-8461bc8ce7bb
[player_chat_history] li@
[player_debug] Player='<A>p@Chemical_Datas<G>'
[player_display_name] Chemical_Datas
[player_entity_id] 37
[player_fall_distance] 0.0
[player_is_op] true
[player_item_on_cursor] i@air
[player_list_name] Chemical_Datas
[player_location] -930,45,-632,Hub
[player_money] 0.0
[player_name] Chemical_Datas
[player_open_inventory] in@player[holder=p@76f63814-0c07-4888-9a47-8461bc8ce7bb]
[player_prefix] Player
[player_save_name] 76.76F638140C0748889A478461BC8CE7BB
[player_selected_npc] n@11
[queue] q@WANDER NEARBY_XpSurroundingDifficulty
[queue_commands] li@
[queue_debug] <G>Container='<A>WANDER NEARBY<Y>(TASK)<G>'
[queue_definitions] li@cuboid|range|location|locations|height
[queue_id] WANDER NEARBY_XpSurroundingDifficulty
[queue_script] s@WANDER NEARBY
[queue_size] 0
[queue_speed] d@0t
[queue_state] running
[queue_type] Timed
[script] s@WANDER NEARBY
[script_container_type] TASK
[script_cooled_down] true
[script_debug] <G>Container='<A>WANDER NEARBY<Y>(TASK)<G>'
[script_filename] G:/Vessel Craft Minecraft Server/Vessel Craft Hub/plugins/Denizen/scripts/Vessel-Craft-Denizen-Scripts/Server Npc Scripts/Tasks - NPC Base Sets.yml
[script_name] WANDER NEARBY
[script_prefix] Container
[script_relative_filename] /scripts/Vessel-Craft-Denizen-Scripts/Server Npc Scripts/Tasks - NPC Base Sets.yml
=======Finished with Debug Data=======
2015-10-02 19:49:47 [WARNING] =======SCRIPTDEBUG=======
Script: [WANDER NEARBY] <--- Generated an error.
The message is as follows:
Woah! Invalid arguments were specified!
[npc] n@11
[npc_anchors] li@null
[npc_attack_range] 3.0625
[npc_avoid_water] false
[npc_engaged] false
[npc_flags] li@TACTIC_STACK|SIGHT_RANGE|CURENT_WANDER_LOCATION|WANDER_RANGE|WANDER_RANGE_HEIGHT|MOVEMENT|MOVEMENT.WAYPOINTS|MOVEMENT.LAST_NAVI_STATE|MOVEMENT.TARGETS|TALKED_TO_BY|INTRESTS|INTRESTS.MOVEMENT|FLAG_INTRESTS!|CHAT|CHAT.TALKED_TO_BY|LOGIC|FLAG_INTRESTS|FLAG_INTRESTS.LOGIC|FLAG_INTRESTS.CHAT|FLAG_INTRESTS.ACTION|FLAG_INTRESTS.MOVEMENT|FLAG_INTRESTS.MEMORY
[npc_has_assignment] true
[npc_id] 11
[npc_inventory] li@i@bone_meal
[npc_location] -930,44,-636,Hub
[npc_lookclose] true
[npc_name] Adam
[npc_navigating] false
[npc_owner] server
[npc_protected] true
[npc_range] 114.70119
[npc_script] s@DENIZEN
[npc_speed] 1.0
[npc_speed_modifier] 1.0
[npc_teleport_on_stuck] true
[player] p@76f63814-0c07-4888-9a47-8461bc8ce7bb
[player_chat_history] li@
[player_debug] Player='<A>p@Chemical_Datas<G>'
[player_display_name] Chemical_Datas
[player_entity_id] 37
[player_fall_distance] 0.0
[player_is_op] true
[player_item_on_cursor] i@air
[player_list_name] Chemical_Datas
[player_location] -930,45,-632,Hub
[player_money] 0.0
[player_name] Chemical_Datas
[player_open_inventory] in@player[holder=p@76f63814-0c07-4888-9a47-8461bc8ce7bb]
[player_prefix] Player
[player_save_name] 76.76F638140C0748889A478461BC8CE7BB
[player_selected_npc] n@11
[queue] q@WANDER NEARBY_XpSurroundingDifficulty
[queue_commands] li@
[queue_debug] <G>Container='<A>WANDER NEARBY<Y>(TASK)<G>'
[queue_definitions] li@cuboid|range|location|locations|height
[queue_id] WANDER NEARBY_XpSurroundingDifficulty
[queue_script] s@WANDER NEARBY
[queue_size] 0
[queue_speed] d@0t
[queue_state] running
[queue_type] Timed
[script] s@WANDER NEARBY
[script_container_type] TASK
[script_cooled_down] true
[script_debug] <G>Container='<A>WANDER NEARBY<Y>(TASK)<G>'
[script_filename] G:/Vessel Craft Minecraft Server/Vessel Craft Hub/plugins/Denizen/scripts/Vessel-Craft-Denizen-Scripts/Server Npc Scripts/Tasks - NPC Base Sets.yml
[script_name] WANDER NEARBY
[script_prefix] Container
[script_relative_filename] /scripts/Vessel-Craft-Denizen-Scripts/Server Npc Scripts/Tasks - NPC Base Sets.yml
=======Finished with Debug Data=======
2015-10-02 19:50:47 [WARNING] =======SCRIPTDEBUG=======
Script: [WANDER NEARBY] <--- Generated an error.
The message is as follows:
Tag <def[location].add[.5,0,-.5]> is invalid!
[npc] n@11
[npc_anchors] li@null
[npc_attack_range] 3.0625
[npc_avoid_water] false
[npc_engaged] false
[npc_flags] li@TACTIC_STACK|SIGHT_RANGE|CURENT_WANDER_LOCATION|WANDER_RANGE|WANDER_RANGE_HEIGHT|MOVEMENT|MOVEMENT.WAYPOINTS|MOVEMENT.LAST_NAVI_STATE|MOVEMENT.TARGETS|TALKED_TO_BY|INTRESTS|INTRESTS.MOVEMENT|FLAG_INTRESTS!|CHAT|CHAT.TALKED_TO_BY|LOGIC|FLAG_INTRESTS|FLAG_INTRESTS.LOGIC|FLAG_INTRESTS.CHAT|FLAG_INTRESTS.ACTION|FLAG_INTRESTS.MOVEMENT|FLAG_INTRESTS.MEMORY
[npc_has_assignment] true
[npc_id] 11
[npc_inventory] li@i@bone_meal
[npc_location] -930,44,-636,Hub
[npc_lookclose] true
[npc_name] Adam
[npc_navigating] false
[npc_owner] server
[npc_protected] true
[npc_range] 114.70119
[npc_script] s@DENIZEN
[npc_speed] 1.0
[npc_speed_modifier] 1.0
[npc_teleport_on_stuck] true
[player] p@76f63814-0c07-4888-9a47-8461bc8ce7bb
[player_chat_history] li@
[player_debug] Player='<A>p@Chemical_Datas<G>'
[player_display_name] Chemical_Datas
[player_entity_id] 37
[player_fall_distance] 0.0
[player_is_op] true
[player_item_on_cursor] i@air
[player_list_name] Chemical_Datas
[player_location] -930,45,-632,Hub
[player_money] 0.0
[player_name] Chemical_Datas
[player_open_inventory] in@player[holder=p@76f63814-0c07-4888-9a47-8461bc8ce7bb]
[player_prefix] Player
[player_save_name] 76.76F638140C0748889A478461BC8CE7BB
[player_selected_npc] n@11
[queue] q@WANDER NEARBY_CraftWareExcluding
[queue_commands] li@
[queue_debug] <G>Container='<A>WANDER NEARBY<Y>(TASK)<G>'
[queue_definitions] li@cuboid|range|location|locations|height
[queue_id] WANDER NEARBY_CraftWareExcluding
[queue_script] s@WANDER NEARBY
[queue_size] 0
[queue_speed] d@0t
[queue_state] running
[queue_type] Timed
[script] s@WANDER NEARBY
[script_container_type] TASK
[script_cooled_down] true
[script_debug] <G>Container='<A>WANDER NEARBY<Y>(TASK)<G>'
[script_filename] G:/Vessel Craft Minecraft Server/Vessel Craft Hub/plugins/Denizen/scripts/Vessel-Craft-Denizen-Scripts/Server Npc Scripts/Tasks - NPC Base Sets.yml
[script_name] WANDER NEARBY
[script_prefix] Container
[script_relative_filename] /scripts/Vessel-Craft-Denizen-Scripts/Server Npc Scripts/Tasks - NPC Base Sets.yml
=======Finished with Debug Data=======
2015-10-02 19:50:47 [WARNING] =======SCRIPTDEBUG=======
Script: [WANDER NEARBY] <--- Generated an error.
The message is as follows:
Woah! Invalid arguments were specified!
[npc] n@11
[npc_anchors] li@null
[npc_attack_range] 3.0625
[npc_avoid_water] false
[npc_engaged] false
[npc_flags] li@TACTIC_STACK|SIGHT_RANGE|CURENT_WANDER_LOCATION|WANDER_RANGE|WANDER_RANGE_HEIGHT|MOVEMENT|MOVEMENT.WAYPOINTS|MOVEMENT.LAST_NAVI_STATE|MOVEMENT.TARGETS|TALKED_TO_BY|INTRESTS|INTRESTS.MOVEMENT|FLAG_INTRESTS!|CHAT|CHAT.TALKED_TO_BY|LOGIC|FLAG_INTRESTS|FLAG_INTRESTS.LOGIC|FLAG_INTRESTS.CHAT|FLAG_INTRESTS.ACTION|FLAG_INTRESTS.MOVEMENT|FLAG_INTRESTS.MEMORY
[npc_has_assignment] true
[npc_id] 11
[npc_inventory] li@i@bone_meal
[npc_location] -930,44,-636,Hub
[npc_lookclose] true
[npc_name] Adam
[npc_navigating] false
[npc_owner] server
[npc_protected] true
[npc_range] 114.70119
[npc_script] s@DENIZEN
[npc_speed] 1.0
[npc_speed_modifier] 1.0
[npc_teleport_on_stuck] true
[player] p@76f63814-0c07-4888-9a47-8461bc8ce7bb
[player_chat_history] li@
[player_debug] Player='<A>p@Chemical_Datas<G>'
[player_display_name] Chemical_Datas
[player_entity_id] 37
[player_fall_distance] 0.0
[player_is_op] true
[player_item_on_cursor] i@air
[player_list_name] Chemical_Datas
[player_location] -930,45,-632,Hub
[player_money] 0.0
[player_name] Chemical_Datas
[player_open_inventory] in@player[holder=p@76f63814-0c07-4888-9a47-8461bc8ce7bb]
[player_prefix] Player
[player_save_name] 76.76F638140C0748889A478461BC8CE7BB
[player_selected_npc] n@11
[queue] q@WANDER NEARBY_CraftWareExcluding
[queue_commands] li@
[queue_debug] <G>Container='<A>WANDER NEARBY<Y>(TASK)<G>'
[queue_definitions] li@cuboid|range|location|locations|height
[queue_id] WANDER NEARBY_CraftWareExcluding
[queue_script] s@WANDER NEARBY
[queue_size] 0
[queue_speed] d@0t
[queue_state] running
[queue_type] Timed
[script] s@WANDER NEARBY
[script_container_type] TASK
[script_cooled_down] true
[script_debug] <G>Container='<A>WANDER NEARBY<Y>(TASK)<G>'
[script_filename] G:/Vessel Craft Minecraft Server/Vessel Craft Hub/plugins/Denizen/scripts/Vessel-Craft-Denizen-Scripts/Server Npc Scripts/Tasks - NPC Base Sets.yml
[script_name] WANDER NEARBY
[script_prefix] Container
[script_relative_filename] /scripts/Vessel-Craft-Denizen-Scripts/Server Npc Scripts/Tasks - NPC Base Sets.yml
=======Finished with Debug Data=======
2015-10-02 19:51:16 [WARNING] =======SCRIPTDEBUG=======
Script: [WANDER NEARBY] <--- Generated an error.
The message is as follows:
Tag <def[location].add[.5,0,-.5]> is invalid!
[npc] n@11
[npc_anchors] li@null
[npc_attack_range] 3.0625
[npc_avoid_water] false
[npc_engaged] false
[npc_flags] li@TACTIC_STACK|SIGHT_RANGE|CURENT_WANDER_LOCATION|WANDER_RANGE|WANDER_RANGE_HEIGHT|MOVEMENT|MOVEMENT.WAYPOINTS|MOVEMENT.LAST_NAVI_STATE|MOVEMENT.TARGETS|TALKED_TO_BY|INTRESTS|INTRESTS.MOVEMENT|FLAG_INTRESTS!|CHAT|CHAT.TALKED_TO_BY|LOGIC|FLAG_INTRESTS|FLAG_INTRESTS.LOGIC|FLAG_INTRESTS.CHAT|FLAG_INTRESTS.ACTION|FLAG_INTRESTS.MOVEMENT|FLAG_INTRESTS.MEMORY
[npc_has_assignment] true
[npc_id] 11
[npc_inventory] li@i@bone_meal
[npc_location] -930,44,-636,Hub
[npc_lookclose] true
[npc_name] Adam
[npc_navigating] false
[npc_owner] server
[npc_protected] true
[npc_range] 114.70119
[npc_script] s@DENIZEN
[npc_speed] 1.0
[npc_speed_modifier] 1.0
[npc_teleport_on_stuck] true
[player] p@76f63814-0c07-4888-9a47-8461bc8ce7bb
[player_chat_history] li@
[player_debug] Player='<A>p@Chemical_Datas<G>'
[player_display_name] Chemical_Datas
[player_entity_id] 37
[player_fall_distance] 0.0
[player_is_op] true
[player_item_on_cursor] i@air
[player_list_name] Chemical_Datas
[player_location] -930,45,-632,Hub
[player_money] 0.0
[player_name] Chemical_Datas
[player_open_inventory] in@player[holder=p@76f63814-0c07-4888-9a47-8461bc8ce7bb]
[player_prefix] Player
[player_save_name] 76.76F638140C0748889A478461BC8CE7BB
[player_selected_npc] n@11
[queue] q@WANDER NEARBY_RiversCowboyDog
[queue_commands] li@WALK <npc> <def[location].add[.5,0,-.5]> speed:<npc.flag[walk_speed]||.67> auto_range
[queue_debug] <G>Container='<A>WANDER NEARBY<Y>(TASK)<G>'
[queue_definitions] li@cuboid|range|location|locations|height
[queue_id] WANDER NEARBY_RiversCowboyDog
[queue_script] s@WANDER NEARBY
[queue_size] 1
[queue_speed] d@0t
[queue_state] running
[queue_type] Timed
[script] s@WANDER NEARBY
[script_container_type] TASK
[script_cooled_down] true
[script_debug] <G>Container='<A>WANDER NEARBY<Y>(TASK)<G>'
[script_filename] G:/Vessel Craft Minecraft Server/Vessel Craft Hub/plugins/Denizen/scripts/Vessel-Craft-Denizen-Scripts/Server Npc Scripts/Tasks - NPC Base Sets.yml
[script_name] WANDER NEARBY
[script_prefix] Container
[script_relative_filename] /scripts/Vessel-Craft-Denizen-Scripts/Server Npc Scripts/Tasks - NPC Base Sets.yml
=======Finished with Debug Data=======
2015-10-02 19:51:17 [WARNING] =======SCRIPTDEBUG=======
Script: [WANDER NEARBY] <--- Generated an error.
The message is as follows:
Tag <def[location].add[.5,0,-.5]> is invalid!
[npc] n@11
[npc_anchors] li@null
[npc_attack_range] 3.0625
[npc_avoid_water] false
[npc_engaged] false
[npc_flags] li@TACTIC_STACK|SIGHT_RANGE|CURENT_WANDER_LOCATION|WANDER_RANGE|WANDER_RANGE_HEIGHT|MOVEMENT|MOVEMENT.WAYPOINTS|MOVEMENT.LAST_NAVI_STATE|MOVEMENT.TARGETS|TALKED_TO_BY|INTRESTS|INTRESTS.MOVEMENT|FLAG_INTRESTS!|CHAT|CHAT.TALKED_TO_BY|LOGIC|FLAG_INTRESTS|FLAG_INTRESTS.LOGIC|FLAG_INTRESTS.CHAT|FLAG_INTRESTS.ACTION|FLAG_INTRESTS.MOVEMENT|FLAG_INTRESTS.MEMORY
[npc_has_assignment] true
[npc_id] 11
[npc_inventory] li@i@bone_meal
[npc_location] -930,44,-636,Hub
[npc_lookclose] true
[npc_name] Adam
[npc_navigating] false
[npc_owner] server
[npc_protected] true
[npc_range] 114.70119
[npc_script] s@DENIZEN
[npc_speed] 1.0
[npc_speed_modifier] 1.0
[npc_teleport_on_stuck] true
[player] p@76f63814-0c07-4888-9a47-8461bc8ce7bb
[player_chat_history] li@
[player_debug] Player='<A>p@Chemical_Datas<G>'
[player_display_name] Chemical_Datas
[player_entity_id] 37
[player_fall_distance] 0.0
[player_is_op] true
[player_item_on_cursor] i@air
[player_list_name] Chemical_Datas
[player_location] -930,45,-632,Hub
[player_money] 0.0
[player_name] Chemical_Datas
[player_open_inventory] in@player[holder=p@76f63814-0c07-4888-9a47-8461bc8ce7bb]
[player_prefix] Player
[player_save_name] 76.76F638140C0748889A478461BC8CE7BB
[player_selected_npc] n@11
[queue] q@WANDER NEARBY_RiversCowboyDog
[queue_commands] li@
[queue_debug] <G>Container='<A>WANDER NEARBY<Y>(TASK)<G>'
[queue_definitions] li@cuboid|range|location|locations|height
[queue_id] WANDER NEARBY_RiversCowboyDog
[queue_script] s@WANDER NEARBY
[queue_size] 0
[queue_speed] d@0t
[queue_state] running
[queue_type] Timed
[script] s@WANDER NEARBY
[script_container_type] TASK
[script_cooled_down] true
[script_debug] <G>Container='<A>WANDER NEARBY<Y>(TASK)<G>'
[script_filename] G:/Vessel Craft Minecraft Server/Vessel Craft Hub/plugins/Denizen/scripts/Vessel-Craft-Denizen-Scripts/Server Npc Scripts/Tasks - NPC Base Sets.yml
[script_name] WANDER NEARBY
[script_prefix] Container
[script_relative_filename] /scripts/Vessel-Craft-Denizen-Scripts/Server Npc Scripts/Tasks - NPC Base Sets.yml
=======Finished with Debug Data=======
2015-10-02 19:51:17 [WARNING] =======SCRIPTDEBUG=======
Script: [WANDER NEARBY] <--- Generated an error.
The message is as follows:
Woah! Invalid arguments were specified!
[npc] n@11
[npc_anchors] li@null
[npc_attack_range] 3.0625
[npc_avoid_water] false
[npc_engaged] false
[npc_flags] li@TACTIC_STACK|SIGHT_RANGE|CURENT_WANDER_LOCATION|WANDER_RANGE|WANDER_RANGE_HEIGHT|MOVEMENT|MOVEMENT.WAYPOINTS|MOVEMENT.LAST_NAVI_STATE|MOVEMENT.TARGETS|TALKED_TO_BY|INTRESTS|INTRESTS.MOVEMENT|FLAG_INTRESTS!|CHAT|CHAT.TALKED_TO_BY|LOGIC|FLAG_INTRESTS|FLAG_INTRESTS.LOGIC|FLAG_INTRESTS.CHAT|FLAG_INTRESTS.ACTION|FLAG_INTRESTS.MOVEMENT|FLAG_INTRESTS.MEMORY
[npc_has_assignment] true
[npc_id] 11
[npc_inventory] li@i@bone_meal
[npc_location] -930,44,-636,Hub
[npc_lookclose] true
[npc_name] Adam
[npc_navigating] false
[npc_owner] server
[npc_protected] true
[npc_range] 114.70119
[npc_script] s@DENIZEN
[npc_speed] 1.0
[npc_speed_modifier] 1.0
[npc_teleport_on_stuck] true
[player] p@76f63814-0c07-4888-9a47-8461bc8ce7bb
[player_chat_history] li@
[player_debug] Player='<A>p@Chemical_Datas<G>'
[player_display_name] Chemical_Datas
[player_entity_id] 37
[player_fall_distance] 0.0
[player_is_op] true
[player_item_on_cursor] i@air
[player_list_name] Chemical_Datas
[player_location] -930,45,-632,Hub
[player_money] 0.0
[player_name] Chemical_Datas
[player_open_inventory] in@player[holder=p@76f63814-0c07-4888-9a47-8461bc8ce7bb]
[player_prefix] Player
[player_save_name] 76.76F638140C0748889A478461BC8CE7BB
[player_selected_npc] n@11
[queue] q@WANDER NEARBY_RiversCowboyDog
[queue_commands] li@
[queue_debug] <G>Container='<A>WANDER NEARBY<Y>(TASK)<G>'
[queue_definitions] li@cuboid|range|location|locations|height
[queue_id] WANDER NEARBY_RiversCowboyDog
[queue_script] s@WANDER NEARBY
[queue_size] 0
[queue_speed] d@0t
[queue_state] running
[queue_type] Timed
[script] s@WANDER NEARBY
[script_container_type] TASK
[script_cooled_down] true
[script_debug] <G>Container='<A>WANDER NEARBY<Y>(TASK)<G>'
[script_filename] G:/Vessel Craft Minecraft Server/Vessel Craft Hub/plugins/Denizen/scripts/Vessel-Craft-Denizen-Scripts/Server Npc Scripts/Tasks - NPC Base Sets.yml
[script_name] WANDER NEARBY
[script_prefix] Container
[script_relative_filename] /scripts/Vessel-Craft-Denizen-Scripts/Server Npc Scripts/Tasks - NPC Base Sets.yml
=======Finished with Debug Data=======
2015-10-02 19:52:36 [WARNING] =======SCRIPTDEBUG=======
Script: [WANDER NEARBY] <--- Generated an error.
The message is as follows:
Tag <def[location].add[.5,0,-.5]> is invalid!
[npc] n@11
[npc_anchors] li@null
[npc_attack_range] 3.0625
[npc_avoid_water] false
[npc_engaged] false
[npc_flags] li@TACTIC_STACK|SIGHT_RANGE|CURENT_WANDER_LOCATION|WANDER_RANGE|WANDER_RANGE_HEIGHT|MOVEMENT|MOVEMENT.WAYPOINTS|MOVEMENT.LAST_NAVI_STATE|MOVEMENT.TARGETS|TALKED_TO_BY|INTRESTS|INTRESTS.MOVEMENT|FLAG_INTRESTS!|CHAT|CHAT.TALKED_TO_BY|LOGIC|FLAG_INTRESTS|FLAG_INTRESTS.LOGIC|FLAG_INTRESTS.CHAT|FLAG_INTRESTS.ACTION|FLAG_INTRESTS.MOVEMENT|FLAG_INTRESTS.MEMORY
[npc_has_assignment] true
[npc_id] 11
[npc_inventory] li@i@bone_meal
[npc_location] -930,44,-636,Hub
[npc_lookclose] true
[npc_name] Adam
[npc_navigating] false
[npc_owner] server
[npc_protected] true
[npc_range] 114.70119
[npc_script] s@DENIZEN
[npc_speed] 1.0
[npc_speed_modifier] 1.0
[npc_teleport_on_stuck] true
[player] p@76f63814-0c07-4888-9a47-8461bc8ce7bb
[player_chat_history] li@
[player_debug] Player='<A>p@Chemical_Datas<G>'
[player_display_name] Chemical_Datas
[player_entity_id] 37
[player_fall_distance] 0.0
[player_is_op] true
[player_item_on_cursor] i@air
[player_list_name] Chemical_Datas
[player_location] -930,45,-632,Hub
[player_money] 0.0
[player_name] Chemical_Datas
[player_open_inventory] in@player[holder=p@76f63814-0c07-4888-9a47-8461bc8ce7bb]
[player_prefix] Player
[player_save_name] 76.76F638140C0748889A478461BC8CE7BB
[player_selected_npc] n@11
[queue] q@WANDER NEARBY_DealFinlandInline
[queue_commands] li@WALK <npc> <def[location].add[.5,0,-.5]> speed:<npc.flag[walk_speed]||.67> auto_range
[queue_debug] <G>Container='<A>WANDER NEARBY<Y>(TASK)<G>'
[queue_definitions] li@cuboid|range|location|locations|height
[queue_id] WANDER NEARBY_DealFinlandInline
[queue_script] s@WANDER NEARBY
[queue_size] 1
[queue_speed] d@0t
[queue_state] running
[queue_type] Timed
[script] s@WANDER NEARBY
[script_container_type] TASK
[script_cooled_down] true
[script_debug] <G>Container='<A>WANDER NEARBY<Y>(TASK)<G>'
[script_filename] G:/Vessel Craft Minecraft Server/Vessel Craft Hub/plugins/Denizen/scripts/Vessel-Craft-Denizen-Scripts/Server Npc Scripts/Tasks - NPC Base Sets.yml
[script_name] WANDER NEARBY
[script_prefix] Container
[script_relative_filename] /scripts/Vessel-Craft-Denizen-Scripts/Server Npc Scripts/Tasks - NPC Base Sets.yml
=======Finished with Debug Data=======
2015-10-02 19:52:37 [WARNING] =======SCRIPTDEBUG=======
Script: [WANDER NEARBY] <--- Generated an error.
The message is as follows:
Tag <def[location].add[.5,0,-.5]> is invalid!
[npc] n@11
[npc_anchors] li@null
[npc_attack_range] 3.0625
[npc_avoid_water] false
[npc_engaged] false
[npc_flags] li@TACTIC_STACK|SIGHT_RANGE|CURENT_WANDER_LOCATION|WANDER_RANGE|WANDER_RANGE_HEIGHT|MOVEMENT|MOVEMENT.WAYPOINTS|MOVEMENT.LAST_NAVI_STATE|MOVEMENT.TARGETS|TALKED_TO_BY|INTRESTS|INTRESTS.MOVEMENT|FLAG_INTRESTS!|CHAT|CHAT.TALKED_TO_BY|LOGIC|FLAG_INTRESTS|FLAG_INTRESTS.LOGIC|FLAG_INTRESTS.CHAT|FLAG_INTRESTS.ACTION|FLAG_INTRESTS.MOVEMENT|FLAG_INTRESTS.MEMORY
[npc_has_assignment] true
[npc_id] 11
[npc_inventory] li@i@bone_meal
[npc_location] -930,44,-636,Hub
[npc_lookclose] true
[npc_name] Adam
[npc_navigating] false
[npc_owner] server
[npc_protected] true
[npc_range] 114.70119
[npc_script] s@DENIZEN
[npc_speed] 1.0
[npc_speed_modifier] 1.0
[npc_teleport_on_stuck] true
[player] p@76f63814-0c07-4888-9a47-8461bc8ce7bb
[player_chat_history] li@
[player_debug] Player='<A>p@Chemical_Datas<G>'
[player_display_name] Chemical_Datas
[player_entity_id] 37
[player_fall_distance] 0.0
[player_is_op] true
[player_item_on_cursor] i@air
[player_list_name] Chemical_Datas
[player_location] -930,45,-632,Hub
[player_money] 0.0
[player_name] Chemical_Datas
[player_open_inventory] in@player[holder=p@76f63814-0c07-4888-9a47-8461bc8ce7bb]
[player_prefix] Player
[player_save_name] 76.76F638140C0748889A478461BC8CE7BB
[player_selected_npc] n@11
[queue] q@WANDER NEARBY_DealFinlandInline
[queue_commands] li@
[queue_debug] <G>Container='<A>WANDER NEARBY<Y>(TASK)<G>'
[queue_definitions] li@cuboid|range|location|locations|height
[queue_id] WANDER NEARBY_DealFinlandInline
[queue_script] s@WANDER NEARBY
[queue_size] 0
[queue_speed] d@0t
[queue_state] running
[queue_type] Timed
[script] s@WANDER NEARBY
[script_container_type] TASK
[script_cooled_down] true
[script_debug] <G>Container='<A>WANDER NEARBY<Y>(TASK)<G>'
[script_filename] G:/Vessel Craft Minecraft Server/Vessel Craft Hub/plugins/Denizen/scripts/Vessel-Craft-Denizen-Scripts/Server Npc Scripts/Tasks - NPC Base Sets.yml
[script_name] WANDER NEARBY
[script_prefix] Container
[script_relative_filename] /scripts/Vessel-Craft-Denizen-Scripts/Server Npc Scripts/Tasks - NPC Base Sets.yml
=======Finished with Debug Data=======
2015-10-02 19:52:37 [WARNING] =======SCRIPTDEBUG=======
Script: [WANDER NEARBY] <--- Generated an error.
The message is as follows:
Woah! Invalid arguments were specified!
[npc] n@11
[npc_anchors] li@null
[npc_attack_range] 3.0625
[npc_avoid_water] false
[npc_engaged] false
[npc_flags] li@TACTIC_STACK|SIGHT_RANGE|CURENT_WANDER_LOCATION|WANDER_RANGE|WANDER_RANGE_HEIGHT|MOVEMENT|MOVEMENT.WAYPOINTS|MOVEMENT.LAST_NAVI_STATE|MOVEMENT.TARGETS|TALKED_TO_BY|INTRESTS|INTRESTS.MOVEMENT|FLAG_INTRESTS!|CHAT|CHAT.TALKED_TO_BY|LOGIC|FLAG_INTRESTS|FLAG_INTRESTS.LOGIC|FLAG_INTRESTS.CHAT|FLAG_INTRESTS.ACTION|FLAG_INTRESTS.MOVEMENT|FLAG_INTRESTS.MEMORY
[npc_has_assignment] true
[npc_id] 11
[npc_inventory] li@i@bone_meal
[npc_location] -930,44,-636,Hub
[npc_lookclose] true
[npc_name] Adam
[npc_navigating] false
[npc_owner] server
[npc_protected] true
[npc_range] 114.70119
[npc_script] s@DENIZEN
[npc_speed] 1.0
[npc_speed_modifier] 1.0
[npc_teleport_on_stuck] true
[player] p@76f63814-0c07-4888-9a47-8461bc8ce7bb
[player_chat_history] li@
[player_debug] Player='<A>p@Chemical_Datas<G>'
[player_display_name] Chemical_Datas
[player_entity_id] 37
[player_fall_distance] 0.0
[player_is_op] true
[player_item_on_cursor] i@air
[player_list_name] Chemical_Datas
[player_location] -930,45,-632,Hub
[player_money] 0.0
[player_name] Chemical_Datas
[player_open_inventory] in@player[holder=p@76f63814-0c07-4888-9a47-8461bc8ce7bb]
[player_prefix] Player
[player_save_name] 76.76F638140C0748889A478461BC8CE7BB
[player_selected_npc] n@11
[queue] q@WANDER NEARBY_DealFinlandInline
[queue_commands] li@
[queue_debug] <G>Container='<A>WANDER NEARBY<Y>(TASK)<G>'
[queue_definitions] li@cuboid|range|location|locations|height
[queue_id] WANDER NEARBY_DealFinlandInline
[queue_script] s@WANDER NEARBY
[queue_size] 0
[queue_speed] d@0t
[queue_state] running
[queue_type] Timed
[script] s@WANDER NEARBY
[script_container_type] TASK
[script_cooled_down] true
[script_debug] <G>Container='<A>WANDER NEARBY<Y>(TASK)<G>'
[script_filename] G:/Vessel Craft Minecraft Server/Vessel Craft Hub/plugins/Denizen/scripts/Vessel-Craft-Denizen-Scripts/Server Npc Scripts/Tasks - NPC Base Sets.yml
[script_name] WANDER NEARBY
[script_prefix] Container
[script_relative_filename] /scripts/Vessel-Craft-Denizen-Scripts/Server Npc Scripts/Tasks - NPC Base Sets.yml
=======Finished with Debug Data=======
2015-10-02 19:56:05 [WARNING] =======SCRIPTDEBUG=======
Script: [WANDER NEARBY] <--- Generated an error.
The message is as follows:
Tag <def[location].add[.5,0,-.5]> is invalid!
[npc] n@11
[npc_anchors] li@null
[npc_attack_range] 3.0625
[npc_avoid_water] false
[npc_engaged] false
[npc_flags] li@TACTIC_STACK|SIGHT_RANGE|CURENT_WANDER_LOCATION|WANDER_RANGE|WANDER_RANGE_HEIGHT|MOVEMENT|MOVEMENT.WAYPOINTS|MOVEMENT.LAST_NAVI_STATE|MOVEMENT.TARGETS|TALKED_TO_BY|INTRESTS|INTRESTS.MOVEMENT|FLAG_INTRESTS!|CHAT|CHAT.TALKED_TO_BY|LOGIC|FLAG_INTRESTS|FLAG_INTRESTS.LOGIC|FLAG_INTRESTS.CHAT|FLAG_INTRESTS.ACTION|FLAG_INTRESTS.MOVEMENT|FLAG_INTRESTS.MEMORY
[npc_has_assignment] true
[npc_id] 11
[npc_inventory] li@i@bone_meal
[npc_location] -930,44,-636,Hub
[npc_lookclose] true
[npc_name] Adam
[npc_navigating] false
[npc_owner] server
[npc_protected] true
[npc_range] 114.70119
[npc_script] s@DENIZEN
[npc_speed] 1.0
[npc_speed_modifier] 1.0
[npc_teleport_on_stuck] true
[player] p@76f63814-0c07-4888-9a47-8461bc8ce7bb
[player_chat_history] li@
[player_debug] Player='<A>p@Chemical_Datas<G>'
[player_display_name] Chemical_Datas
[player_entity_id] 37
[player_fall_distance] 0.0
[player_is_op] true
[player_item_on_cursor] i@air
[player_list_name] Chemical_Datas
[player_location] -930,45,-632,Hub
[player_money] 0.0
[player_name] Chemical_Datas
[player_open_inventory] in@player[holder=p@76f63814-0c07-4888-9a47-8461bc8ce7bb]
[player_prefix] Player
[player_save_name] 76.76F638140C0748889A478461BC8CE7BB
[player_selected_npc] n@11
[queue] q@WANDER NEARBY_PaperbacksElliottClosely
[queue_commands] li@WALK <npc> <def[location].add[.5,0,-.5]> speed:<npc.flag[walk_speed]||.67> auto_range
[queue_debug] <G>Container='<A>WANDER NEARBY<Y>(TASK)<G>'
[queue_definitions] li@cuboid|range|location|locations|height
[queue_id] WANDER NEARBY_PaperbacksElliottClosely
[queue_script] s@WANDER NEARBY
[queue_size] 1
[queue_speed] d@0t
[queue_state] running
[queue_type] Timed
[script] s@WANDER NEARBY
[script_container_type] TASK
[script_cooled_down] true
[script_debug] <G>Container='<A>WANDER NEARBY<Y>(TASK)<G>'
[script_filename] G:/Vessel Craft Minecraft Server/Vessel Craft Hub/plugins/Denizen/scripts/Vessel-Craft-Denizen-Scripts/Server Npc Scripts/Tasks - NPC Base Sets.yml
[script_name] WANDER NEARBY
[script_prefix] Container
[script_relative_filename] /scripts/Vessel-Craft-Denizen-Scripts/Server Npc Scripts/Tasks - NPC Base Sets.yml
=======Finished with Debug Data=======
2015-10-02 19:56:06 [WARNING] =======SCRIPTDEBUG=======
Script: [WANDER NEARBY] <--- Generated an error.
The message is as follows:
Tag <def[location].add[.5,0,-.5]> is invalid!
[npc] n@11
[npc_anchors] li@null
[npc_attack_range] 3.0625
[npc_avoid_water] false
[npc_engaged] false
[npc_flags] li@TACTIC_STACK|SIGHT_RANGE|CURENT_WANDER_LOCATION|WANDER_RANGE|WANDER_RANGE_HEIGHT|MOVEMENT|MOVEMENT.WAYPOINTS|MOVEMENT.LAST_NAVI_STATE|MOVEMENT.TARGETS|TALKED_TO_BY|INTRESTS|INTRESTS.MOVEMENT|FLAG_INTRESTS!|CHAT|CHAT.TALKED_TO_BY|LOGIC|FLAG_INTRESTS|FLAG_INTRESTS.LOGIC|FLAG_INTRESTS.CHAT|FLAG_INTRESTS.ACTION|FLAG_INTRESTS.MOVEMENT|FLAG_INTRESTS.MEMORY
[npc_has_assignment] true
[npc_id] 11
[npc_inventory] li@i@bone_meal
[npc_location] -930,44,-636,Hub
[npc_lookclose] true
[npc_name] Adam
[npc_navigating] false
[npc_owner] server
[npc_protected] true
[npc_range] 114.70119
[npc_script] s@DENIZEN
[npc_speed] 1.0
[npc_speed_modifier] 1.0
[npc_teleport_on_stuck] true
[player] p@76f63814-0c07-4888-9a47-8461bc8ce7bb
[player_chat_history] li@
[player_debug] Player='<A>p@Chemical_Datas<G>'
[player_display_name] Chemical_Datas
[player_entity_id] 37
[player_fall_distance] 0.0
[player_is_op] true
[player_item_on_cursor] i@air
[player_list_name] Chemical_Datas
[player_location] -930,45,-632,Hub
[player_money] 0.0
[player_name] Chemical_Datas
[player_open_inventory] in@player[holder=p@76f63814-0c07-4888-9a47-8461bc8ce7bb]
[player_prefix] Player
[player_save_name] 76.76F638140C0748889A478461BC8CE7BB
[player_selected_npc] n@11
[queue] q@WANDER NEARBY_PaperbacksElliottClosely
[queue_commands] li@
[queue_debug] <G>Container='<A>WANDER NEARBY<Y>(TASK)<G>'
[queue_definitions] li@cuboid|range|location|locations|height
[queue_id] WANDER NEARBY_PaperbacksElliottClosely
[queue_script] s@WANDER NEARBY
[queue_size] 0
[queue_speed] d@0t
[queue_state] running
[queue_type] Timed
[script] s@WANDER NEARBY
[script_container_type] TASK
[script_cooled_down] true
[script_debug] <G>Container='<A>WANDER NEARBY<Y>(TASK)<G>'
[script_filename] G:/Vessel Craft Minecraft Server/Vessel Craft Hub/plugins/Denizen/scripts/Vessel-Craft-Denizen-Scripts/Server Npc Scripts/Tasks - NPC Base Sets.yml
[script_name] WANDER NEARBY
[script_prefix] Container
[script_relative_filename] /scripts/Vessel-Craft-Denizen-Scripts/Server Npc Scripts/Tasks - NPC Base Sets.yml
=======Finished with Debug Data=======
2015-10-02 19:56:06 [WARNING] =======SCRIPTDEBUG=======
Script: [WANDER NEARBY] <--- Generated an error.
The message is as follows:
Woah! Invalid arguments were specified!
[npc] n@11
[npc_anchors] li@null
[npc_attack_range] 3.0625
[npc_avoid_water] false
[npc_engaged] false
[npc_flags] li@TACTIC_STACK|SIGHT_RANGE|CURENT_WANDER_LOCATION|WANDER_RANGE|WANDER_RANGE_HEIGHT|MOVEMENT|MOVEMENT.WAYPOINTS|MOVEMENT.LAST_NAVI_STATE|MOVEMENT.TARGETS|TALKED_TO_BY|INTRESTS|INTRESTS.MOVEMENT|FLAG_INTRESTS!|CHAT|CHAT.TALKED_TO_BY|LOGIC|FLAG_INTRESTS|FLAG_INTRESTS.LOGIC|FLAG_INTRESTS.CHAT|FLAG_INTRESTS.ACTION|FLAG_INTRESTS.MOVEMENT|FLAG_INTRESTS.MEMORY
[npc_has_assignment] true
[npc_id] 11
[npc_inventory] li@i@bone_meal
[npc_location] -930,44,-636,Hub
[npc_lookclose] true
[npc_name] Adam
[npc_navigating] false
[npc_owner] server
[npc_protected] true
[npc_range] 114.70119
[npc_script] s@DENIZEN
[npc_speed] 1.0
[npc_speed_modifier] 1.0
[npc_teleport_on_stuck] true
[player] p@76f63814-0c07-4888-9a47-8461bc8ce7bb
[player_chat_history] li@
[player_debug] Player='<A>p@Chemical_Datas<G>'
[player_display_name] Chemical_Datas
[player_entity_id] 37
[player_fall_distance] 0.0
[player_is_op] true
[player_item_on_cursor] i@air
[player_list_name] Chemical_Datas
[player_location] -930,45,-632,Hub
[player_money] 0.0
[player_name] Chemical_Datas
[player_open_inventory] in@player[holder=p@76f63814-0c07-4888-9a47-8461bc8ce7bb]
[player_prefix] Player
[player_save_name] 76.76F638140C0748889A478461BC8CE7BB
[player_selected_npc] n@11
[queue] q@WANDER NEARBY_PaperbacksElliottClosely
[queue_commands] li@
[queue_debug] <G>Container='<A>WANDER NEARBY<Y>(TASK)<G>'
[queue_definitions] li@cuboid|range|location|locations|height
[queue_id] WANDER NEARBY_PaperbacksElliottClosely
[queue_script] s@WANDER NEARBY
[queue_size] 0
[queue_speed] d@0t
[queue_state] running
[queue_type] Timed
[script] s@WANDER NEARBY
[script_container_type] TASK
[script_cooled_down] true
[script_debug] <G>Container='<A>WANDER NEARBY<Y>(TASK)<G>'
[script_filename] G:/Vessel Craft Minecraft Server/Vessel Craft Hub/plugins/Denizen/scripts/Vessel-Craft-Denizen-Scripts/Server Npc Scripts/Tasks - NPC Base Sets.yml
[script_name] WANDER NEARBY
[script_prefix] Container
[script_relative_filename] /scripts/Vessel-Craft-Denizen-Scripts/Server Npc Scripts/Tasks - NPC Base Sets.yml
=======Finished with Debug Data=======
2015-10-02 19:58:21 [WARNING] =======SCRIPTDEBUG=======
Script: [WANDER NEARBY] <--- Generated an error.
The message is as follows:
Tag <def[location].add[.5,0,-.5]> is invalid!
[npc] n@11
[npc_anchors] li@null
[npc_attack_range] 3.0625
[npc_avoid_water] false
[npc_engaged] false
[npc_flags] li@TACTIC_STACK|SIGHT_RANGE|CURENT_WANDER_LOCATION|WANDER_RANGE|WANDER_RANGE_HEIGHT|MOVEMENT|MOVEMENT.WAYPOINTS|MOVEMENT.LAST_NAVI_STATE|MOVEMENT.TARGETS|TALKED_TO_BY|INTRESTS|INTRESTS.MOVEMENT|FLAG_INTRESTS!|CHAT|CHAT.TALKED_TO_BY|LOGIC|FLAG_INTRESTS|FLAG_INTRESTS.LOGIC|FLAG_INTRESTS.CHAT|FLAG_INTRESTS.ACTION|FLAG_INTRESTS.MOVEMENT|FLAG_INTRESTS.MEMORY
[npc_has_assignment] true
[npc_id] 11
[npc_inventory] li@i@bone_meal
[npc_location] -930,44,-636,Hub
[npc_lookclose] true
[npc_name] Adam
[npc_navigating] false
[npc_owner] server
[npc_protected] true
[npc_range] 114.70119
[npc_script] s@DENIZEN
[npc_speed] 1.0
[npc_speed_modifier] 1.0
[npc_teleport_on_stuck] true
[player] p@76f63814-0c07-4888-9a47-8461bc8ce7bb
[player_chat_history] li@
[player_debug] Player='<A>p@Chemical_Datas<G>'
[player_display_name] Chemical_Datas
[player_entity_id] 37
[player_fall_distance] 0.0
[player_is_op] true
[player_item_on_cursor] i@air
[player_list_name] Chemical_Datas
[player_location] -930,45,-632,Hub
[player_money] 0.0
[player_name] Chemical_Datas
[player_open_inventory] in@player[holder=p@76f63814-0c07-4888-9a47-8461bc8ce7bb]
[player_prefix] Player
[player_save_name] 76.76F638140C0748889A478461BC8CE7BB
[player_selected_npc] n@11
[queue] q@WANDER NEARBY_DigitalVidConfused
[queue_commands] li@
[queue_debug] <G>Container='<A>WANDER NEARBY<Y>(TASK)<G>'
[queue_definitions] li@cuboid|range|location|locations|height
[queue_id] WANDER NEARBY_DigitalVidConfused
[queue_script] s@WANDER NEARBY
[queue_size] 0
[queue_speed] d@0t
[queue_state] running
[queue_type] Timed
[script] s@WANDER NEARBY
[script_container_type] TASK
[script_cooled_down] true
[script_debug] <G>Container='<A>WANDER NEARBY<Y>(TASK)<G>'
[script_filename] G:/Vessel Craft Minecraft Server/Vessel Craft Hub/plugins/Denizen/scripts/Vessel-Craft-Denizen-Scripts/Server Npc Scripts/Tasks - NPC Base Sets.yml
[script_name] WANDER NEARBY
[script_prefix] Container
[script_relative_filename] /scripts/Vessel-Craft-Denizen-Scripts/Server Npc Scripts/Tasks - NPC Base Sets.yml
=======Finished with Debug Data=======
2015-10-02 19:58:22 [WARNING] =======SCRIPTDEBUG=======
Script: [WANDER NEARBY] <--- Generated an error.
The message is as follows:
Woah! Invalid arguments were specified!
[npc] n@11
[npc_anchors] li@null
[npc_attack_range] 3.0625
[npc_avoid_water] false
[npc_engaged] false
[npc_flags] li@TACTIC_STACK|SIGHT_RANGE|CURENT_WANDER_LOCATION|WANDER_RANGE|WANDER_RANGE_HEIGHT|MOVEMENT|MOVEMENT.WAYPOINTS|MOVEMENT.LAST_NAVI_STATE|MOVEMENT.TARGETS|TALKED_TO_BY|INTRESTS|INTRESTS.MOVEMENT|FLAG_INTRESTS!|CHAT|CHAT.TALKED_TO_BY|LOGIC|FLAG_INTRESTS|FLAG_INTRESTS.LOGIC|FLAG_INTRESTS.CHAT|FLAG_INTRESTS.ACTION|FLAG_INTRESTS.MOVEMENT|FLAG_INTRESTS.MEMORY
[npc_has_assignment] true
[npc_id] 11
[npc_inventory] li@i@bone_meal
[npc_location] -930,44,-636,Hub
[npc_lookclose] true
[npc_name] Adam
[npc_navigating] false
[npc_owner] server
[npc_protected] true
[npc_range] 114.70119
[npc_script] s@DENIZEN
[npc_speed] 1.0
[npc_speed_modifier] 1.0
[npc_teleport_on_stuck] true
[player] p@76f63814-0c07-4888-9a47-8461bc8ce7bb
[player_chat_history] li@
[player_debug] Player='<A>p@Chemical_Datas<G>'
[player_display_name] Chemical_Datas
[player_entity_id] 37
[player_fall_distance] 0.0
[player_is_op] true
[player_item_on_cursor] i@air
[player_list_name] Chemical_Datas
[player_location] -930,45,-632,Hub
[player_money] 0.0
[player_name] Chemical_Datas
[player_open_inventory] in@player[holder=p@76f63814-0c07-4888-9a47-8461bc8ce7bb]
[player_prefix] Player
[player_save_name] 76.76F638140C0748889A478461BC8CE7BB
[player_selected_npc] n@11
[queue] q@WANDER NEARBY_DigitalVidConfused
[queue_commands] li@
[queue_debug] <G>Container='<A>WANDER NEARBY<Y>(TASK)<G>'
[queue_definitions] li@cuboid|range|location|locations|height
[queue_id] WANDER NEARBY_DigitalVidConfused
[queue_script] s@WANDER NEARBY
[queue_size] 0
[queue_speed] d@0t
[queue_state] running
[queue_type] Timed
[script] s@WANDER NEARBY
[script_container_type] TASK
[script_cooled_down] true
[script_debug] <G>Container='<A>WANDER NEARBY<Y>(TASK)<G>'
[script_filename] G:/Vessel Craft Minecraft Server/Vessel Craft Hub/plugins/Denizen/scripts/Vessel-Craft-Denizen-Scripts/Server Npc Scripts/Tasks - NPC Base Sets.yml
[script_name] WANDER NEARBY
[script_prefix] Container
[script_relative_filename] /scripts/Vessel-Craft-Denizen-Scripts/Server Npc Scripts/Tasks - NPC Base Sets.yml
=======Finished with Debug Data=======
