2015-10-18 13:44:46 [WARNING] =======SCRIPTDEBUG=======
Script: [IRC_CONNECTOR] <--- Generated an error.
The message is as follows:
Woah!! An exception has been called with this command!
[queue] q@IRC_CONNECTOR_IsleConsistencyBlogs
[queue_commands] li@FLAG server IRC_Mode:true
[queue_debug] <G>Container='<A>IRC_CONNECTOR<Y>(WORLD)<G>'
[queue_definitions] li@
[queue_id] IRC_CONNECTOR_IsleConsistencyBlogs
[queue_script] s@IRC_CONNECTOR
[queue_size] 1
[queue_speed] d@0t
[queue_state] running
[queue_type] Instant
[script] s@IRC_CONNECTOR
[script_container_type] WORLD
[script_cooled_down] null
[script_debug] <G>Container='<A>IRC_CONNECTOR<Y>(WORLD)<G>'
[script_filename] G:/Vessel Craft Minecraft Server/Vessel Craft Hub/plugins/Denizen/scripts/Vessel-Craft-Denizen-Scripts/Mod Chat Modifications/Denizen IRC Connector.yml
[script_name] IRC_CONNECTOR
[script_prefix] Container
[script_relative_filename] /scripts/Vessel-Craft-Denizen-Scripts/Mod Chat Modifications/Denizen IRC Connector.yml
=======Finished with Debug Data=======
2015-10-18 13:49:33 [WARNING] =======SCRIPTDEBUG=======
Script: [IRC_CONNECTOR] <--- Generated an error.
The message is as follows:
Woah!! An exception has been called with this command!
[queue] q@IRC_CONNECTOR_EightEligibleHabitat
[queue_commands] li@FLAG server IRC_Mode:true
[queue_debug] <G>Container='<A>IRC_CONNECTOR<Y>(WORLD)<G>'
[queue_definitions] li@
[queue_id] IRC_CONNECTOR_EightEligibleHabitat
[queue_script] s@IRC_CONNECTOR
[queue_size] 1
[queue_speed] d@0t
[queue_state] running
[queue_type] Instant
[script] s@IRC_CONNECTOR
[script_container_type] WORLD
[script_cooled_down] null
[script_debug] <G>Container='<A>IRC_CONNECTOR<Y>(WORLD)<G>'
[script_filename] G:/Vessel Craft Minecraft Server/Vessel Craft Hub/plugins/Denizen/scripts/Vessel-Craft-Denizen-Scripts/Mod Chat Modifications/Denizen IRC Connector.yml
[script_name] IRC_CONNECTOR
[script_prefix] Container
[script_relative_filename] /scripts/Vessel-Craft-Denizen-Scripts/Mod Chat Modifications/Denizen IRC Connector.yml
=======Finished with Debug Data=======
2015-10-18 13:51:30 [WARNING] =======SCRIPTDEBUG=======
Script: [IRC_CONNECTOR] <--- Generated an error.
The message is as follows:
Woah!! An exception has been called with this command!
[queue] q@IRC_CONNECTOR_AlignEfBean
[queue_commands] li@FLAG server IRC_Mode:true
[queue_debug] <G>Container='<A>IRC_CONNECTOR<Y>(WORLD)<G>'
[queue_definitions] li@
[queue_id] IRC_CONNECTOR_AlignEfBean
[queue_script] s@IRC_CONNECTOR
[queue_size] 1
[queue_speed] d@0t
[queue_state] running
[queue_type] Instant
[script] s@IRC_CONNECTOR
[script_container_type] WORLD
[script_cooled_down] null
[script_debug] <G>Container='<A>IRC_CONNECTOR<Y>(WORLD)<G>'
[script_filename] G:/Vessel Craft Minecraft Server/Vessel Craft Hub/plugins/Denizen/scripts/Vessel-Craft-Denizen-Scripts/Mod Chat Modifications/Denizen IRC Connector.yml
[script_name] IRC_CONNECTOR
[script_prefix] Container
[script_relative_filename] /scripts/Vessel-Craft-Denizen-Scripts/Mod Chat Modifications/Denizen IRC Connector.yml
=======Finished with Debug Data=======
2015-10-18 13:54:04 [WARNING] =======SCRIPTDEBUG=======
Script: [IRC_CONNECTOR] <--- Generated an error.
The message is as follows:
Woah!! An exception has been called with this command!
[queue] q@IRC_CONNECTOR_DeskTurningCrazy
[queue_commands] li@FLAG server IRC_Mode:true
[queue_debug] <G>Container='<A>IRC_CONNECTOR<Y>(WORLD)<G>'
[queue_definitions] li@
[queue_id] IRC_CONNECTOR_DeskTurningCrazy
[queue_script] s@IRC_CONNECTOR
[queue_size] 1
[queue_speed] d@0t
[queue_state] running
[queue_type] Instant
[script] s@IRC_CONNECTOR
[script_container_type] WORLD
[script_cooled_down] null
[script_debug] <G>Container='<A>IRC_CONNECTOR<Y>(WORLD)<G>'
[script_filename] G:/Vessel Craft Minecraft Server/Vessel Craft Hub/plugins/Denizen/scripts/Vessel-Craft-Denizen-Scripts/Mod Chat Modifications/Denizen IRC Connector.yml
[script_name] IRC_CONNECTOR
[script_prefix] Container
[script_relative_filename] /scripts/Vessel-Craft-Denizen-Scripts/Mod Chat Modifications/Denizen IRC Connector.yml
=======Finished with Debug Data=======
2015-10-18 14:18:43 [WARNING] =======SCRIPTDEBUG=======
Script: [IRC_CONNECTOR] <--- Generated an error.
The message is as follows:
Woah!! An exception has been called with this command!
[queue] q@IRC_CONNECTOR_EstimatesFillingVon
[queue_commands] li@FLAG server IRC_Mode:true
[queue_debug] <G>Container='<A>IRC_CONNECTOR<Y>(WORLD)<G>'
[queue_definitions] li@
[queue_id] IRC_CONNECTOR_EstimatesFillingVon
[queue_script] s@IRC_CONNECTOR
[queue_size] 1
[queue_speed] d@0t
[queue_state] running
[queue_type] Instant
[script] s@IRC_CONNECTOR
[script_container_type] WORLD
[script_cooled_down] null
[script_debug] <G>Container='<A>IRC_CONNECTOR<Y>(WORLD)<G>'
[script_filename] G:/Vessel Craft Minecraft Server/Vessel Craft Hub/plugins/Denizen/scripts/Vessel-Craft-Denizen-Scripts/Mod Chat Modifications/Denizen IRC Connector.yml
[script_name] IRC_CONNECTOR
[script_prefix] Container
[script_relative_filename] /scripts/Vessel-Craft-Denizen-Scripts/Mod Chat Modifications/Denizen IRC Connector.yml
=======Finished with Debug Data=======
2015-10-18 14:20:14 [WARNING] =======SCRIPTDEBUG=======
Script: [IRC_CONNECTOR] <--- Generated an error.
The message is as follows:
Woah!! An exception has been called with this command!
[queue] q@IRC_CONNECTOR_DeputyMelbournePhases
[queue_commands] li@FLAG server IRC_Mode:true
[queue_debug] <G>Container='<A>IRC_CONNECTOR<Y>(WORLD)<G>'
[queue_definitions] li@
[queue_id] IRC_CONNECTOR_DeputyMelbournePhases
[queue_script] s@IRC_CONNECTOR
[queue_size] 1
[queue_speed] d@0t
[queue_state] running
[queue_type] Instant
[script] s@IRC_CONNECTOR
[script_container_type] WORLD
[script_cooled_down] null
[script_debug] <G>Container='<A>IRC_CONNECTOR<Y>(WORLD)<G>'
[script_filename] G:/Vessel Craft Minecraft Server/Vessel Craft Hub/plugins/Denizen/scripts/Vessel-Craft-Denizen-Scripts/Mod Chat Modifications/Denizen IRC Connector.yml
[script_name] IRC_CONNECTOR
[script_prefix] Container
[script_relative_filename] /scripts/Vessel-Craft-Denizen-Scripts/Mod Chat Modifications/Denizen IRC Connector.yml
=======Finished with Debug Data=======
2015-10-18 14:22:03 [WARNING] =======SCRIPTDEBUG=======
Script: [IRC_CONNECTOR] <--- Generated an error.
The message is as follows:
Woah!! An exception has been called with this command!
[queue] q@IRC_CONNECTOR_LeaderAntibodiesWiki
[queue_commands] li@FLAG server IRC_Mode:true
[queue_debug] <G>Container='<A>IRC_CONNECTOR<Y>(WORLD)<G>'
[queue_definitions] li@
[queue_id] IRC_CONNECTOR_LeaderAntibodiesWiki
[queue_script] s@IRC_CONNECTOR
[queue_size] 1
[queue_speed] d@0t
[queue_state] running
[queue_type] Instant
[script] s@IRC_CONNECTOR
[script_container_type] WORLD
[script_cooled_down] null
[script_debug] <G>Container='<A>IRC_CONNECTOR<Y>(WORLD)<G>'
[script_filename] G:/Vessel Craft Minecraft Server/Vessel Craft Hub/plugins/Denizen/scripts/Vessel-Craft-Denizen-Scripts/Mod Chat Modifications/Denizen IRC Connector.yml
[script_name] IRC_CONNECTOR
[script_prefix] Container
[script_relative_filename] /scripts/Vessel-Craft-Denizen-Scripts/Mod Chat Modifications/Denizen IRC Connector.yml
=======Finished with Debug Data=======
2015-10-18 14:25:47 [WARNING] =======SCRIPTDEBUG=======
Script: [IRC_CONNECTOR] <--- Generated an error.
The message is as follows:
Woah!! An exception has been called with this command!
[queue] q@IRC_CONNECTOR_SenateMaybeEmotional
[queue_commands] li@FLAG server IRC_Mode:true
[queue_debug] <G>Container='<A>IRC_CONNECTOR<Y>(WORLD)<G>'
[queue_definitions] li@
[queue_id] IRC_CONNECTOR_SenateMaybeEmotional
[queue_script] s@IRC_CONNECTOR
[queue_size] 1
[queue_speed] d@0t
[queue_state] running
[queue_type] Instant
[script] s@IRC_CONNECTOR
[script_container_type] WORLD
[script_cooled_down] null
[script_debug] <G>Container='<A>IRC_CONNECTOR<Y>(WORLD)<G>'
[script_filename] G:/Vessel Craft Minecraft Server/Vessel Craft Hub/plugins/Denizen/scripts/Vessel-Craft-Denizen-Scripts/Mod Chat Modifications/Denizen IRC Connector.yml
[script_name] IRC_CONNECTOR
[script_prefix] Container
[script_relative_filename] /scripts/Vessel-Craft-Denizen-Scripts/Mod Chat Modifications/Denizen IRC Connector.yml
=======Finished with Debug Data=======
2015-10-18 14:28:15 [WARNING] =======SCRIPTDEBUG=======
Script: [IRC_CONNECTOR] <--- Generated an error.
The message is as follows:
Woah!! An exception has been called with this command!
[queue] q@IRC_CONNECTOR_WarehouseExpandingIdentical
[queue_commands] li@FLAG server IRC_Mode:true
[queue_debug] <G>Container='<A>IRC_CONNECTOR<Y>(WORLD)<G>'
[queue_definitions] li@
[queue_id] IRC_CONNECTOR_WarehouseExpandingIdentical
[queue_script] s@IRC_CONNECTOR
[queue_size] 1
[queue_speed] d@0t
[queue_state] running
[queue_type] Instant
[script] s@IRC_CONNECTOR
[script_container_type] WORLD
[script_cooled_down] null
[script_debug] <G>Container='<A>IRC_CONNECTOR<Y>(WORLD)<G>'
[script_filename] G:/Vessel Craft Minecraft Server/Vessel Craft Hub/plugins/Denizen/scripts/Vessel-Craft-Denizen-Scripts/Mod Chat Modifications/Denizen IRC Connector.yml
[script_name] IRC_CONNECTOR
[script_prefix] Container
[script_relative_filename] /scripts/Vessel-Craft-Denizen-Scripts/Mod Chat Modifications/Denizen IRC Connector.yml
=======Finished with Debug Data=======
2015-10-18 14:33:11 [WARNING] =======SCRIPTDEBUG=======
Script: [IRC_CONNECTOR] <--- Generated an error.
The message is as follows:
Woah!! An exception has been called with this command!
[queue] q@IRC_CONNECTOR_PhysicianSovietConvinced
[queue_commands] li@FLAG server IRC_Mode:true
[queue_debug] <G>Container='<A>IRC_CONNECTOR<Y>(WORLD)<G>'
[queue_definitions] li@
[queue_id] IRC_CONNECTOR_PhysicianSovietConvinced
[queue_script] s@IRC_CONNECTOR
[queue_size] 1
[queue_speed] d@0t
[queue_state] running
[queue_type] Instant
[script] s@IRC_CONNECTOR
[script_container_type] WORLD
[script_cooled_down] null
[script_debug] <G>Container='<A>IRC_CONNECTOR<Y>(WORLD)<G>'
[script_filename] G:/Vessel Craft Minecraft Server/Vessel Craft Hub/plugins/Denizen/scripts/Vessel-Craft-Denizen-Scripts/Mod Chat Modifications/Denizen IRC Connector.yml
[script_name] IRC_CONNECTOR
[script_prefix] Container
[script_relative_filename] /scripts/Vessel-Craft-Denizen-Scripts/Mod Chat Modifications/Denizen IRC Connector.yml
=======Finished with Debug Data=======
2015-10-18 14:34:29 [WARNING] =======SCRIPTDEBUG=======
Script: [IRC_CONNECTOR] <--- Generated an error.
The message is as follows:
Woah!! An exception has been called with this command!
[queue] q@IRC_CONNECTOR_ChallengeVhsConfidentiality
[queue_commands] li@FLAG server IRC_Mode:true
[queue_debug] <G>Container='<A>IRC_CONNECTOR<Y>(WORLD)<G>'
[queue_definitions] li@
[queue_id] IRC_CONNECTOR_ChallengeVhsConfidentiality
[queue_script] s@IRC_CONNECTOR
[queue_size] 1
[queue_speed] d@0t
[queue_state] running
[queue_type] Instant
[script] s@IRC_CONNECTOR
[script_container_type] WORLD
[script_cooled_down] null
[script_debug] <G>Container='<A>IRC_CONNECTOR<Y>(WORLD)<G>'
[script_filename] G:/Vessel Craft Minecraft Server/Vessel Craft Hub/plugins/Denizen/scripts/Vessel-Craft-Denizen-Scripts/Mod Chat Modifications/Denizen IRC Connector.yml
[script_name] IRC_CONNECTOR
[script_prefix] Container
[script_relative_filename] /scripts/Vessel-Craft-Denizen-Scripts/Mod Chat Modifications/Denizen IRC Connector.yml
=======Finished with Debug Data=======
2015-10-20 10:55:46 [WARNING] =======SCRIPTDEBUG=======
Script: [IRC_CONNECTOR] <--- Generated an error.
The message is as follows:
Woah!! An exception has been called with this command!
[queue] q@IRC_CONNECTOR_ViiiTherapeuticPath
[queue_commands] li@FLAG server IRC_Mode:true
[queue_debug] <G>Container='<A>IRC_CONNECTOR<Y>(WORLD)<G>'
[queue_definitions] li@
[queue_id] IRC_CONNECTOR_ViiiTherapeuticPath
[queue_script] s@IRC_CONNECTOR
[queue_size] 1
[queue_speed] d@0t
[queue_state] running
[queue_type] Instant
[script] s@IRC_CONNECTOR
[script_container_type] WORLD
[script_cooled_down] null
[script_debug] <G>Container='<A>IRC_CONNECTOR<Y>(WORLD)<G>'
[script_filename] G:/Vessel Craft Minecraft Server/Vessel Craft Hub/plugins/Denizen/scripts/Vessel-Craft-Denizen-Scripts/Mod Chat Modifications/Denizen IRC Connector.yml
[script_name] IRC_CONNECTOR
[script_prefix] Container
[script_relative_filename] /scripts/Vessel-Craft-Denizen-Scripts/Mod Chat Modifications/Denizen IRC Connector.yml
=======Finished with Debug Data=======
2015-10-22 12:38:24 [WARNING] =======SCRIPTDEBUG=======
Script: [IRC_CONNECTOR] <--- Generated an error.
The message is as follows:
Woah!! An exception has been called with this command!
[queue] q@IRC_CONNECTOR_PartnerGrewDist
[queue_commands] li@FLAG server IRC_Mode:true
[queue_debug] <G>Container='<A>IRC_CONNECTOR<Y>(WORLD)<G>'
[queue_definitions] li@
[queue_id] IRC_CONNECTOR_PartnerGrewDist
[queue_script] s@IRC_CONNECTOR
[queue_size] 1
[queue_speed] d@0t
[queue_state] running
[queue_type] Instant
[script] s@IRC_CONNECTOR
[script_container_type] WORLD
[script_cooled_down] null
[script_debug] <G>Container='<A>IRC_CONNECTOR<Y>(WORLD)<G>'
[script_filename] G:/Vessel Craft Minecraft Server/Vessel Craft Hub/plugins/Denizen/scripts/Vessel-Craft-Denizen-Scripts/Mod Chat Modifications/Denizen IRC Connector.yml
[script_name] IRC_CONNECTOR
[script_prefix] Container
[script_relative_filename] /scripts/Vessel-Craft-Denizen-Scripts/Mod Chat Modifications/Denizen IRC Connector.yml
=======Finished with Debug Data=======
2015-10-24 02:44:35 [WARNING] =======SCRIPTDEBUG=======
Script: [IRC_CONNECTOR] <--- Generated an error.
The message is as follows:
Woah!! An exception has been called with this command!
[queue] q@IRC_CONNECTOR_DuncanRegionColorado
[queue_commands] li@FLAG server IRC_Mode:true
[queue_debug] <G>Container='<A>IRC_CONNECTOR<Y>(WORLD)<G>'
[queue_definitions] li@
[queue_id] IRC_CONNECTOR_DuncanRegionColorado
[queue_script] s@IRC_CONNECTOR
[queue_size] 1
[queue_speed] d@0t
[queue_state] running
[queue_type] Instant
[script] s@IRC_CONNECTOR
[script_container_type] WORLD
[script_cooled_down] null
[script_debug] <G>Container='<A>IRC_CONNECTOR<Y>(WORLD)<G>'
[script_filename] G:/Vessel Craft Minecraft Server/Vessel Craft Hub/plugins/Denizen/scripts/Vessel-Craft-Denizen-Scripts/Mod Chat Modifications/Denizen IRC Connector.yml
[script_name] IRC_CONNECTOR
[script_prefix] Container
[script_relative_filename] /scripts/Vessel-Craft-Denizen-Scripts/Mod Chat Modifications/Denizen IRC Connector.yml
=======Finished with Debug Data=======
2015-10-24 02:45:28 [WARNING] =======SCRIPTDEBUG=======
Script: [IRC_CONNECTOR] <--- Generated an error.
The message is as follows:
Woah!! An exception has been called with this command!
[queue] q@IRC_CONNECTOR_BottomTransparentRosa
[queue_commands] li@FLAG server IRC_Mode:true
[queue_debug] <G>Container='<A>IRC_CONNECTOR<Y>(WORLD)<G>'
[queue_definitions] li@
[queue_id] IRC_CONNECTOR_BottomTransparentRosa
[queue_script] s@IRC_CONNECTOR
[queue_size] 1
[queue_speed] d@0t
[queue_state] running
[queue_type] Instant
[script] s@IRC_CONNECTOR
[script_container_type] WORLD
[script_cooled_down] null
[script_debug] <G>Container='<A>IRC_CONNECTOR<Y>(WORLD)<G>'
[script_filename] G:/Vessel Craft Minecraft Server/Vessel Craft Hub/plugins/Denizen/scripts/Vessel-Craft-Denizen-Scripts/Mod Chat Modifications/Denizen IRC Connector.yml
[script_name] IRC_CONNECTOR
[script_prefix] Container
[script_relative_filename] /scripts/Vessel-Craft-Denizen-Scripts/Mod Chat Modifications/Denizen IRC Connector.yml
=======Finished with Debug Data=======
2015-10-24 02:47:27 [WARNING] =======SCRIPTDEBUG=======
Script: [IRC_CONNECTOR] <--- Generated an error.
The message is as follows:
Woah!! An exception has been called with this command!
[queue] q@IRC_CONNECTOR_IsBannedUtils
[queue_commands] li@FLAG server IRC_Mode:true
[queue_debug] <G>Container='<A>IRC_CONNECTOR<Y>(WORLD)<G>'
[queue_definitions] li@
[queue_id] IRC_CONNECTOR_IsBannedUtils
[queue_script] s@IRC_CONNECTOR
[queue_size] 1
[queue_speed] d@0t
[queue_state] running
[queue_type] Instant
[script] s@IRC_CONNECTOR
[script_container_type] WORLD
[script_cooled_down] null
[script_debug] <G>Container='<A>IRC_CONNECTOR<Y>(WORLD)<G>'
[script_filename] G:/Vessel Craft Minecraft Server/Vessel Craft Hub/plugins/Denizen/scripts/Vessel-Craft-Denizen-Scripts/Mod Chat Modifications/Denizen IRC Connector.yml
[script_name] IRC_CONNECTOR
[script_prefix] Container
[script_relative_filename] /scripts/Vessel-Craft-Denizen-Scripts/Mod Chat Modifications/Denizen IRC Connector.yml
=======Finished with Debug Data=======
2015-10-24 19:37:39 [WARNING] =======SCRIPTDEBUG=======
Script: [IRC_CONNECTOR] <--- Generated an error.
The message is as follows:
Woah!! An exception has been called with this command!
[queue] q@IRC_CONNECTOR_MacromediaCzBusiness
[queue_commands] li@FLAG server IRC_Mode:true
[queue_debug] <G>Container='<A>IRC_CONNECTOR<Y>(WORLD)<G>'
[queue_definitions] li@
[queue_id] IRC_CONNECTOR_MacromediaCzBusiness
[queue_script] s@IRC_CONNECTOR
[queue_size] 1
[queue_speed] d@0t
[queue_state] running
[queue_type] Instant
[script] s@IRC_CONNECTOR
[script_container_type] WORLD
[script_cooled_down] null
[script_debug] <G>Container='<A>IRC_CONNECTOR<Y>(WORLD)<G>'
[script_filename] G:/Vessel Craft Minecraft Server/Vessel Craft Hub/plugins/Denizen/scripts/Vessel-Craft-Denizen-Scripts/Mod Chat Modifications/Denizen IRC Connector.yml
[script_name] IRC_CONNECTOR
[script_prefix] Container
[script_relative_filename] /scripts/Vessel-Craft-Denizen-Scripts/Mod Chat Modifications/Denizen IRC Connector.yml
=======Finished with Debug Data=======
2015-10-24 19:51:07 [WARNING] =======SCRIPTDEBUG=======
Script: [IRC_CONNECTOR] <--- Generated an error.
The message is as follows:
Woah!! An exception has been called with this command!
[queue] q@IRC_CONNECTOR_BenefitsBrConcern
[queue_commands] li@FLAG server IRC_Mode:true
[queue_debug] <G>Container='<A>IRC_CONNECTOR<Y>(WORLD)<G>'
[queue_definitions] li@
[queue_id] IRC_CONNECTOR_BenefitsBrConcern
[queue_script] s@IRC_CONNECTOR
[queue_size] 1
[queue_speed] d@0t
[queue_state] running
[queue_type] Instant
[script] s@IRC_CONNECTOR
[script_container_type] WORLD
[script_cooled_down] null
[script_debug] <G>Container='<A>IRC_CONNECTOR<Y>(WORLD)<G>'
[script_filename] G:/Vessel Craft Minecraft Server/Vessel Craft Hub/plugins/Denizen/scripts/Vessel-Craft-Denizen-Scripts/Mod Chat Modifications/Denizen IRC Connector.yml
[script_name] IRC_CONNECTOR
[script_prefix] Container
[script_relative_filename] /scripts/Vessel-Craft-Denizen-Scripts/Mod Chat Modifications/Denizen IRC Connector.yml
=======Finished with Debug Data=======
2015-10-24 19:51:07 [WARNING] =======SCRIPTDEBUG=======
Script: [IRC_CONNECTOR] <--- Generated an error.
The message is as follows:
Internal exception was thrown!
[queue] q@IRC_CONNECTOR_BenefitsBrConcern
[queue_commands] li@FLAG server IRC_Mode:true
[queue_debug] <G>Container='<A>IRC_CONNECTOR<Y>(WORLD)<G>'
[queue_definitions] li@
[queue_id] IRC_CONNECTOR_BenefitsBrConcern
[queue_script] s@IRC_CONNECTOR
[queue_size] 1
[queue_speed] d@0t
[queue_state] running
[queue_type] Instant
[script] s@IRC_CONNECTOR
[script_container_type] WORLD
[script_cooled_down] null
[script_debug] <G>Container='<A>IRC_CONNECTOR<Y>(WORLD)<G>'
[script_filename] G:/Vessel Craft Minecraft Server/Vessel Craft Hub/plugins/Denizen/scripts/Vessel-Craft-Denizen-Scripts/Mod Chat Modifications/Denizen IRC Connector.yml
[script_name] IRC_CONNECTOR
[script_prefix] Container
[script_relative_filename] /scripts/Vessel-Craft-Denizen-Scripts/Mod Chat Modifications/Denizen IRC Connector.yml
=======Finished with Debug Data=======
2015-10-24 19:54:54 [WARNING] =======SCRIPTDEBUG=======
Script: [IRC_CONNECTOR] <--- Generated an error.
The message is as follows:
Woah!! An exception has been called with this command!
[queue] q@IRC_CONNECTOR_WagonAddedPatterns
[queue_commands] li@FLAG server IRC_Mode:true
[queue_debug] <G>Container='<A>IRC_CONNECTOR<Y>(WORLD)<G>'
[queue_definitions] li@
[queue_id] IRC_CONNECTOR_WagonAddedPatterns
[queue_script] s@IRC_CONNECTOR
[queue_size] 1
[queue_speed] d@0t
[queue_state] running
[queue_type] Instant
[script] s@IRC_CONNECTOR
[script_container_type] WORLD
[script_cooled_down] null
[script_debug] <G>Container='<A>IRC_CONNECTOR<Y>(WORLD)<G>'
[script_filename] G:/Vessel Craft Minecraft Server/Vessel Craft Hub/plugins/Denizen/scripts/Vessel-Craft-Denizen-Scripts/Mod Chat Modifications/Denizen IRC Connector.yml
[script_name] IRC_CONNECTOR
[script_prefix] Container
[script_relative_filename] /scripts/Vessel-Craft-Denizen-Scripts/Mod Chat Modifications/Denizen IRC Connector.yml
=======Finished with Debug Data=======
2015-10-25 19:21:03 [WARNING] =======SCRIPTDEBUG=======
Script: [IRC_CONNECTOR] <--- Generated an error.
The message is as follows:
Woah!! An exception has been called with this command!
[queue] q@IRC_CONNECTOR_RuLimitationLabel
[queue_commands] li@FLAG server IRC_Mode:true
[queue_debug] <G>Container='<A>IRC_CONNECTOR<Y>(WORLD)<G>'
[queue_definitions] li@
[queue_id] IRC_CONNECTOR_RuLimitationLabel
[queue_script] s@IRC_CONNECTOR
[queue_size] 1
[queue_speed] d@0t
[queue_state] running
[queue_type] Instant
[script] s@IRC_CONNECTOR
[script_container_type] WORLD
[script_cooled_down] null
[script_debug] <G>Container='<A>IRC_CONNECTOR<Y>(WORLD)<G>'
[script_filename] G:/Vessel Craft Minecraft Server/Vessel Craft Hub/plugins/Denizen/scripts/Vessel-Craft-Denizen-Scripts/Mod Chat Modifications/Denizen IRC Connector.yml
[script_name] IRC_CONNECTOR
[script_prefix] Container
[script_relative_filename] /scripts/Vessel-Craft-Denizen-Scripts/Mod Chat Modifications/Denizen IRC Connector.yml
=======Finished with Debug Data=======
2015-10-26 16:52:17 [WARNING] =======SCRIPTDEBUG=======
Script: [IRC_CONNECTOR] <--- Generated an error.
The message is as follows:
Woah!! An exception has been called with this command!
[queue] q@IRC_CONNECTOR_DefinitionsNovelNorwegian
[queue_commands] li@FLAG server IRC_Mode:true
[queue_debug] <G>Container='<A>IRC_CONNECTOR<Y>(WORLD)<G>'
[queue_definitions] li@
[queue_id] IRC_CONNECTOR_DefinitionsNovelNorwegian
[queue_script] s@IRC_CONNECTOR
[queue_size] 1
[queue_speed] d@0t
[queue_state] running
[queue_type] Instant
[script] s@IRC_CONNECTOR
[script_container_type] WORLD
[script_cooled_down] null
[script_debug] <G>Container='<A>IRC_CONNECTOR<Y>(WORLD)<G>'
[script_filename] G:/Vessel Craft Minecraft Server/Vessel Craft Hub/plugins/Denizen/scripts/Vessel-Craft-Denizen-Scripts/Mod Chat Modifications/Denizen IRC Connector.yml
[script_name] IRC_CONNECTOR
[script_prefix] Container
[script_relative_filename] /scripts/Vessel-Craft-Denizen-Scripts/Mod Chat Modifications/Denizen IRC Connector.yml
=======Finished with Debug Data=======
2015-10-27 18:11:48 [WARNING] =======SCRIPTDEBUG=======
Script: [IRC_CONNECTOR] <--- Generated an error.
The message is as follows:
Woah!! An exception has been called with this command!
[queue] q@IRC_CONNECTOR_ConsExhibitionsCape
[queue_commands] li@FLAG server IRC_Mode:true
[queue_debug] <G>Container='<A>IRC_CONNECTOR<Y>(WORLD)<G>'
[queue_definitions] li@
[queue_id] IRC_CONNECTOR_ConsExhibitionsCape
[queue_script] s@IRC_CONNECTOR
[queue_size] 1
[queue_speed] d@0t
[queue_state] running
[queue_type] Instant
[script] s@IRC_CONNECTOR
[script_container_type] WORLD
[script_cooled_down] null
[script_debug] <G>Container='<A>IRC_CONNECTOR<Y>(WORLD)<G>'
[script_filename] G:/Vessel Craft Minecraft Server/Vessel Craft Hub/plugins/Denizen/scripts/Vessel-Craft-Denizen-Scripts/Mod Chat Modifications/Denizen IRC Connector.yml
[script_name] IRC_CONNECTOR
[script_prefix] Container
[script_relative_filename] /scripts/Vessel-Craft-Denizen-Scripts/Mod Chat Modifications/Denizen IRC Connector.yml
=======Finished with Debug Data=======
2015-10-28 18:21:48 [WARNING] =======SCRIPTDEBUG=======
Script: [IRC_CONNECTOR] <--- Generated an error.
The message is as follows:
Woah!! An exception has been called with this command!
[queue] q@IRC_CONNECTOR_HerbsBetToddler
[queue_commands] li@FLAG server IRC_Mode:true
[queue_debug] <G>Container='<A>IRC_CONNECTOR<Y>(WORLD)<G>'
[queue_definitions] li@
[queue_id] IRC_CONNECTOR_HerbsBetToddler
[queue_script] s@IRC_CONNECTOR
[queue_size] 1
[queue_speed] d@0t
[queue_state] running
[queue_type] Instant
[script] s@IRC_CONNECTOR
[script_container_type] WORLD
[script_cooled_down] null
[script_debug] <G>Container='<A>IRC_CONNECTOR<Y>(WORLD)<G>'
[script_filename] G:/Vessel Craft Minecraft Server/Vessel Craft Hub/plugins/Denizen/scripts/Vessel-Craft-Denizen-Scripts/Mod Chat Modifications/Denizen IRC Connector.yml
[script_name] IRC_CONNECTOR
[script_prefix] Container
[script_relative_filename] /scripts/Vessel-Craft-Denizen-Scripts/Mod Chat Modifications/Denizen IRC Connector.yml
=======Finished with Debug Data=======
2015-10-29 22:01:26 [WARNING] =======SCRIPTDEBUG=======
Script: [IRC_CONNECTOR] <--- Generated an error.
The message is as follows:
Woah!! An exception has been called with this command!
[queue] q@IRC_CONNECTOR_ItunesCaughtCnet
[queue_commands] li@FLAG server IRC_Mode:true
[queue_debug] <G>Container='<A>IRC_CONNECTOR<Y>(WORLD)<G>'
[queue_definitions] li@
[queue_id] IRC_CONNECTOR_ItunesCaughtCnet
[queue_script] s@IRC_CONNECTOR
[queue_size] 1
[queue_speed] d@0t
[queue_state] running
[queue_type] Instant
[script] s@IRC_CONNECTOR
[script_container_type] WORLD
[script_cooled_down] null
[script_debug] <G>Container='<A>IRC_CONNECTOR<Y>(WORLD)<G>'
[script_filename] G:/Vessel Craft Minecraft Server/Vessel Craft Hub/plugins/Denizen/scripts/Vessel-Craft-Denizen-Scripts/Mod Chat Modifications/Denizen IRC Connector.yml
[script_name] IRC_CONNECTOR
[script_prefix] Container
[script_relative_filename] /scripts/Vessel-Craft-Denizen-Scripts/Mod Chat Modifications/Denizen IRC Connector.yml
=======Finished with Debug Data=======
2015-10-30 11:00:30 [WARNING] =======SCRIPTDEBUG=======
Script: [IRC_CONNECTOR] <--- Generated an error.
The message is as follows:
Woah!! An exception has been called with this command!
[queue] q@IRC_CONNECTOR_DgClassicPosted
[queue_commands] li@FLAG server IRC_Mode:true
[queue_debug] <G>Container='<A>IRC_CONNECTOR<Y>(WORLD)<G>'
[queue_definitions] li@
[queue_id] IRC_CONNECTOR_DgClassicPosted
[queue_script] s@IRC_CONNECTOR
[queue_size] 1
[queue_speed] d@0t
[queue_state] running
[queue_type] Instant
[script] s@IRC_CONNECTOR
[script_container_type] WORLD
[script_cooled_down] null
[script_debug] <G>Container='<A>IRC_CONNECTOR<Y>(WORLD)<G>'
[script_filename] G:/Vessel Craft Minecraft Server/Vessel Craft Hub/plugins/Denizen/scripts/Vessel-Craft-Denizen-Scripts/Mod Chat Modifications/Denizen IRC Connector.yml
[script_name] IRC_CONNECTOR
[script_prefix] Container
[script_relative_filename] /scripts/Vessel-Craft-Denizen-Scripts/Mod Chat Modifications/Denizen IRC Connector.yml
=======Finished with Debug Data=======
2015-10-31 04:30:04 [WARNING] =======SCRIPTDEBUG=======
Script: [IRC_CONNECTOR] <--- Generated an error.
The message is as follows:
Woah!! An exception has been called with this command!
[queue] q@IRC_CONNECTOR_CbsShortlyCondos
[queue_commands] li@FLAG server IRC_Mode:true
[queue_debug] <G>Container='<A>IRC_CONNECTOR<Y>(WORLD)<G>'
[queue_definitions] li@
[queue_id] IRC_CONNECTOR_CbsShortlyCondos
[queue_script] s@IRC_CONNECTOR
[queue_size] 1
[queue_speed] d@0t
[queue_state] running
[queue_type] Instant
[script] s@IRC_CONNECTOR
[script_container_type] WORLD
[script_cooled_down] null
[script_debug] <G>Container='<A>IRC_CONNECTOR<Y>(WORLD)<G>'
[script_filename] G:/Vessel Craft Minecraft Server/Vessel Craft Hub/plugins/Denizen/scripts/Vessel-Craft-Denizen-Scripts/Mod Chat Modifications/Denizen IRC Connector.yml
[script_name] IRC_CONNECTOR
[script_prefix] Container
[script_relative_filename] /scripts/Vessel-Craft-Denizen-Scripts/Mod Chat Modifications/Denizen IRC Connector.yml
=======Finished with Debug Data=======
2015-10-31 15:01:46 [WARNING] =======SCRIPTDEBUG=======
Script: [IRC_CONNECTOR] <--- Generated an error.
The message is as follows:
Woah!! An exception has been called with this command!
[queue] q@IRC_CONNECTOR_GeneratingMineHerbal
[queue_commands] li@FLAG server IRC_Mode:true
[queue_debug] <G>Container='<A>IRC_CONNECTOR<Y>(WORLD)<G>'
[queue_definitions] li@
[queue_id] IRC_CONNECTOR_GeneratingMineHerbal
[queue_script] s@IRC_CONNECTOR
[queue_size] 1
[queue_speed] d@0t
[queue_state] running
[queue_type] Instant
[script] s@IRC_CONNECTOR
[script_container_type] WORLD
[script_cooled_down] null
[script_debug] <G>Container='<A>IRC_CONNECTOR<Y>(WORLD)<G>'
[script_filename] G:/Vessel Craft Minecraft Server/Vessel Craft Hub/plugins/Denizen/scripts/Vessel-Craft-Denizen-Scripts/Mod Chat Modifications/Denizen IRC Connector.yml
[script_name] IRC_CONNECTOR
[script_prefix] Container
[script_relative_filename] /scripts/Vessel-Craft-Denizen-Scripts/Mod Chat Modifications/Denizen IRC Connector.yml
=======Finished with Debug Data=======
2015-10-31 15:13:35 [WARNING] =======SCRIPTDEBUG=======
Script: [IRC_CONNECTOR] <--- Generated an error.
The message is as follows:
Woah!! An exception has been called with this command!
[queue] q@IRC_CONNECTOR_ReceptionNoseStudy
[queue_commands] li@FLAG server IRC_Mode:true
[queue_debug] <G>Container='<A>IRC_CONNECTOR<Y>(WORLD)<G>'
[queue_definitions] li@
[queue_id] IRC_CONNECTOR_ReceptionNoseStudy
[queue_script] s@IRC_CONNECTOR
[queue_size] 1
[queue_speed] d@0t
[queue_state] running
[queue_type] Instant
[script] s@IRC_CONNECTOR
[script_container_type] WORLD
[script_cooled_down] null
[script_debug] <G>Container='<A>IRC_CONNECTOR<Y>(WORLD)<G>'
[script_filename] G:/Vessel Craft Minecraft Server/Vessel Craft Hub/plugins/Denizen/scripts/Vessel-Craft-Denizen-Scripts/Mod Chat Modifications/Denizen IRC Connector.yml
[script_name] IRC_CONNECTOR
[script_prefix] Container
[script_relative_filename] /scripts/Vessel-Craft-Denizen-Scripts/Mod Chat Modifications/Denizen IRC Connector.yml
=======Finished with Debug Data=======
2015-11-01 10:09:08 [WARNING] =======SCRIPTDEBUG=======
Script: [IRC_CONNECTOR] <--- Generated an error.
The message is as follows:
Woah!! An exception has been called with this command!
[queue] q@IRC_CONNECTOR_DaSublimedirectoryAgencies
[queue_commands] li@FLAG server IRC_Mode:true
[queue_debug] <G>Container='<A>IRC_CONNECTOR<Y>(WORLD)<G>'
[queue_definitions] li@
[queue_id] IRC_CONNECTOR_DaSublimedirectoryAgencies
[queue_script] s@IRC_CONNECTOR
[queue_size] 1
[queue_speed] d@0t
[queue_state] running
[queue_type] Instant
[script] s@IRC_CONNECTOR
[script_container_type] WORLD
[script_cooled_down] null
[script_debug] <G>Container='<A>IRC_CONNECTOR<Y>(WORLD)<G>'
[script_filename] G:/Vessel Craft Minecraft Server/Vessel Craft Hub/plugins/Denizen/scripts/Vessel-Craft-Denizen-Scripts/Mod Chat Modifications/Denizen IRC Connector.yml
[script_name] IRC_CONNECTOR
[script_prefix] Container
[script_relative_filename] /scripts/Vessel-Craft-Denizen-Scripts/Mod Chat Modifications/Denizen IRC Connector.yml
=======Finished with Debug Data=======
2015-11-02 17:43:59 [WARNING] =======SCRIPTDEBUG=======
Script: [IRC_CONNECTOR] <--- Generated an error.
The message is as follows:
Woah!! An exception has been called with this command!
[queue] q@IRC_CONNECTOR_FingerInstrumentHigher
[queue_commands] li@FLAG server IRC_Mode:true
[queue_debug] <G>Container='<A>IRC_CONNECTOR<Y>(WORLD)<G>'
[queue_definitions] li@
[queue_id] IRC_CONNECTOR_FingerInstrumentHigher
[queue_script] s@IRC_CONNECTOR
[queue_size] 1
[queue_speed] d@0t
[queue_state] running
[queue_type] Instant
[script] s@IRC_CONNECTOR
[script_container_type] WORLD
[script_cooled_down] null
[script_debug] <G>Container='<A>IRC_CONNECTOR<Y>(WORLD)<G>'
[script_filename] G:/Vessel Craft Minecraft Server/Vessel Craft Hub/plugins/Denizen/scripts/Vessel-Craft-Denizen-Scripts/Mod Chat Modifications/Denizen IRC Connector.yml
[script_name] IRC_CONNECTOR
[script_prefix] Container
[script_relative_filename] /scripts/Vessel-Craft-Denizen-Scripts/Mod Chat Modifications/Denizen IRC Connector.yml
=======Finished with Debug Data=======
2015-11-03 14:24:56 [WARNING] =======SCRIPTDEBUG=======
Script: [IRC_CONNECTOR] <--- Generated an error.
The message is as follows:
Woah!! An exception has been called with this command!
[queue] q@IRC_CONNECTOR_MainSoutheastFoul
[queue_commands] li@FLAG server IRC_Mode:true
[queue_debug] <G>Container='<A>IRC_CONNECTOR<Y>(WORLD)<G>'
[queue_definitions] li@
[queue_id] IRC_CONNECTOR_MainSoutheastFoul
[queue_script] s@IRC_CONNECTOR
[queue_size] 1
[queue_speed] d@0t
[queue_state] running
[queue_type] Instant
[script] s@IRC_CONNECTOR
[script_container_type] WORLD
[script_cooled_down] null
[script_debug] <G>Container='<A>IRC_CONNECTOR<Y>(WORLD)<G>'
[script_filename] G:/Vessel Craft Minecraft Server/Vessel Craft Hub/plugins/Denizen/scripts/Vessel-Craft-Denizen-Scripts/Mod Chat Modifications/Denizen IRC Connector.yml
[script_name] IRC_CONNECTOR
[script_prefix] Container
[script_relative_filename] /scripts/Vessel-Craft-Denizen-Scripts/Mod Chat Modifications/Denizen IRC Connector.yml
=======Finished with Debug Data=======
2015-11-04 14:37:56 [WARNING] =======SCRIPTDEBUG=======
Script: [IRC_CONNECTOR] <--- Generated an error.
The message is as follows:
Woah!! An exception has been called with this command!
[queue] q@IRC_CONNECTOR_FluidHatsJames
[queue_commands] li@FLAG server IRC_Mode:true
[queue_debug] <G>Container='<A>IRC_CONNECTOR<Y>(WORLD)<G>'
[queue_definitions] li@
[queue_id] IRC_CONNECTOR_FluidHatsJames
[queue_script] s@IRC_CONNECTOR
[queue_size] 1
[queue_speed] d@0t
[queue_state] running
[queue_type] Instant
[script] s@IRC_CONNECTOR
[script_container_type] WORLD
[script_cooled_down] null
[script_debug] <G>Container='<A>IRC_CONNECTOR<Y>(WORLD)<G>'
[script_filename] G:/Vessel Craft Minecraft Server/Vessel Craft Hub/plugins/Denizen/scripts/Vessel-Craft-Denizen-Scripts/Mod Chat Modifications/Denizen IRC Connector.yml
[script_name] IRC_CONNECTOR
[script_prefix] Container
[script_relative_filename] /scripts/Vessel-Craft-Denizen-Scripts/Mod Chat Modifications/Denizen IRC Connector.yml
=======Finished with Debug Data=======
2015-11-05 15:39:10 [WARNING] =======SCRIPTDEBUG=======
Script: [IRC_CONNECTOR] <--- Generated an error.
The message is as follows:
Woah!! An exception has been called with this command!
[queue] q@IRC_CONNECTOR_BrazilCanalDiagnosis
[queue_commands] li@FLAG server IRC_Mode:true
[queue_debug] <G>Container='<A>IRC_CONNECTOR<Y>(WORLD)<G>'
[queue_definitions] li@
[queue_id] IRC_CONNECTOR_BrazilCanalDiagnosis
[queue_script] s@IRC_CONNECTOR
[queue_size] 1
[queue_speed] d@0t
[queue_state] running
[queue_type] Instant
[script] s@IRC_CONNECTOR
[script_container_type] WORLD
[script_cooled_down] null
[script_debug] <G>Container='<A>IRC_CONNECTOR<Y>(WORLD)<G>'
[script_filename] G:/Vessel Craft Minecraft Server/Vessel Craft Hub/plugins/Denizen/scripts/Vessel-Craft-Denizen-Scripts/Mod Chat Modifications/Denizen IRC Connector.yml
[script_name] IRC_CONNECTOR
[script_prefix] Container
[script_relative_filename] /scripts/Vessel-Craft-Denizen-Scripts/Mod Chat Modifications/Denizen IRC Connector.yml
=======Finished with Debug Data=======
2015-11-06 16:16:40 [WARNING] =======SCRIPTDEBUG=======
Script: [IRC_CONNECTOR] <--- Generated an error.
The message is as follows:
Woah!! An exception has been called with this command!
[queue] q@IRC_CONNECTOR_SessionsRatSig
[queue_commands] li@FLAG server IRC_Mode:true
[queue_debug] <G>Container='<A>IRC_CONNECTOR<Y>(WORLD)<G>'
[queue_definitions] li@
[queue_id] IRC_CONNECTOR_SessionsRatSig
[queue_script] s@IRC_CONNECTOR
[queue_size] 1
[queue_speed] d@0t
[queue_state] running
[queue_type] Instant
[script] s@IRC_CONNECTOR
[script_container_type] WORLD
[script_cooled_down] null
[script_debug] <G>Container='<A>IRC_CONNECTOR<Y>(WORLD)<G>'
[script_filename] G:/Vessel Craft Minecraft Server/Vessel Craft Hub/plugins/Denizen/scripts/Vessel-Craft-Denizen-Scripts/Mod Chat Modifications/Denizen IRC Connector.yml
[script_name] IRC_CONNECTOR
[script_prefix] Container
[script_relative_filename] /scripts/Vessel-Craft-Denizen-Scripts/Mod Chat Modifications/Denizen IRC Connector.yml
=======Finished with Debug Data=======
2015-11-07 23:48:59 [WARNING] =======SCRIPTDEBUG=======
Script: [IRC_CONNECTOR] <--- Generated an error.
The message is as follows:
Woah!! An exception has been called with this command!
[queue] q@IRC_CONNECTOR_GenerousAndrewPct
[queue_commands] li@FLAG server IRC_Mode:true
[queue_debug] <G>Container='<A>IRC_CONNECTOR<Y>(WORLD)<G>'
[queue_definitions] li@
[queue_id] IRC_CONNECTOR_GenerousAndrewPct
[queue_script] s@IRC_CONNECTOR
[queue_size] 1
[queue_speed] d@0t
[queue_state] running
[queue_type] Instant
[script] s@IRC_CONNECTOR
[script_container_type] WORLD
[script_cooled_down] null
[script_debug] <G>Container='<A>IRC_CONNECTOR<Y>(WORLD)<G>'
[script_filename] G:/Vessel Craft Minecraft Server/Vessel Craft Hub/plugins/Denizen/scripts/Vessel-Craft-Denizen-Scripts/Mod Chat Modifications/Denizen IRC Connector.yml
[script_name] IRC_CONNECTOR
[script_prefix] Container
[script_relative_filename] /scripts/Vessel-Craft-Denizen-Scripts/Mod Chat Modifications/Denizen IRC Connector.yml
=======Finished with Debug Data=======
2015-11-08 19:37:37 [WARNING] =======SCRIPTDEBUG=======
Script: [IRC_CONNECTOR] <--- Generated an error.
The message is as follows:
Woah!! An exception has been called with this command!
[queue] q@IRC_CONNECTOR_GordonDentalEdgar
[queue_commands] li@FLAG server IRC_Mode:true
[queue_debug] <G>Container='<A>IRC_CONNECTOR<Y>(WORLD)<G>'
[queue_definitions] li@
[queue_id] IRC_CONNECTOR_GordonDentalEdgar
[queue_script] s@IRC_CONNECTOR
[queue_size] 1
[queue_speed] d@0t
[queue_state] running
[queue_type] Instant
[script] s@IRC_CONNECTOR
[script_container_type] WORLD
[script_cooled_down] null
[script_debug] <G>Container='<A>IRC_CONNECTOR<Y>(WORLD)<G>'
[script_filename] G:/Vessel Craft Minecraft Server/Vessel Craft Hub/plugins/Denizen/scripts/Vessel-Craft-Denizen-Scripts/Mod Chat Modifications/Denizen IRC Connector.yml
[script_name] IRC_CONNECTOR
[script_prefix] Container
[script_relative_filename] /scripts/Vessel-Craft-Denizen-Scripts/Mod Chat Modifications/Denizen IRC Connector.yml
=======Finished with Debug Data=======
2015-11-09 14:03:22 [WARNING] =======SCRIPTDEBUG=======
Script: [IRC_CONNECTOR] <--- Generated an error.
The message is as follows:
Woah!! An exception has been called with this command!
[queue] q@IRC_CONNECTOR_ChargingStateGel
[queue_commands] li@FLAG server IRC_Mode:true
[queue_debug] <G>Container='<A>IRC_CONNECTOR<Y>(WORLD)<G>'
[queue_definitions] li@
[queue_id] IRC_CONNECTOR_ChargingStateGel
[queue_script] s@IRC_CONNECTOR
[queue_size] 1
[queue_speed] d@0t
[queue_state] running
[queue_type] Instant
[script] s@IRC_CONNECTOR
[script_container_type] WORLD
[script_cooled_down] null
[script_debug] <G>Container='<A>IRC_CONNECTOR<Y>(WORLD)<G>'
[script_filename] G:/Vessel Craft Minecraft Server/Vessel Craft Hub/plugins/Denizen/scripts/Vessel-Craft-Denizen-Scripts/Mod Chat Modifications/Denizen IRC Connector.yml
[script_name] IRC_CONNECTOR
[script_prefix] Container
[script_relative_filename] /scripts/Vessel-Craft-Denizen-Scripts/Mod Chat Modifications/Denizen IRC Connector.yml
=======Finished with Debug Data=======
2015-11-10 10:02:33 [WARNING] =======SCRIPTDEBUG=======
Script: [IRC_CONNECTOR] <--- Generated an error.
The message is as follows:
Woah!! An exception has been called with this command!
[queue] q@IRC_CONNECTOR_CitizensWeddingCarpet
[queue_commands] li@FLAG server IRC_Mode:true
[queue_debug] <G>Container='<A>IRC_CONNECTOR<Y>(WORLD)<G>'
[queue_definitions] li@
[queue_id] IRC_CONNECTOR_CitizensWeddingCarpet
[queue_script] s@IRC_CONNECTOR
[queue_size] 1
[queue_speed] d@0t
[queue_state] running
[queue_type] Instant
[script] s@IRC_CONNECTOR
[script_container_type] WORLD
[script_cooled_down] null
[script_debug] <G>Container='<A>IRC_CONNECTOR<Y>(WORLD)<G>'
[script_filename] G:/Vessel Craft Minecraft Server/Vessel Craft Hub/plugins/Denizen/scripts/Vessel-Craft-Denizen-Scripts/Mod Chat Modifications/Denizen IRC Connector.yml
[script_name] IRC_CONNECTOR
[script_prefix] Container
[script_relative_filename] /scripts/Vessel-Craft-Denizen-Scripts/Mod Chat Modifications/Denizen IRC Connector.yml
=======Finished with Debug Data=======
2015-11-11 10:22:53 [WARNING] =======SCRIPTDEBUG=======
Script: [IRC_CONNECTOR] <--- Generated an error.
The message is as follows:
Woah!! An exception has been called with this command!
[queue] q@IRC_CONNECTOR_SaturnTreasuresAbs
[queue_commands] li@FLAG server IRC_Mode:true
[queue_debug] <G>Container='<A>IRC_CONNECTOR<Y>(WORLD)<G>'
[queue_definitions] li@
[queue_id] IRC_CONNECTOR_SaturnTreasuresAbs
[queue_script] s@IRC_CONNECTOR
[queue_size] 1
[queue_speed] d@0t
[queue_state] running
[queue_type] Instant
[script] s@IRC_CONNECTOR
[script_container_type] WORLD
[script_cooled_down] null
[script_debug] <G>Container='<A>IRC_CONNECTOR<Y>(WORLD)<G>'
[script_filename] G:/Vessel Craft Minecraft Server/Vessel Craft Hub/plugins/Denizen/scripts/Vessel-Craft-Denizen-Scripts/Mod Chat Modifications/Denizen IRC Connector.yml
[script_name] IRC_CONNECTOR
[script_prefix] Container
[script_relative_filename] /scripts/Vessel-Craft-Denizen-Scripts/Mod Chat Modifications/Denizen IRC Connector.yml
=======Finished with Debug Data=======
2015-11-11 13:05:26 [WARNING] =======SCRIPTDEBUG=======
Script: [IRC_CONNECTOR] <--- Generated an error.
The message is as follows:
Woah!! An exception has been called with this command!
[queue] q@IRC_CONNECTOR_JamMarcoKind
[queue_commands] li@FLAG server IRC_Mode:true
[queue_debug] <G>Container='<A>IRC_CONNECTOR<Y>(WORLD)<G>'
[queue_definitions] li@
[queue_id] IRC_CONNECTOR_JamMarcoKind
[queue_script] s@IRC_CONNECTOR
[queue_size] 1
[queue_speed] d@0t
[queue_state] running
[queue_type] Instant
[script] s@IRC_CONNECTOR
[script_container_type] WORLD
[script_cooled_down] null
[script_debug] <G>Container='<A>IRC_CONNECTOR<Y>(WORLD)<G>'
[script_filename] G:/Vessel Craft Minecraft Server/Vessel Craft Hub/plugins/Denizen/scripts/Vessel-Craft-Denizen-Scripts/Mod Chat Modifications/Denizen IRC Connector.yml
[script_name] IRC_CONNECTOR
[script_prefix] Container
[script_relative_filename] /scripts/Vessel-Craft-Denizen-Scripts/Mod Chat Modifications/Denizen IRC Connector.yml
=======Finished with Debug Data=======
2015-11-12 21:01:15 [WARNING] =======SCRIPTDEBUG=======
Script: [IRC_CONNECTOR] <--- Generated an error.
The message is as follows:
Woah!! An exception has been called with this command!
[queue] q@IRC_CONNECTOR_ConferencingKindsCarl
[queue_commands] li@FLAG server IRC_Mode:true
[queue_debug] <G>Container='<A>IRC_CONNECTOR<Y>(WORLD)<G>'
[queue_definitions] li@
[queue_id] IRC_CONNECTOR_ConferencingKindsCarl
[queue_script] s@IRC_CONNECTOR
[queue_size] 1
[queue_speed] d@0t
[queue_state] running
[queue_type] Instant
[script] s@IRC_CONNECTOR
[script_container_type] WORLD
[script_cooled_down] null
[script_debug] <G>Container='<A>IRC_CONNECTOR<Y>(WORLD)<G>'
[script_filename] G:/Vessel Craft Minecraft Server/Vessel Craft Hub/plugins/Denizen/scripts/Vessel-Craft-Denizen-Scripts/Mod Chat Modifications/Denizen IRC Connector.yml
[script_name] IRC_CONNECTOR
[script_prefix] Container
[script_relative_filename] /scripts/Vessel-Craft-Denizen-Scripts/Mod Chat Modifications/Denizen IRC Connector.yml
=======Finished with Debug Data=======
2015-11-14 04:00:51 [WARNING] =======SCRIPTDEBUG=======
Script: [IRC_CONNECTOR] <--- Generated an error.
The message is as follows:
Woah!! An exception has been called with this command!
[queue] q@IRC_CONNECTOR_PhotographClarkYn
[queue_commands] li@FLAG server IRC_Mode:true
[queue_debug] <G>Container='<A>IRC_CONNECTOR<Y>(WORLD)<G>'
[queue_definitions] li@
[queue_id] IRC_CONNECTOR_PhotographClarkYn
[queue_script] s@IRC_CONNECTOR
[queue_size] 1
[queue_speed] d@0t
[queue_state] running
[queue_type] Instant
[script] s@IRC_CONNECTOR
[script_container_type] WORLD
[script_cooled_down] null
[script_debug] <G>Container='<A>IRC_CONNECTOR<Y>(WORLD)<G>'
[script_filename] G:/Vessel Craft Minecraft Server/Vessel Craft Hub/plugins/Denizen/scripts/Vessel-Craft-Denizen-Scripts/Mod Chat Modifications/Denizen IRC Connector.yml
[script_name] IRC_CONNECTOR
[script_prefix] Container
[script_relative_filename] /scripts/Vessel-Craft-Denizen-Scripts/Mod Chat Modifications/Denizen IRC Connector.yml
=======Finished with Debug Data=======
2015-11-15 02:30:24 [WARNING] =======SCRIPTDEBUG=======
Script: [IRC_CONNECTOR] <--- Generated an error.
The message is as follows:
Woah!! An exception has been called with this command!
[queue] q@IRC_CONNECTOR_UniversitiesCgContests
[queue_commands] li@FLAG server IRC_Mode:true
[queue_debug] <G>Container='<A>IRC_CONNECTOR<Y>(WORLD)<G>'
[queue_definitions] li@
[queue_id] IRC_CONNECTOR_UniversitiesCgContests
[queue_script] s@IRC_CONNECTOR
[queue_size] 1
[queue_speed] d@0t
[queue_state] running
[queue_type] Instant
[script] s@IRC_CONNECTOR
[script_container_type] WORLD
[script_cooled_down] null
[script_debug] <G>Container='<A>IRC_CONNECTOR<Y>(WORLD)<G>'
[script_filename] G:/Vessel Craft Minecraft Server/Vessel Craft Hub/plugins/Denizen/scripts/Vessel-Craft-Denizen-Scripts/Mod Chat Modifications/Denizen IRC Connector.yml
[script_name] IRC_CONNECTOR
[script_prefix] Container
[script_relative_filename] /scripts/Vessel-Craft-Denizen-Scripts/Mod Chat Modifications/Denizen IRC Connector.yml
=======Finished with Debug Data=======
2015-11-16 10:15:31 [WARNING] =======SCRIPTDEBUG=======
Script: [IRC_CONNECTOR] <--- Generated an error.
The message is as follows:
Woah!! An exception has been called with this command!
[queue] q@IRC_CONNECTOR_FitsNotificationMls
[queue_commands] li@FLAG server IRC_Mode:true
[queue_debug] <G>Container='<A>IRC_CONNECTOR<Y>(WORLD)<G>'
[queue_definitions] li@
[queue_id] IRC_CONNECTOR_FitsNotificationMls
[queue_script] s@IRC_CONNECTOR
[queue_size] 1
[queue_speed] d@0t
[queue_state] running
[queue_type] Instant
[script] s@IRC_CONNECTOR
[script_container_type] WORLD
[script_cooled_down] null
[script_debug] <G>Container='<A>IRC_CONNECTOR<Y>(WORLD)<G>'
[script_filename] G:/Vessel Craft Minecraft Server/Vessel Craft Hub/plugins/Denizen/scripts/Vessel-Craft-Denizen-Scripts/Mod Chat Modifications/Denizen IRC Connector.yml
[script_name] IRC_CONNECTOR
[script_prefix] Container
[script_relative_filename] /scripts/Vessel-Craft-Denizen-Scripts/Mod Chat Modifications/Denizen IRC Connector.yml
=======Finished with Debug Data=======
2015-11-17 12:23:00 [WARNING] =======SCRIPTDEBUG=======
Script: [IRC_CONNECTOR] <--- Generated an error.
The message is as follows:
Woah!! An exception has been called with this command!
[queue] q@IRC_CONNECTOR_GuruSilentBiology
[queue_commands] li@FLAG server IRC_Mode:true
[queue_debug] <G>Container='<A>IRC_CONNECTOR<Y>(WORLD)<G>'
[queue_definitions] li@
[queue_id] IRC_CONNECTOR_GuruSilentBiology
[queue_script] s@IRC_CONNECTOR
[queue_size] 1
[queue_speed] d@0t
[queue_state] running
[queue_type] Instant
[script] s@IRC_CONNECTOR
[script_container_type] WORLD
[script_cooled_down] null
[script_debug] <G>Container='<A>IRC_CONNECTOR<Y>(WORLD)<G>'
[script_filename] G:/Vessel Craft Minecraft Server/Vessel Craft Hub/plugins/Denizen/scripts/Vessel-Craft-Denizen-Scripts/Mod Chat Modifications/Denizen IRC Connector.yml
[script_name] IRC_CONNECTOR
[script_prefix] Container
[script_relative_filename] /scripts/Vessel-Craft-Denizen-Scripts/Mod Chat Modifications/Denizen IRC Connector.yml
=======Finished with Debug Data=======
2015-11-18 16:30:23 [WARNING] =======SCRIPTDEBUG=======
Script: [IRC_CONNECTOR] <--- Generated an error.
The message is as follows:
Woah!! An exception has been called with this command!
[queue] q@IRC_CONNECTOR_MineRacingOak
[queue_commands] li@FLAG server IRC_Mode:true
[queue_debug] <G>Container='<A>IRC_CONNECTOR<Y>(WORLD)<G>'
[queue_definitions] li@
[queue_id] IRC_CONNECTOR_MineRacingOak
[queue_script] s@IRC_CONNECTOR
[queue_size] 1
[queue_speed] d@0t
[queue_state] running
[queue_type] Instant
[script] s@IRC_CONNECTOR
[script_container_type] WORLD
[script_cooled_down] null
[script_debug] <G>Container='<A>IRC_CONNECTOR<Y>(WORLD)<G>'
[script_filename] G:/Vessel Craft Minecraft Server/Vessel Craft Hub/plugins/Denizen/scripts/Vessel-Craft-Denizen-Scripts/Mod Chat Modifications/Denizen IRC Connector.yml
[script_name] IRC_CONNECTOR
[script_prefix] Container
[script_relative_filename] /scripts/Vessel-Craft-Denizen-Scripts/Mod Chat Modifications/Denizen IRC Connector.yml
=======Finished with Debug Data=======
2015-11-21 12:26:43 [WARNING] =======SCRIPTDEBUG=======
Script: [IRC_CONNECTOR] <--- Generated an error.
The message is as follows:
Woah!! An exception has been called with this command!
[queue] q@IRC_CONNECTOR_AttendPerInquiry
[queue_commands] li@FLAG server IRC_Mode:true
[queue_debug] <G>Container='<A>IRC_CONNECTOR<Y>(WORLD)<G>'
[queue_definitions] li@
[queue_id] IRC_CONNECTOR_AttendPerInquiry
[queue_script] s@IRC_CONNECTOR
[queue_size] 1
[queue_speed] d@0t
[queue_state] running
[queue_type] Instant
[script] s@IRC_CONNECTOR
[script_container_type] WORLD
[script_cooled_down] null
[script_debug] <G>Container='<A>IRC_CONNECTOR<Y>(WORLD)<G>'
[script_filename] G:/Vessel Craft Minecraft Server/Vessel Craft Hub/plugins/Denizen/scripts/Vessel-Craft-Denizen-Scripts/Mod Chat Modifications/Denizen IRC Connector.yml
[script_name] IRC_CONNECTOR
[script_prefix] Container
[script_relative_filename] /scripts/Vessel-Craft-Denizen-Scripts/Mod Chat Modifications/Denizen IRC Connector.yml
=======Finished with Debug Data=======
2015-11-22 09:57:29 [WARNING] =======SCRIPTDEBUG=======
Script: [IRC_CONNECTOR] <--- Generated an error.
The message is as follows:
Woah!! An exception has been called with this command!
[queue] q@IRC_CONNECTOR_RichardsLeonardKeyword
[queue_commands] li@FLAG server IRC_Mode:true
[queue_debug] <G>Container='<A>IRC_CONNECTOR<Y>(WORLD)<G>'
[queue_definitions] li@
[queue_id] IRC_CONNECTOR_RichardsLeonardKeyword
[queue_script] s@IRC_CONNECTOR
[queue_size] 1
[queue_speed] d@0t
[queue_state] running
[queue_type] Instant
[script] s@IRC_CONNECTOR
[script_container_type] WORLD
[script_cooled_down] null
[script_debug] <G>Container='<A>IRC_CONNECTOR<Y>(WORLD)<G>'
[script_filename] G:/Vessel Craft Minecraft Server/Vessel Craft Hub/plugins/Denizen/scripts/Vessel-Craft-Denizen-Scripts/Mod Chat Modifications/Denizen IRC Connector.yml
[script_name] IRC_CONNECTOR
[script_prefix] Container
[script_relative_filename] /scripts/Vessel-Craft-Denizen-Scripts/Mod Chat Modifications/Denizen IRC Connector.yml
=======Finished with Debug Data=======
2015-11-23 07:05:10 [WARNING] =======SCRIPTDEBUG=======
Script: [IRC_CONNECTOR] <--- Generated an error.
The message is as follows:
Woah!! An exception has been called with this command!
[queue] q@IRC_CONNECTOR_RnBatFloor
[queue_commands] li@FLAG server IRC_Mode:true
[queue_debug] <G>Container='<A>IRC_CONNECTOR<Y>(WORLD)<G>'
[queue_definitions] li@
[queue_id] IRC_CONNECTOR_RnBatFloor
[queue_script] s@IRC_CONNECTOR
[queue_size] 1
[queue_speed] d@0t
[queue_state] running
[queue_type] Instant
[script] s@IRC_CONNECTOR
[script_container_type] WORLD
[script_cooled_down] null
[script_debug] <G>Container='<A>IRC_CONNECTOR<Y>(WORLD)<G>'
[script_filename] G:/Vessel Craft Minecraft Server/Vessel Craft Hub/plugins/Denizen/scripts/Vessel-Craft-Denizen-Scripts/Mod Chat Modifications/Denizen IRC Connector.yml
[script_name] IRC_CONNECTOR
[script_prefix] Container
[script_relative_filename] /scripts/Vessel-Craft-Denizen-Scripts/Mod Chat Modifications/Denizen IRC Connector.yml
=======Finished with Debug Data=======
2015-11-24 17:24:19 [WARNING] =======SCRIPTDEBUG=======
Script: [IRC_CONNECTOR] <--- Generated an error.
The message is as follows:
Woah!! An exception has been called with this command!
[queue] q@IRC_CONNECTOR_KneeBethSomewhere
[queue_commands] li@FLAG server IRC_Mode:true
[queue_debug] <G>Container='<A>IRC_CONNECTOR<Y>(WORLD)<G>'
[queue_definitions] li@
[queue_id] IRC_CONNECTOR_KneeBethSomewhere
[queue_script] s@IRC_CONNECTOR
[queue_size] 1
[queue_speed] d@0t
[queue_state] running
[queue_type] Instant
[script] s@IRC_CONNECTOR
[script_container_type] WORLD
[script_cooled_down] null
[script_debug] <G>Container='<A>IRC_CONNECTOR<Y>(WORLD)<G>'
[script_filename] G:/Vessel Craft Minecraft Server/Vessel Craft Hub/plugins/Denizen/scripts/Vessel-Craft-Denizen-Scripts/Mod Chat Modifications/Denizen IRC Connector.yml
[script_name] IRC_CONNECTOR
[script_prefix] Container
[script_relative_filename] /scripts/Vessel-Craft-Denizen-Scripts/Mod Chat Modifications/Denizen IRC Connector.yml
=======Finished with Debug Data=======
2015-11-25 20:09:41 [WARNING] =======SCRIPTDEBUG=======
Script: [IRC_CONNECTOR] <--- Generated an error.
The message is as follows:
Woah!! An exception has been called with this command!
[queue] q@IRC_CONNECTOR_JelsoftPdfAmazon
[queue_commands] li@FLAG server IRC_Mode:true
[queue_debug] <G>Container='<A>IRC_CONNECTOR<Y>(WORLD)<G>'
[queue_definitions] li@
[queue_id] IRC_CONNECTOR_JelsoftPdfAmazon
[queue_script] s@IRC_CONNECTOR
[queue_size] 1
[queue_speed] d@0t
[queue_state] running
[queue_type] Instant
[script] s@IRC_CONNECTOR
[script_container_type] WORLD
[script_cooled_down] null
[script_debug] <G>Container='<A>IRC_CONNECTOR<Y>(WORLD)<G>'
[script_filename] G:/Vessel Craft Minecraft Server/Vessel Craft Hub/plugins/Denizen/scripts/Vessel-Craft-Denizen-Scripts/Mod Chat Modifications/Denizen IRC Connector.yml
[script_name] IRC_CONNECTOR
[script_prefix] Container
[script_relative_filename] /scripts/Vessel-Craft-Denizen-Scripts/Mod Chat Modifications/Denizen IRC Connector.yml
=======Finished with Debug Data=======
2015-11-26 16:23:15 [WARNING] =======SCRIPTDEBUG=======
Script: [IRC_CONNECTOR] <--- Generated an error.
The message is as follows:
Woah!! An exception has been called with this command!
[queue] q@IRC_CONNECTOR_PentiumDomDevelop
[queue_commands] li@FLAG server IRC_Mode:true
[queue_debug] <G>Container='<A>IRC_CONNECTOR<Y>(WORLD)<G>'
[queue_definitions] li@
[queue_id] IRC_CONNECTOR_PentiumDomDevelop
[queue_script] s@IRC_CONNECTOR
[queue_size] 1
[queue_speed] d@0t
[queue_state] running
[queue_type] Instant
[script] s@IRC_CONNECTOR
[script_container_type] WORLD
[script_cooled_down] null
[script_debug] <G>Container='<A>IRC_CONNECTOR<Y>(WORLD)<G>'
[script_filename] G:/Vessel Craft Minecraft Server/Vessel Craft Hub/plugins/Denizen/scripts/Vessel-Craft-Denizen-Scripts/Mod Chat Modifications/Denizen IRC Connector.yml
[script_name] IRC_CONNECTOR
[script_prefix] Container
[script_relative_filename] /scripts/Vessel-Craft-Denizen-Scripts/Mod Chat Modifications/Denizen IRC Connector.yml
=======Finished with Debug Data=======
2015-11-27 09:52:15 [WARNING] =======SCRIPTDEBUG=======
Script: [IRC_CONNECTOR] <--- Generated an error.
The message is as follows:
Woah!! An exception has been called with this command!
[queue] q@IRC_CONNECTOR_EntityHdConservative
[queue_commands] li@FLAG server IRC_Mode:true
[queue_debug] <G>Container='<A>IRC_CONNECTOR<Y>(WORLD)<G>'
[queue_definitions] li@
[queue_id] IRC_CONNECTOR_EntityHdConservative
[queue_script] s@IRC_CONNECTOR
[queue_size] 1
[queue_speed] d@0t
[queue_state] running
[queue_type] Instant
[script] s@IRC_CONNECTOR
[script_container_type] WORLD
[script_cooled_down] null
[script_debug] <G>Container='<A>IRC_CONNECTOR<Y>(WORLD)<G>'
[script_filename] G:/Vessel Craft Minecraft Server/Vessel Craft Hub/plugins/Denizen/scripts/Vessel-Craft-Denizen-Scripts/Mod Chat Modifications/Denizen IRC Connector.yml
[script_name] IRC_CONNECTOR
[script_prefix] Container
[script_relative_filename] /scripts/Vessel-Craft-Denizen-Scripts/Mod Chat Modifications/Denizen IRC Connector.yml
=======Finished with Debug Data=======
2015-11-27 10:07:36 [WARNING] =======SCRIPTDEBUG=======
Script: [IRC_CONNECTOR] <--- Generated an error.
The message is as follows:
Woah!! An exception has been called with this command!
[queue] q@IRC_CONNECTOR_TwoTulsaLawyer
[queue_commands] li@FLAG server IRC_Mode:true
[queue_debug] <G>Container='<A>IRC_CONNECTOR<Y>(WORLD)<G>'
[queue_definitions] li@
[queue_id] IRC_CONNECTOR_TwoTulsaLawyer
[queue_script] s@IRC_CONNECTOR
[queue_size] 1
[queue_speed] d@0t
[queue_state] running
[queue_type] Instant
[script] s@IRC_CONNECTOR
[script_container_type] WORLD
[script_cooled_down] null
[script_debug] <G>Container='<A>IRC_CONNECTOR<Y>(WORLD)<G>'
[script_filename] G:/Vessel Craft Minecraft Server/Vessel Craft Hub/plugins/Denizen/scripts/Vessel-Craft-Denizen-Scripts/Mod Chat Modifications/Denizen IRC Connector.yml
[script_name] IRC_CONNECTOR
[script_prefix] Container
[script_relative_filename] /scripts/Vessel-Craft-Denizen-Scripts/Mod Chat Modifications/Denizen IRC Connector.yml
=======Finished with Debug Data=======
2015-11-28 12:47:45 [WARNING] =======SCRIPTDEBUG=======
Script: [IRC_CONNECTOR] <--- Generated an error.
The message is as follows:
Woah!! An exception has been called with this command!
[queue] q@IRC_CONNECTOR_RapidCondoJackie
[queue_commands] li@FLAG server IRC_Mode:true
[queue_debug] <G>Container='<A>IRC_CONNECTOR<Y>(WORLD)<G>'
[queue_definitions] li@
[queue_id] IRC_CONNECTOR_RapidCondoJackie
[queue_script] s@IRC_CONNECTOR
[queue_size] 1
[queue_speed] d@0t
[queue_state] running
[queue_type] Instant
[script] s@IRC_CONNECTOR
[script_container_type] WORLD
[script_cooled_down] null
[script_debug] <G>Container='<A>IRC_CONNECTOR<Y>(WORLD)<G>'
[script_filename] G:/Vessel Craft Minecraft Server/Vessel Craft Hub/plugins/Denizen/scripts/Vessel-Craft-Denizen-Scripts/Mod Chat Modifications/Denizen IRC Connector.yml
[script_name] IRC_CONNECTOR
[script_prefix] Container
[script_relative_filename] /scripts/Vessel-Craft-Denizen-Scripts/Mod Chat Modifications/Denizen IRC Connector.yml
=======Finished with Debug Data=======
2015-11-29 13:26:22 [WARNING] =======SCRIPTDEBUG=======
Script: [IRC_CONNECTOR] <--- Generated an error.
The message is as follows:
Woah!! An exception has been called with this command!
[queue] q@IRC_CONNECTOR_CalciumOlTransparent
[queue_commands] li@FLAG server IRC_Mode:true
[queue_debug] <G>Container='<A>IRC_CONNECTOR<Y>(WORLD)<G>'
[queue_definitions] li@
[queue_id] IRC_CONNECTOR_CalciumOlTransparent
[queue_script] s@IRC_CONNECTOR
[queue_size] 1
[queue_speed] d@0t
[queue_state] running
[queue_type] Instant
[script] s@IRC_CONNECTOR
[script_container_type] WORLD
[script_cooled_down] null
[script_debug] <G>Container='<A>IRC_CONNECTOR<Y>(WORLD)<G>'
[script_filename] G:/Vessel Craft Minecraft Server/Vessel Craft Hub/plugins/Denizen/scripts/Vessel-Craft-Denizen-Scripts/Mod Chat Modifications/Denizen IRC Connector.yml
[script_name] IRC_CONNECTOR
[script_prefix] Container
[script_relative_filename] /scripts/Vessel-Craft-Denizen-Scripts/Mod Chat Modifications/Denizen IRC Connector.yml
=======Finished with Debug Data=======
2015-11-30 10:38:00 [WARNING] =======SCRIPTDEBUG=======
Script: [IRC_CONNECTOR] <--- Generated an error.
The message is as follows:
Woah!! An exception has been called with this command!
[queue] q@IRC_CONNECTOR_ChoseDesignCrafts
[queue_commands] li@FLAG server IRC_Mode:true
[queue_debug] <G>Container='<A>IRC_CONNECTOR<Y>(WORLD)<G>'
[queue_definitions] li@
[queue_id] IRC_CONNECTOR_ChoseDesignCrafts
[queue_script] s@IRC_CONNECTOR
[queue_size] 1
[queue_speed] d@0t
[queue_state] running
[queue_type] Instant
[script] s@IRC_CONNECTOR
[script_container_type] WORLD
[script_cooled_down] null
[script_debug] <G>Container='<A>IRC_CONNECTOR<Y>(WORLD)<G>'
[script_filename] G:/Vessel Craft Minecraft Server/Vessel Craft Hub/plugins/Denizen/scripts/Vessel-Craft-Denizen-Scripts/Mod Chat Modifications/Denizen IRC Connector.yml
[script_name] IRC_CONNECTOR
[script_prefix] Container
[script_relative_filename] /scripts/Vessel-Craft-Denizen-Scripts/Mod Chat Modifications/Denizen IRC Connector.yml
=======Finished with Debug Data=======
2015-12-01 14:29:24 [WARNING] =======SCRIPTDEBUG=======
Script: [IRC_CONNECTOR] <--- Generated an error.
The message is as follows:
Woah!! An exception has been called with this command!
[queue] q@IRC_CONNECTOR_DenizenReplicaProtest
[queue_commands] li@FLAG server IRC_Mode:true
[queue_debug] <G>Container='<A>IRC_CONNECTOR<Y>(WORLD)<G>'
[queue_definitions] li@
[queue_id] IRC_CONNECTOR_DenizenReplicaProtest
[queue_script] s@IRC_CONNECTOR
[queue_size] 1
[queue_speed] d@0t
[queue_state] running
[queue_type] Instant
[script] s@IRC_CONNECTOR
[script_container_type] WORLD
[script_cooled_down] null
[script_debug] <G>Container='<A>IRC_CONNECTOR<Y>(WORLD)<G>'
[script_filename] G:/Vessel Craft Minecraft Server/Vessel Craft Hub/plugins/Denizen/scripts/Vessel-Craft-Denizen-Scripts/Mod Chat Modifications/Denizen IRC Connector.yml
[script_name] IRC_CONNECTOR
[script_prefix] Container
[script_relative_filename] /scripts/Vessel-Craft-Denizen-Scripts/Mod Chat Modifications/Denizen IRC Connector.yml
=======Finished with Debug Data=======
2015-12-02 22:29:41 [WARNING] =======SCRIPTDEBUG=======
Script: [IRC_CONNECTOR] <--- Generated an error.
The message is as follows:
Woah!! An exception has been called with this command!
[queue] q@IRC_CONNECTOR_AlteredInterferenceElse
[queue_commands] li@FLAG server IRC_Mode:true
[queue_debug] <G>Container='<A>IRC_CONNECTOR<Y>(WORLD)<G>'
[queue_definitions] li@
[queue_id] IRC_CONNECTOR_AlteredInterferenceElse
[queue_script] s@IRC_CONNECTOR
[queue_size] 1
[queue_speed] d@0t
[queue_state] running
[queue_type] Instant
[script] s@IRC_CONNECTOR
[script_container_type] WORLD
[script_cooled_down] null
[script_debug] <G>Container='<A>IRC_CONNECTOR<Y>(WORLD)<G>'
[script_filename] G:/Vessel Craft Minecraft Server/Vessel Craft Hub/plugins/Denizen/scripts/Vessel-Craft-Denizen-Scripts/Mod Chat Modifications/Denizen IRC Connector.yml
[script_name] IRC_CONNECTOR
[script_prefix] Container
[script_relative_filename] /scripts/Vessel-Craft-Denizen-Scripts/Mod Chat Modifications/Denizen IRC Connector.yml
=======Finished with Debug Data=======
2015-12-03 23:33:25 [WARNING] =======SCRIPTDEBUG=======
Script: [IRC_CONNECTOR] <--- Generated an error.
The message is as follows:
Woah!! An exception has been called with this command!
[queue] q@IRC_CONNECTOR_MunichJulianCitizens
[queue_commands] li@FLAG server IRC_Mode:true
[queue_debug] <G>Container='<A>IRC_CONNECTOR<Y>(WORLD)<G>'
[queue_definitions] li@
[queue_id] IRC_CONNECTOR_MunichJulianCitizens
[queue_script] s@IRC_CONNECTOR
[queue_size] 1
[queue_speed] d@0t
[queue_state] running
[queue_type] Instant
[script] s@IRC_CONNECTOR
[script_container_type] WORLD
[script_cooled_down] null
[script_debug] <G>Container='<A>IRC_CONNECTOR<Y>(WORLD)<G>'
[script_filename] G:/Vessel Craft Minecraft Server/Vessel Craft Hub/plugins/Denizen/scripts/Vessel-Craft-Denizen-Scripts/Mod Chat Modifications/Denizen IRC Connector.yml
[script_name] IRC_CONNECTOR
[script_prefix] Container
[script_relative_filename] /scripts/Vessel-Craft-Denizen-Scripts/Mod Chat Modifications/Denizen IRC Connector.yml
=======Finished with Debug Data=======
2015-12-04 12:02:38 [WARNING] =======SCRIPTDEBUG=======
Script: [IRC_CONNECTOR] <--- Generated an error.
The message is as follows:
Woah!! An exception has been called with this command!
[queue] q@IRC_CONNECTOR_SonsChannelMyself
[queue_commands] li@FLAG server IRC_Mode:true
[queue_debug] <G>Container='<A>IRC_CONNECTOR<Y>(WORLD)<G>'
[queue_definitions] li@
[queue_id] IRC_CONNECTOR_SonsChannelMyself
[queue_script] s@IRC_CONNECTOR
[queue_size] 1
[queue_speed] d@0t
[queue_state] running
[queue_type] Instant
[script] s@IRC_CONNECTOR
[script_container_type] WORLD
[script_cooled_down] null
[script_debug] <G>Container='<A>IRC_CONNECTOR<Y>(WORLD)<G>'
[script_filename] G:/Vessel Craft Minecraft Server/Vessel Craft Hub/plugins/Denizen/scripts/Vessel-Craft-Denizen-Scripts/Mod Chat Modifications/Denizen IRC Connector.yml
[script_name] IRC_CONNECTOR
[script_prefix] Container
[script_relative_filename] /scripts/Vessel-Craft-Denizen-Scripts/Mod Chat Modifications/Denizen IRC Connector.yml
=======Finished with Debug Data=======
2015-12-04 16:50:46 [WARNING] =======SCRIPTDEBUG=======
Script: [IRC_CONNECTOR] <--- Generated an error.
The message is as follows:
Woah!! An exception has been called with this command!
[queue] q@IRC_CONNECTOR_PersianFrequentlyComplimentary
[queue_commands] li@FLAG server IRC_Mode:true
[queue_debug] <G>Container='<A>IRC_CONNECTOR<Y>(WORLD)<G>'
[queue_definitions] li@
[queue_id] IRC_CONNECTOR_PersianFrequentlyComplimentary
[queue_script] s@IRC_CONNECTOR
[queue_size] 1
[queue_speed] d@0t
[queue_state] running
[queue_type] Instant
[script] s@IRC_CONNECTOR
[script_container_type] WORLD
[script_cooled_down] null
[script_debug] <G>Container='<A>IRC_CONNECTOR<Y>(WORLD)<G>'
[script_filename] G:/Vessel Craft Minecraft Server/Vessel Craft Hub/plugins/Denizen/scripts/Vessel-Craft-Denizen-Scripts/Mod Chat Modifications/Denizen IRC Connector.yml
[script_name] IRC_CONNECTOR
[script_prefix] Container
[script_relative_filename] /scripts/Vessel-Craft-Denizen-Scripts/Mod Chat Modifications/Denizen IRC Connector.yml
=======Finished with Debug Data=======
2015-12-05 14:33:45 [WARNING] =======SCRIPTDEBUG=======
Script: [IRC_CONNECTOR] <--- Generated an error.
The message is as follows:
Woah!! An exception has been called with this command!
[queue] q@IRC_CONNECTOR_CitizensYourCorrect
[queue_commands] li@FLAG server IRC_Mode:true
[queue_debug] <G>Container='<A>IRC_CONNECTOR<Y>(WORLD)<G>'
[queue_definitions] li@
[queue_id] IRC_CONNECTOR_CitizensYourCorrect
[queue_script] s@IRC_CONNECTOR
[queue_size] 1
[queue_speed] d@0t
[queue_state] running
[queue_type] Instant
[script] s@IRC_CONNECTOR
[script_container_type] WORLD
[script_cooled_down] null
[script_debug] <G>Container='<A>IRC_CONNECTOR<Y>(WORLD)<G>'
[script_filename] G:/Vessel Craft Minecraft Server/Vessel Craft Hub/plugins/Denizen/scripts/Vessel-Craft-Denizen-Scripts/Mod Chat Modifications/Denizen IRC Connector.yml
[script_name] IRC_CONNECTOR
[script_prefix] Container
[script_relative_filename] /scripts/Vessel-Craft-Denizen-Scripts/Mod Chat Modifications/Denizen IRC Connector.yml
=======Finished with Debug Data=======
2015-12-06 18:13:24 [WARNING] =======SCRIPTDEBUG=======
Script: [IRC_CONNECTOR] <--- Generated an error.
The message is as follows:
Woah!! An exception has been called with this command!
[queue] q@IRC_CONNECTOR_OfflineProudTones
[queue_commands] li@FLAG server IRC_Mode:true
[queue_debug] <G>Container='<A>IRC_CONNECTOR<Y>(WORLD)<G>'
[queue_definitions] li@
[queue_id] IRC_CONNECTOR_OfflineProudTones
[queue_script] s@IRC_CONNECTOR
[queue_size] 1
[queue_speed] d@0t
[queue_state] running
[queue_type] Instant
[script] s@IRC_CONNECTOR
[script_container_type] WORLD
[script_cooled_down] null
[script_debug] <G>Container='<A>IRC_CONNECTOR<Y>(WORLD)<G>'
[script_filename] G:/Vessel Craft Minecraft Server/Vessel Craft Hub/plugins/Denizen/scripts/Vessel-Craft-Denizen-Scripts/Mod Chat Modifications/Denizen IRC Connector.yml
[script_name] IRC_CONNECTOR
[script_prefix] Container
[script_relative_filename] /scripts/Vessel-Craft-Denizen-Scripts/Mod Chat Modifications/Denizen IRC Connector.yml
=======Finished with Debug Data=======
2015-12-08 01:08:25 [WARNING] =======SCRIPTDEBUG=======
Script: [IRC_CONNECTOR] <--- Generated an error.
The message is as follows:
Woah!! An exception has been called with this command!
[queue] q@IRC_CONNECTOR_FrequentlyBhutanBackground
[queue_commands] li@FLAG server IRC_Mode:true
[queue_debug] <G>Container='<A>IRC_CONNECTOR<Y>(WORLD)<G>'
[queue_definitions] li@
[queue_id] IRC_CONNECTOR_FrequentlyBhutanBackground
[queue_script] s@IRC_CONNECTOR
[queue_size] 1
[queue_speed] d@0t
[queue_state] running
[queue_type] Instant
[script] s@IRC_CONNECTOR
[script_container_type] WORLD
[script_cooled_down] null
[script_debug] <G>Container='<A>IRC_CONNECTOR<Y>(WORLD)<G>'
[script_filename] G:/Vessel Craft Minecraft Server/Vessel Craft Hub/plugins/Denizen/scripts/Vessel-Craft-Denizen-Scripts/Mod Chat Modifications/Denizen IRC Connector.yml
[script_name] IRC_CONNECTOR
[script_prefix] Container
[script_relative_filename] /scripts/Vessel-Craft-Denizen-Scripts/Mod Chat Modifications/Denizen IRC Connector.yml
=======Finished with Debug Data=======
2015-12-09 08:52:41 [WARNING] =======SCRIPTDEBUG=======
Script: [IRC_CONNECTOR] <--- Generated an error.
The message is as follows:
Woah!! An exception has been called with this command!
[queue] q@IRC_CONNECTOR_FingerMineAdvocate
[queue_commands] li@FLAG server IRC_Mode:true
[queue_debug] <G>Container='<A>IRC_CONNECTOR<Y>(WORLD)<G>'
[queue_definitions] li@
[queue_id] IRC_CONNECTOR_FingerMineAdvocate
[queue_script] s@IRC_CONNECTOR
[queue_size] 1
[queue_speed] d@0t
[queue_state] running
[queue_type] Instant
[script] s@IRC_CONNECTOR
[script_container_type] WORLD
[script_cooled_down] null
[script_debug] <G>Container='<A>IRC_CONNECTOR<Y>(WORLD)<G>'
[script_filename] G:/Vessel Craft Minecraft Server/Vessel Craft Hub/plugins/Denizen/scripts/Vessel-Craft-Denizen-Scripts/Mod Chat Modifications/Denizen IRC Connector.yml
[script_name] IRC_CONNECTOR
[script_prefix] Container
[script_relative_filename] /scripts/Vessel-Craft-Denizen-Scripts/Mod Chat Modifications/Denizen IRC Connector.yml
=======Finished with Debug Data=======
2015-12-10 11:14:07 [WARNING] =======SCRIPTDEBUG=======
Script: [IRC_CONNECTOR] <--- Generated an error.
The message is as follows:
Woah!! An exception has been called with this command!
[queue] q@IRC_CONNECTOR_QuebecMountingLogitech
[queue_commands] li@FLAG server IRC_Mode:true
[queue_debug] <G>Container='<A>IRC_CONNECTOR<Y>(WORLD)<G>'
[queue_definitions] li@
[queue_id] IRC_CONNECTOR_QuebecMountingLogitech
[queue_script] s@IRC_CONNECTOR
[queue_size] 1
[queue_speed] d@0t
[queue_state] running
[queue_type] Instant
[script] s@IRC_CONNECTOR
[script_container_type] WORLD
[script_cooled_down] null
[script_debug] <G>Container='<A>IRC_CONNECTOR<Y>(WORLD)<G>'
[script_filename] G:/Vessel Craft Minecraft Server/Vessel Craft Hub/plugins/Denizen/scripts/Vessel-Craft-Denizen-Scripts/Mod Chat Modifications/Denizen IRC Connector.yml
[script_name] IRC_CONNECTOR
[script_prefix] Container
[script_relative_filename] /scripts/Vessel-Craft-Denizen-Scripts/Mod Chat Modifications/Denizen IRC Connector.yml
=======Finished with Debug Data=======
2015-12-11 03:43:25 [WARNING] =======SCRIPTDEBUG=======
Script: [IRC_CONNECTOR] <--- Generated an error.
The message is as follows:
Woah!! An exception has been called with this command!
[queue] q@IRC_CONNECTOR_AlthoughNintendoBracelets
[queue_commands] li@FLAG server IRC_Mode:true
[queue_debug] <G>Container='<A>IRC_CONNECTOR<Y>(WORLD)<G>'
[queue_definitions] li@
[queue_id] IRC_CONNECTOR_AlthoughNintendoBracelets
[queue_script] s@IRC_CONNECTOR
[queue_size] 1
[queue_speed] d@0t
[queue_state] running
[queue_type] Instant
[script] s@IRC_CONNECTOR
[script_container_type] WORLD
[script_cooled_down] null
[script_debug] <G>Container='<A>IRC_CONNECTOR<Y>(WORLD)<G>'
[script_filename] G:/Vessel Craft Minecraft Server/Vessel Craft Hub/plugins/Denizen/scripts/Vessel-Craft-Denizen-Scripts/Mod Chat Modifications/Denizen IRC Connector.yml
[script_name] IRC_CONNECTOR
[script_prefix] Container
[script_relative_filename] /scripts/Vessel-Craft-Denizen-Scripts/Mod Chat Modifications/Denizen IRC Connector.yml
=======Finished with Debug Data=======
2015-12-11 15:29:26 [WARNING] =======SCRIPTDEBUG=======
Script: [IRC_CONNECTOR] <--- Generated an error.
The message is as follows:
Woah!! An exception has been called with this command!
[queue] q@IRC_CONNECTOR_MelissaGuideSurprising
[queue_commands] li@FLAG server IRC_Mode:true
[queue_debug] <G>Container='<A>IRC_CONNECTOR<Y>(WORLD)<G>'
[queue_definitions] li@
[queue_id] IRC_CONNECTOR_MelissaGuideSurprising
[queue_script] s@IRC_CONNECTOR
[queue_size] 1
[queue_speed] d@0t
[queue_state] running
[queue_type] Instant
[script] s@IRC_CONNECTOR
[script_container_type] WORLD
[script_cooled_down] null
[script_debug] <G>Container='<A>IRC_CONNECTOR<Y>(WORLD)<G>'
[script_filename] G:/Vessel Craft Minecraft Server/Vessel Craft Hub/plugins/Denizen/scripts/Vessel-Craft-Denizen-Scripts/Mod Chat Modifications/Denizen IRC Connector.yml
[script_name] IRC_CONNECTOR
[script_prefix] Container
[script_relative_filename] /scripts/Vessel-Craft-Denizen-Scripts/Mod Chat Modifications/Denizen IRC Connector.yml
=======Finished with Debug Data=======
2015-12-12 09:14:33 [WARNING] =======SCRIPTDEBUG=======
Script: [IRC_CONNECTOR] <--- Generated an error.
The message is as follows:
Woah!! An exception has been called with this command!
[queue] q@IRC_CONNECTOR_MarketBangkokChicken
[queue_commands] li@FLAG server IRC_Mode:true
[queue_debug] <G>Container='<A>IRC_CONNECTOR<Y>(WORLD)<G>'
[queue_definitions] li@
[queue_id] IRC_CONNECTOR_MarketBangkokChicken
[queue_script] s@IRC_CONNECTOR
[queue_size] 1
[queue_speed] d@0t
[queue_state] running
[queue_type] Instant
[script] s@IRC_CONNECTOR
[script_container_type] WORLD
[script_cooled_down] null
[script_debug] <G>Container='<A>IRC_CONNECTOR<Y>(WORLD)<G>'
[script_filename] G:/Vessel Craft Minecraft Server/Vessel Craft Hub/plugins/Denizen/scripts/Vessel-Craft-Denizen-Scripts/Mod Chat Modifications/Denizen IRC Connector.yml
[script_name] IRC_CONNECTOR
[script_prefix] Container
[script_relative_filename] /scripts/Vessel-Craft-Denizen-Scripts/Mod Chat Modifications/Denizen IRC Connector.yml
=======Finished with Debug Data=======
2015-12-13 05:08:40 [WARNING] =======SCRIPTDEBUG=======
Script: [IRC_CONNECTOR] <--- Generated an error.
The message is as follows:
Woah!! An exception has been called with this command!
[queue] q@IRC_CONNECTOR_DumbChemistryExclusion
[queue_commands] li@FLAG server IRC_Mode:true
[queue_debug] <G>Container='<A>IRC_CONNECTOR<Y>(WORLD)<G>'
[queue_definitions] li@
[queue_id] IRC_CONNECTOR_DumbChemistryExclusion
[queue_script] s@IRC_CONNECTOR
[queue_size] 1
[queue_speed] d@0t
[queue_state] running
[queue_type] Instant
[script] s@IRC_CONNECTOR
[script_container_type] WORLD
[script_cooled_down] null
[script_debug] <G>Container='<A>IRC_CONNECTOR<Y>(WORLD)<G>'
[script_filename] G:/Vessel Craft Minecraft Server/Vessel Craft Hub/plugins/Denizen/scripts/Vessel-Craft-Denizen-Scripts/Mod Chat Modifications/Denizen IRC Connector.yml
[script_name] IRC_CONNECTOR
[script_prefix] Container
[script_relative_filename] /scripts/Vessel-Craft-Denizen-Scripts/Mod Chat Modifications/Denizen IRC Connector.yml
=======Finished with Debug Data=======
2015-12-14 08:18:02 [WARNING] =======SCRIPTDEBUG=======
Script: [IRC_CONNECTOR] <--- Generated an error.
The message is as follows:
Woah!! An exception has been called with this command!
[queue] q@IRC_CONNECTOR_DenizenCopperWay
[queue_commands] li@FLAG server IRC_Mode:true
[queue_debug] <G>Container='<A>IRC_CONNECTOR<Y>(WORLD)<G>'
[queue_definitions] li@
[queue_id] IRC_CONNECTOR_DenizenCopperWay
[queue_script] s@IRC_CONNECTOR
[queue_size] 1
[queue_speed] d@0t
[queue_state] running
[queue_type] Instant
[script] s@IRC_CONNECTOR
[script_container_type] WORLD
[script_cooled_down] null
[script_debug] <G>Container='<A>IRC_CONNECTOR<Y>(WORLD)<G>'
[script_filename] G:/Vessel Craft Minecraft Server/Vessel Craft Hub/plugins/Denizen/scripts/Vessel-Craft-Denizen-Scripts/Mod Chat Modifications/Denizen IRC Connector.yml
[script_name] IRC_CONNECTOR
[script_prefix] Container
[script_relative_filename] /scripts/Vessel-Craft-Denizen-Scripts/Mod Chat Modifications/Denizen IRC Connector.yml
=======Finished with Debug Data=======
2015-12-15 10:37:31 [WARNING] =======SCRIPTDEBUG=======
Script: [IRC_CONNECTOR] <--- Generated an error.
The message is as follows:
Woah!! An exception has been called with this command!
[queue] q@IRC_CONNECTOR_OperationsLbsEngagement
[queue_commands] li@FLAG server IRC_Mode:true
[queue_debug] <G>Container='<A>IRC_CONNECTOR<Y>(WORLD)<G>'
[queue_definitions] li@
[queue_id] IRC_CONNECTOR_OperationsLbsEngagement
[queue_script] s@IRC_CONNECTOR
[queue_size] 1
[queue_speed] d@0t
[queue_state] running
[queue_type] Instant
[script] s@IRC_CONNECTOR
[script_container_type] WORLD
[script_cooled_down] null
[script_debug] <G>Container='<A>IRC_CONNECTOR<Y>(WORLD)<G>'
[script_filename] G:/Vessel Craft Minecraft Server/Vessel Craft Hub/plugins/Denizen/scripts/Vessel-Craft-Denizen-Scripts/Mod Chat Modifications/Denizen IRC Connector.yml
[script_name] IRC_CONNECTOR
[script_prefix] Container
[script_relative_filename] /scripts/Vessel-Craft-Denizen-Scripts/Mod Chat Modifications/Denizen IRC Connector.yml
=======Finished with Debug Data=======
2015-12-16 07:37:35 [WARNING] =======SCRIPTDEBUG=======
Script: [IRC_CONNECTOR] <--- Generated an error.
The message is as follows:
Woah!! An exception has been called with this command!
[queue] q@IRC_CONNECTOR_AccordanceAntivirusWishlist
[queue_commands] li@FLAG server IRC_Mode:true
[queue_debug] <G>Container='<A>IRC_CONNECTOR<Y>(WORLD)<G>'
[queue_definitions] li@
[queue_id] IRC_CONNECTOR_AccordanceAntivirusWishlist
[queue_script] s@IRC_CONNECTOR
[queue_size] 1
[queue_speed] d@0t
[queue_state] running
[queue_type] Instant
[script] s@IRC_CONNECTOR
[script_container_type] WORLD
[script_cooled_down] null
[script_debug] <G>Container='<A>IRC_CONNECTOR<Y>(WORLD)<G>'
[script_filename] G:/Vessel Craft Minecraft Server/Vessel Craft Hub/plugins/Denizen/scripts/Vessel-Craft-Denizen-Scripts/Mod Chat Modifications/Denizen IRC Connector.yml
[script_name] IRC_CONNECTOR
[script_prefix] Container
[script_relative_filename] /scripts/Vessel-Craft-Denizen-Scripts/Mod Chat Modifications/Denizen IRC Connector.yml
=======Finished with Debug Data=======
2015-12-16 11:56:05 [WARNING] =======SCRIPTDEBUG=======
Script: [IRC_CONNECTOR] <--- Generated an error.
The message is as follows:
Woah!! An exception has been called with this command!
[queue] q@IRC_CONNECTOR_VerdeUnixTamil
[queue_commands] li@FLAG server IRC_Mode:true
[queue_debug] <G>Container='<A>IRC_CONNECTOR<Y>(WORLD)<G>'
[queue_definitions] li@
[queue_id] IRC_CONNECTOR_VerdeUnixTamil
[queue_script] s@IRC_CONNECTOR
[queue_size] 1
[queue_speed] d@0t
[queue_state] running
[queue_type] Instant
[script] s@IRC_CONNECTOR
[script_container_type] WORLD
[script_cooled_down] null
[script_debug] <G>Container='<A>IRC_CONNECTOR<Y>(WORLD)<G>'
[script_filename] G:/Vessel Craft Minecraft Server/Vessel Craft Hub/plugins/Denizen/scripts/Vessel-Craft-Denizen-Scripts/Mod Chat Modifications/Denizen IRC Connector.yml
[script_name] IRC_CONNECTOR
[script_prefix] Container
[script_relative_filename] /scripts/Vessel-Craft-Denizen-Scripts/Mod Chat Modifications/Denizen IRC Connector.yml
=======Finished with Debug Data=======
2015-12-16 11:58:50 [WARNING] =======SCRIPTDEBUG=======
Script: [IRC_CONNECTOR] <--- Generated an error.
The message is as follows:
Woah!! An exception has been called with this command!
[queue] q@IRC_CONNECTOR_WearingOfficialTwiki
[queue_commands] li@FLAG server IRC_Mode:true
[queue_debug] <G>Container='<A>IRC_CONNECTOR<Y>(WORLD)<G>'
[queue_definitions] li@
[queue_id] IRC_CONNECTOR_WearingOfficialTwiki
[queue_script] s@IRC_CONNECTOR
[queue_size] 1
[queue_speed] d@0t
[queue_state] running
[queue_type] Instant
[script] s@IRC_CONNECTOR
[script_container_type] WORLD
[script_cooled_down] null
[script_debug] <G>Container='<A>IRC_CONNECTOR<Y>(WORLD)<G>'
[script_filename] G:/Vessel Craft Minecraft Server/Vessel Craft Hub/plugins/Denizen/scripts/Vessel-Craft-Denizen-Scripts/Mod Chat Modifications/Denizen IRC Connector.yml
[script_name] IRC_CONNECTOR
[script_prefix] Container
[script_relative_filename] /scripts/Vessel-Craft-Denizen-Scripts/Mod Chat Modifications/Denizen IRC Connector.yml
=======Finished with Debug Data=======
2015-12-17 18:22:31 [WARNING] =======SCRIPTDEBUG=======
Script: [IRC_CONNECTOR] <--- Generated an error.
The message is as follows:
Woah!! An exception has been called with this command!
[queue] q@IRC_CONNECTOR_DealingWaxMas
[queue_commands] li@FLAG server IRC_Mode:true
[queue_debug] <G>Container='<A>IRC_CONNECTOR<Y>(WORLD)<G>'
[queue_definitions] li@
[queue_id] IRC_CONNECTOR_DealingWaxMas
[queue_script] s@IRC_CONNECTOR
[queue_size] 1
[queue_speed] d@0t
[queue_state] running
[queue_type] Instant
[script] s@IRC_CONNECTOR
[script_container_type] WORLD
[script_cooled_down] null
[script_debug] <G>Container='<A>IRC_CONNECTOR<Y>(WORLD)<G>'
[script_filename] G:/Vessel Craft Minecraft Server/Vessel Craft Hub/plugins/Denizen/scripts/Vessel-Craft-Denizen-Scripts/Mod Chat Modifications/Denizen IRC Connector.yml
[script_name] IRC_CONNECTOR
[script_prefix] Container
[script_relative_filename] /scripts/Vessel-Craft-Denizen-Scripts/Mod Chat Modifications/Denizen IRC Connector.yml
=======Finished with Debug Data=======
2015-12-18 20:30:40 [WARNING] =======SCRIPTDEBUG=======
Script: [IRC_CONNECTOR] <--- Generated an error.
The message is as follows:
Woah!! An exception has been called with this command!
[queue] q@IRC_CONNECTOR_HyundaiKarmaFrancis
[queue_commands] li@FLAG server IRC_Mode:true
[queue_debug] <G>Container='<A>IRC_CONNECTOR<Y>(WORLD)<G>'
[queue_definitions] li@
[queue_id] IRC_CONNECTOR_HyundaiKarmaFrancis
[queue_script] s@IRC_CONNECTOR
[queue_size] 1
[queue_speed] d@0t
[queue_state] running
[queue_type] Instant
[script] s@IRC_CONNECTOR
[script_container_type] WORLD
[script_cooled_down] null
[script_debug] <G>Container='<A>IRC_CONNECTOR<Y>(WORLD)<G>'
[script_filename] G:/Vessel Craft Minecraft Server/Vessel Craft Hub/plugins/Denizen/scripts/Vessel-Craft-Denizen-Scripts/Mod Chat Modifications/Denizen IRC Connector.yml
[script_name] IRC_CONNECTOR
[script_prefix] Container
[script_relative_filename] /scripts/Vessel-Craft-Denizen-Scripts/Mod Chat Modifications/Denizen IRC Connector.yml
=======Finished with Debug Data=======
2015-12-19 12:30:54 [WARNING] =======SCRIPTDEBUG=======
Script: [IRC_CONNECTOR] <--- Generated an error.
The message is as follows:
Woah!! An exception has been called with this command!
[queue] q@IRC_CONNECTOR_ScannersDougDimensions
[queue_commands] li@FLAG server IRC_Mode:true
[queue_debug] <G>Container='<A>IRC_CONNECTOR<Y>(WORLD)<G>'
[queue_definitions] li@
[queue_id] IRC_CONNECTOR_ScannersDougDimensions
[queue_script] s@IRC_CONNECTOR
[queue_size] 1
[queue_speed] d@0t
[queue_state] running
[queue_type] Instant
[script] s@IRC_CONNECTOR
[script_container_type] WORLD
[script_cooled_down] null
[script_debug] <G>Container='<A>IRC_CONNECTOR<Y>(WORLD)<G>'
[script_filename] G:/Vessel Craft Minecraft Server/Vessel Craft Hub/plugins/Denizen/scripts/Vessel-Craft-Denizen-Scripts/Mod Chat Modifications/Denizen IRC Connector.yml
[script_name] IRC_CONNECTOR
[script_prefix] Container
[script_relative_filename] /scripts/Vessel-Craft-Denizen-Scripts/Mod Chat Modifications/Denizen IRC Connector.yml
=======Finished with Debug Data=======
2015-12-20 14:50:00 [WARNING] =======SCRIPTDEBUG=======
Script: [IRC_CONNECTOR] <--- Generated an error.
The message is as follows:
Woah!! An exception has been called with this command!
[queue] q@IRC_CONNECTOR_BytesAddInterface
[queue_commands] li@FLAG server IRC_Mode:true
[queue_debug] <G>Container='<A>IRC_CONNECTOR<Y>(WORLD)<G>'
[queue_definitions] li@
[queue_id] IRC_CONNECTOR_BytesAddInterface
[queue_script] s@IRC_CONNECTOR
[queue_size] 1
[queue_speed] d@0t
[queue_state] running
[queue_type] Instant
[script] s@IRC_CONNECTOR
[script_container_type] WORLD
[script_cooled_down] null
[script_debug] <G>Container='<A>IRC_CONNECTOR<Y>(WORLD)<G>'
[script_filename] G:/Vessel Craft Minecraft Server/Vessel Craft Hub/plugins/Denizen/scripts/Vessel-Craft-Denizen-Scripts/Mod Chat Modifications/Denizen IRC Connector.yml
[script_name] IRC_CONNECTOR
[script_prefix] Container
[script_relative_filename] /scripts/Vessel-Craft-Denizen-Scripts/Mod Chat Modifications/Denizen IRC Connector.yml
=======Finished with Debug Data=======
2015-12-21 22:21:03 [WARNING] =======SCRIPTDEBUG=======
Script: [IRC_CONNECTOR] <--- Generated an error.
The message is as follows:
Woah!! An exception has been called with this command!
[queue] q@IRC_CONNECTOR_EdwardStringClassroom
[queue_commands] li@FLAG server IRC_Mode:true
[queue_debug] <G>Container='<A>IRC_CONNECTOR<Y>(WORLD)<G>'
[queue_definitions] li@
[queue_id] IRC_CONNECTOR_EdwardStringClassroom
[queue_script] s@IRC_CONNECTOR
[queue_size] 1
[queue_speed] d@0t
[queue_state] running
[queue_type] Instant
[script] s@IRC_CONNECTOR
[script_container_type] WORLD
[script_cooled_down] null
[script_debug] <G>Container='<A>IRC_CONNECTOR<Y>(WORLD)<G>'
[script_filename] G:/Vessel Craft Minecraft Server/Vessel Craft Hub/plugins/Denizen/scripts/Vessel-Craft-Denizen-Scripts/Mod Chat Modifications/Denizen IRC Connector.yml
[script_name] IRC_CONNECTOR
[script_prefix] Container
[script_relative_filename] /scripts/Vessel-Craft-Denizen-Scripts/Mod Chat Modifications/Denizen IRC Connector.yml
=======Finished with Debug Data=======
2015-12-22 17:57:14 [WARNING] =======SCRIPTDEBUG=======
Script: [IRC_CONNECTOR] <--- Generated an error.
The message is as follows:
Woah!! An exception has been called with this command!
[queue] q@IRC_CONNECTOR_XpRoutingRemix
[queue_commands] li@FLAG server IRC_Mode:true
[queue_debug] <G>Container='<A>IRC_CONNECTOR<Y>(WORLD)<G>'
[queue_definitions] li@
[queue_id] IRC_CONNECTOR_XpRoutingRemix
[queue_script] s@IRC_CONNECTOR
[queue_size] 1
[queue_speed] d@0t
[queue_state] running
[queue_type] Instant
[script] s@IRC_CONNECTOR
[script_container_type] WORLD
[script_cooled_down] null
[script_debug] <G>Container='<A>IRC_CONNECTOR<Y>(WORLD)<G>'
[script_filename] G:/Vessel Craft Minecraft Server/Vessel Craft Hub/plugins/Denizen/scripts/Vessel-Craft-Denizen-Scripts/Mod Chat Modifications/Denizen IRC Connector.yml
[script_name] IRC_CONNECTOR
[script_prefix] Container
[script_relative_filename] /scripts/Vessel-Craft-Denizen-Scripts/Mod Chat Modifications/Denizen IRC Connector.yml
=======Finished with Debug Data=======
2015-12-23 10:02:15 [WARNING] =======SCRIPTDEBUG=======
Script: [IRC_CONNECTOR] <--- Generated an error.
The message is as follows:
Woah!! An exception has been called with this command!
[queue] q@IRC_CONNECTOR_MurrayMaybeSpain
[queue_commands] li@FLAG server IRC_Mode:true
[queue_debug] <G>Container='<A>IRC_CONNECTOR<Y>(WORLD)<G>'
[queue_definitions] li@
[queue_id] IRC_CONNECTOR_MurrayMaybeSpain
[queue_script] s@IRC_CONNECTOR
[queue_size] 1
[queue_speed] d@0t
[queue_state] running
[queue_type] Instant
[script] s@IRC_CONNECTOR
[script_container_type] WORLD
[script_cooled_down] null
[script_debug] <G>Container='<A>IRC_CONNECTOR<Y>(WORLD)<G>'
[script_filename] G:/Vessel Craft Minecraft Server/Vessel Craft Hub/plugins/Denizen/scripts/Vessel-Craft-Denizen-Scripts/Mod Chat Modifications/Denizen IRC Connector.yml
[script_name] IRC_CONNECTOR
[script_prefix] Container
[script_relative_filename] /scripts/Vessel-Craft-Denizen-Scripts/Mod Chat Modifications/Denizen IRC Connector.yml
=======Finished with Debug Data=======
2015-12-24 10:56:11 [WARNING] =======SCRIPTDEBUG=======
Script: [IRC_CONNECTOR] <--- Generated an error.
The message is as follows:
Woah!! An exception has been called with this command!
[queue] q@IRC_CONNECTOR_TherapeuticSuPushing
[queue_commands] li@FLAG server IRC_Mode:true
[queue_debug] <G>Container='<A>IRC_CONNECTOR<Y>(WORLD)<G>'
[queue_definitions] li@
[queue_id] IRC_CONNECTOR_TherapeuticSuPushing
[queue_script] s@IRC_CONNECTOR
[queue_size] 1
[queue_speed] d@0t
[queue_state] running
[queue_type] Instant
[script] s@IRC_CONNECTOR
[script_container_type] WORLD
[script_cooled_down] null
[script_debug] <G>Container='<A>IRC_CONNECTOR<Y>(WORLD)<G>'
[script_filename] G:/Vessel Craft Minecraft Server/Vessel Craft Hub/plugins/Denizen/scripts/Vessel-Craft-Denizen-Scripts/Mod Chat Modifications/Denizen IRC Connector.yml
[script_name] IRC_CONNECTOR
[script_prefix] Container
[script_relative_filename] /scripts/Vessel-Craft-Denizen-Scripts/Mod Chat Modifications/Denizen IRC Connector.yml
=======Finished with Debug Data=======
2015-12-25 11:48:31 [WARNING] =======SCRIPTDEBUG=======
Script: [IRC_CONNECTOR] <--- Generated an error.
The message is as follows:
Woah!! An exception has been called with this command!
[queue] q@IRC_CONNECTOR_InputBurnsQuiet
[queue_commands] li@FLAG server IRC_Mode:true
[queue_debug] <G>Container='<A>IRC_CONNECTOR<Y>(WORLD)<G>'
[queue_definitions] li@
[queue_id] IRC_CONNECTOR_InputBurnsQuiet
[queue_script] s@IRC_CONNECTOR
[queue_size] 1
[queue_speed] d@0t
[queue_state] running
[queue_type] Instant
[script] s@IRC_CONNECTOR
[script_container_type] WORLD
[script_cooled_down] null
[script_debug] <G>Container='<A>IRC_CONNECTOR<Y>(WORLD)<G>'
[script_filename] G:/Vessel Craft Minecraft Server/Vessel Craft Hub/plugins/Denizen/scripts/Vessel-Craft-Denizen-Scripts/Mod Chat Modifications/Denizen IRC Connector.yml
[script_name] IRC_CONNECTOR
[script_prefix] Container
[script_relative_filename] /scripts/Vessel-Craft-Denizen-Scripts/Mod Chat Modifications/Denizen IRC Connector.yml
=======Finished with Debug Data=======
2015-12-25 16:53:39 [WARNING] =======SCRIPTDEBUG=======
Script: [IRC_CONNECTOR] <--- Generated an error.
The message is as follows:
Woah!! An exception has been called with this command!
[queue] q@IRC_CONNECTOR_DashCollectingReality
[queue_commands] li@FLAG server IRC_Mode:true
[queue_debug] <G>Container='<A>IRC_CONNECTOR<Y>(WORLD)<G>'
[queue_definitions] li@
[queue_id] IRC_CONNECTOR_DashCollectingReality
[queue_script] s@IRC_CONNECTOR
[queue_size] 1
[queue_speed] d@0t
[queue_state] running
[queue_type] Instant
[script] s@IRC_CONNECTOR
[script_container_type] WORLD
[script_cooled_down] null
[script_debug] <G>Container='<A>IRC_CONNECTOR<Y>(WORLD)<G>'
[script_filename] G:/Vessel Craft Minecraft Server/Vessel Craft Hub/plugins/Denizen/scripts/Vessel-Craft-Denizen-Scripts/Mod Chat Modifications/Denizen IRC Connector.yml
[script_name] IRC_CONNECTOR
[script_prefix] Container
[script_relative_filename] /scripts/Vessel-Craft-Denizen-Scripts/Mod Chat Modifications/Denizen IRC Connector.yml
=======Finished with Debug Data=======
2015-12-25 19:39:26 [WARNING] =======SCRIPTDEBUG=======
Script: [IRC_CONNECTOR] <--- Generated an error.
The message is as follows:
Woah!! An exception has been called with this command!
[queue] q@IRC_CONNECTOR_ClassifiedsProvisionHealing
[queue_commands] li@FLAG server IRC_Mode:true
[queue_debug] <G>Container='<A>IRC_CONNECTOR<Y>(WORLD)<G>'
[queue_definitions] li@
[queue_id] IRC_CONNECTOR_ClassifiedsProvisionHealing
[queue_script] s@IRC_CONNECTOR
[queue_size] 1
[queue_speed] d@0.0s
[queue_state] running
[queue_type] Instant
[script] s@IRC_CONNECTOR
[script_container_type] WORLD
[script_cooled_down] null
[script_debug] <G>Container='<A>IRC_CONNECTOR<Y>(WORLD)<G>'
[script_filename] G:/Vessel Craft Minecraft Server/Vessel Craft Hub/plugins/Denizen/scripts/Vessel-Craft-Denizen-Scripts/Mod Chat Modifications/Denizen IRC Connector.yml
[script_name] IRC_CONNECTOR
[script_prefix] Container
[script_relative_filename] /scripts/Vessel-Craft-Denizen-Scripts/Mod Chat Modifications/Denizen IRC Connector.yml
=======Finished with Debug Data=======
2015-12-26 16:56:39 [WARNING] =======SCRIPTDEBUG=======
Script: [IRC_CONNECTOR] <--- Generated an error.
The message is as follows:
Woah!! An exception has been called with this command!
[queue] q@IRC_CONNECTOR_PhotoCookbookConsult
[queue_commands] li@FLAG server IRC_Mode:true
[queue_debug] <G>Container='<A>IRC_CONNECTOR<Y>(WORLD)<G>'
[queue_definitions] li@
[queue_id] IRC_CONNECTOR_PhotoCookbookConsult
[queue_script] s@IRC_CONNECTOR
[queue_size] 1
[queue_speed] d@0.0s
[queue_state] running
[queue_type] Instant
[script] s@IRC_CONNECTOR
[script_container_type] WORLD
[script_cooled_down] null
[script_debug] <G>Container='<A>IRC_CONNECTOR<Y>(WORLD)<G>'
[script_filename] G:/Vessel Craft Minecraft Server/Vessel Craft Hub/plugins/Denizen/scripts/Vessel-Craft-Denizen-Scripts/Mod Chat Modifications/Denizen IRC Connector.yml
[script_name] IRC_CONNECTOR
[script_prefix] Container
[script_relative_filename] /scripts/Vessel-Craft-Denizen-Scripts/Mod Chat Modifications/Denizen IRC Connector.yml
=======Finished with Debug Data=======
