 [BREAK BREAKABLE] <--- Generated an error.
The message is as follows:
Woah! Invalid arguments were specified!
[queue] q@BREAK BREAKABLE_TroyFinancialAgency
[queue_commands] li@DEFINE block_list <def[block_list].unescaped>|FOREACH <def[block_list]> { - playsound <def[value]> sound:breakable - playeffect <def[value]> effect:iconcrack_<def[value].material.id> qty:5 }|MODIFYBLOCK <def[block_list]> m@air delayed
[queue_debug] <G>Container='<A>BREAK BREAKABLE<Y>(TASK)<G>'
[queue_definitions] li@block_list
[queue_id] BREAK BREAKABLE_TroyFinancialAgency
[queue_script] s@BREAK BREAKABLE
[queue_size] 3
[queue_speed] d@0t
[queue_state] running
[queue_type] Timed
[script] s@BREAK BREAKABLE
[script_container_type] TASK
[script_cooled_down] null
[script_debug] <G>Container='<A>BREAK BREAKABLE<Y>(TASK)<G>'
[script_filename] G:/Vessel Craft Minecraft Server/Vessel Craft Hub/plugins/Denizen/scripts/Vessel-Craft-Denizen-Scripts/Mod Grief Restoration/Events.yml
[script_name] BREAK BREAKABLE
[script_prefix] Container
[script_relative_filename] /scripts/Vessel-Craft-Denizen-Scripts/Mod Grief Restoration/Events.yml
=======Finished with Debug Data=======
2015-07-28 13:27:55 [WARNING] =======SCRIPTDEBUG=======
Script: [BREAK BREAKABLE] <--- Generated an error.
The message is as follows:
Woah! Invalid arguments were specified!
[queue] q@BREAK BREAKABLE_AlbanyWebWars
[queue_commands] li@DEFINE block_list <def[block_list].unescaped>|FOREACH <def[block_list]> { - playsound <def[value]> sound:breakable - playeffect <def[value]> effect:iconcrack_<def[value].material.id> qty:5 }|MODIFYBLOCK <def[block_list]> m@air delayed
[queue_debug] <G>Container='<A>BREAK BREAKABLE<Y>(TASK)<G>'
[queue_definitions] li@block_list
[queue_id] BREAK BREAKABLE_AlbanyWebWars
[queue_script] s@BREAK BREAKABLE
[queue_size] 3
[queue_speed] d@0t
[queue_state] running
[queue_type] Timed
[script] s@BREAK BREAKABLE
[script_container_type] TASK
[script_cooled_down] null
[script_debug] <G>Container='<A>BREAK BREAKABLE<Y>(TASK)<G>'
[script_filename] G:/Vessel Craft Minecraft Server/Vessel Craft Hub/plugins/Denizen/scripts/Vessel-Craft-Denizen-Scripts/Mod Grief Restoration/Events.yml
[script_name] BREAK BREAKABLE
[script_prefix] Container
[script_relative_filename] /scripts/Vessel-Craft-Denizen-Scripts/Mod Grief Restoration/Events.yml
=======Finished with Debug Data=======
