 [ON JOIN PLAYER MANAGEMENT] <--- Generated an error.
The message is as follows:
Woah!! An exception has been called with this command!
 /plugins/denizen/scripts/Vessel-Craft-Denizen-Scripts/Mod Player Join Events Greet Protect Hub/Events/ON JOIN PLAYER MANAGEMENT_errors.log
 /plugins/denizen/scripts/Vessel-Craft-Denizen-Scripts/Mod Player Join Events Greet Protect Hub/Events
 ON JOIN PLAYER MANAGEMENT_errors.log
 q@ON JOIN PLAYER MANAGEMENT_ArabUndoFighters
 li@IF <player.has_flag[AccountProtection.EnteredPassword]> queue clear|IF !<player.has_permission[<script.yaml_keys[password_required_permission]>]> queue clear|INJECT locally path:command password check
 <G>Container='<A>ON JOIN PLAYER MANAGEMENT<Y>(WORLD)<G>'
 li@
 ON JOIN PLAYER MANAGEMENT_ArabUndoFighters
 s@ON JOIN PLAYER MANAGEMENT
 3
 d@0t
 running
 Instant
 s@ON JOIN PLAYER MANAGEMENT
 WORLD
 null
 <G>Container='<A>ON JOIN PLAYER MANAGEMENT<Y>(WORLD)<G>'
 G:/Vessel Craft Minecraft Server/Vessel Craft Hub/plugins/Denizen/scripts/Vessel-Craft-Denizen-Scripts/Mod Player Join Events Greet Protect Hub/Events.yml
 ON JOIN PLAYER MANAGEMENT
 Container
 /scripts/Vessel-Craft-Denizen-Scripts/Mod Player Join Events Greet Protect Hub/Events.yml
=======Finished with Debug Data=======
2015-02-18 02:50:35 [WARNING] =======SCRIPTDEBUG=======
 [ON JOIN PLAYER MANAGEMENT] <--- Generated an error.
The message is as follows:
Tag <player.has_flag[AccountProtection.EnteredPassword]> is invalid!
 /plugins/denizen/scripts/Vessel-Craft-Denizen-Scripts/Mod Player Join Events Greet Protect Hub/Events/ON JOIN PLAYER MANAGEMENT_errors.log
 /plugins/denizen/scripts/Vessel-Craft-Denizen-Scripts/Mod Player Join Events Greet Protect Hub/Events
 ON JOIN PLAYER MANAGEMENT_errors.log
 q@ON JOIN PLAYER MANAGEMENT_ArabUndoFighters
 li@IF !<player.has_permission[<script.yaml_keys[password_required_permission]>]> queue clear|INJECT locally path:command password check
 <G>Container='<A>ON JOIN PLAYER MANAGEMENT<Y>(WORLD)<G>'
 li@
 ON JOIN PLAYER MANAGEMENT_ArabUndoFighters
 s@ON JOIN PLAYER MANAGEMENT
 2
 d@0t
 running
 Instant
 s@ON JOIN PLAYER MANAGEMENT
 WORLD
 null
 <G>Container='<A>ON JOIN PLAYER MANAGEMENT<Y>(WORLD)<G>'
 G:/Vessel Craft Minecraft Server/Vessel Craft Hub/plugins/Denizen/scripts/Vessel-Craft-Denizen-Scripts/Mod Player Join Events Greet Protect Hub/Events.yml
 ON JOIN PLAYER MANAGEMENT
 Container
 /scripts/Vessel-Craft-Denizen-Scripts/Mod Player Join Events Greet Protect Hub/Events.yml
=======Finished with Debug Data=======
2015-02-18 02:50:35 [WARNING] =======SCRIPTDEBUG=======
 [ON JOIN PLAYER MANAGEMENT] <--- Generated an error.
The message is as follows:
Tag <player.has_permission[<script.yaml_keys[password_required_permission]>]> is invalid!
 /plugins/denizen/scripts/Vessel-Craft-Denizen-Scripts/Mod Player Join Events Greet Protect Hub/Events/ON JOIN PLAYER MANAGEMENT_errors.log
 /plugins/denizen/scripts/Vessel-Craft-Denizen-Scripts/Mod Player Join Events Greet Protect Hub/Events
 ON JOIN PLAYER MANAGEMENT_errors.log
 q@ON JOIN PLAYER MANAGEMENT_ArabUndoFighters
 li@INJECT locally path:command password check
 <G>Container='<A>ON JOIN PLAYER MANAGEMENT<Y>(WORLD)<G>'
 li@
 ON JOIN PLAYER MANAGEMENT_ArabUndoFighters
 s@ON JOIN PLAYER MANAGEMENT
 1
 d@0t
 running
 Instant
 s@ON JOIN PLAYER MANAGEMENT
 WORLD
 null
 <G>Container='<A>ON JOIN PLAYER MANAGEMENT<Y>(WORLD)<G>'
 G:/Vessel Craft Minecraft Server/Vessel Craft Hub/plugins/Denizen/scripts/Vessel-Craft-Denizen-Scripts/Mod Player Join Events Greet Protect Hub/Events.yml
 ON JOIN PLAYER MANAGEMENT
 Container
 /scripts/Vessel-Craft-Denizen-Scripts/Mod Player Join Events Greet Protect Hub/Events.yml
=======Finished with Debug Data=======
2015-02-18 02:50:36 [WARNING] =======SCRIPTDEBUG=======
 [ON JOIN PLAYER MANAGEMENT] <--- Generated an error.
The message is as follows:
Woah!! An exception has been called with this command!
 /plugins/denizen/scripts/Vessel-Craft-Denizen-Scripts/Mod Player Join Events Greet Protect Hub/Events/ON JOIN PLAYER MANAGEMENT_errors.log
 /plugins/denizen/scripts/Vessel-Craft-Denizen-Scripts/Mod Player Join Events Greet Protect Hub/Events
 ON JOIN PLAYER MANAGEMENT_errors.log
 q@ON JOIN PLAYER MANAGEMENT_ViaEveryAbraham
 li@IF <player.has_flag[AccountProtection.EnteredPassword]> queue clear|IF !<player.has_permission[<script.yaml_keys[password_required_permission]>]> queue clear|INJECT locally path:command password check
 <G>Container='<A>ON JOIN PLAYER MANAGEMENT<Y>(WORLD)<G>'
 li@
 ON JOIN PLAYER MANAGEMENT_ViaEveryAbraham
 s@ON JOIN PLAYER MANAGEMENT
 3
 d@0t
 running
 Instant
 s@ON JOIN PLAYER MANAGEMENT
 WORLD
 null
 <G>Container='<A>ON JOIN PLAYER MANAGEMENT<Y>(WORLD)<G>'
 G:/Vessel Craft Minecraft Server/Vessel Craft Hub/plugins/Denizen/scripts/Vessel-Craft-Denizen-Scripts/Mod Player Join Events Greet Protect Hub/Events.yml
 ON JOIN PLAYER MANAGEMENT
 Container
 /scripts/Vessel-Craft-Denizen-Scripts/Mod Player Join Events Greet Protect Hub/Events.yml
=======Finished with Debug Data=======
2015-02-18 02:50:36 [WARNING] =======SCRIPTDEBUG=======
 [ON JOIN PLAYER MANAGEMENT] <--- Generated an error.
The message is as follows:
Tag <player.has_flag[AccountProtection.EnteredPassword]> is invalid!
 /plugins/denizen/scripts/Vessel-Craft-Denizen-Scripts/Mod Player Join Events Greet Protect Hub/Events/ON JOIN PLAYER MANAGEMENT_errors.log
 /plugins/denizen/scripts/Vessel-Craft-Denizen-Scripts/Mod Player Join Events Greet Protect Hub/Events
 ON JOIN PLAYER MANAGEMENT_errors.log
 q@ON JOIN PLAYER MANAGEMENT_ViaEveryAbraham
 li@IF !<player.has_permission[<script.yaml_keys[password_required_permission]>]> queue clear|INJECT locally path:command password check
 <G>Container='<A>ON JOIN PLAYER MANAGEMENT<Y>(WORLD)<G>'
 li@
 ON JOIN PLAYER MANAGEMENT_ViaEveryAbraham
 s@ON JOIN PLAYER MANAGEMENT
 2
 d@0t
 running
 Instant
 s@ON JOIN PLAYER MANAGEMENT
 WORLD
 null
 <G>Container='<A>ON JOIN PLAYER MANAGEMENT<Y>(WORLD)<G>'
 G:/Vessel Craft Minecraft Server/Vessel Craft Hub/plugins/Denizen/scripts/Vessel-Craft-Denizen-Scripts/Mod Player Join Events Greet Protect Hub/Events.yml
 ON JOIN PLAYER MANAGEMENT
 Container
 /scripts/Vessel-Craft-Denizen-Scripts/Mod Player Join Events Greet Protect Hub/Events.yml
=======Finished with Debug Data=======
2015-02-18 02:50:36 [WARNING] =======SCRIPTDEBUG=======
 [ON JOIN PLAYER MANAGEMENT] <--- Generated an error.
The message is as follows:
Tag <player.has_permission[<script.yaml_keys[password_required_permission]>]> is invalid!
 /plugins/denizen/scripts/Vessel-Craft-Denizen-Scripts/Mod Player Join Events Greet Protect Hub/Events/ON JOIN PLAYER MANAGEMENT_errors.log
 /plugins/denizen/scripts/Vessel-Craft-Denizen-Scripts/Mod Player Join Events Greet Protect Hub/Events
 ON JOIN PLAYER MANAGEMENT_errors.log
 q@ON JOIN PLAYER MANAGEMENT_ViaEveryAbraham
 li@INJECT locally path:command password check
 <G>Container='<A>ON JOIN PLAYER MANAGEMENT<Y>(WORLD)<G>'
 li@
 ON JOIN PLAYER MANAGEMENT_ViaEveryAbraham
 s@ON JOIN PLAYER MANAGEMENT
 1
 d@0t
 running
 Instant
 s@ON JOIN PLAYER MANAGEMENT
 WORLD
 null
 <G>Container='<A>ON JOIN PLAYER MANAGEMENT<Y>(WORLD)<G>'
 G:/Vessel Craft Minecraft Server/Vessel Craft Hub/plugins/Denizen/scripts/Vessel-Craft-Denizen-Scripts/Mod Player Join Events Greet Protect Hub/Events.yml
 ON JOIN PLAYER MANAGEMENT
 Container
 /scripts/Vessel-Craft-Denizen-Scripts/Mod Player Join Events Greet Protect Hub/Events.yml
=======Finished with Debug Data=======
