2015-10-03 09:47:47 [WARNING] =======SCRIPTDEBUG=======
Script: [SERVER HEALTH PING] <--- Generated an error.
The message is as follows:
Tag <server.list_plugins.contains[pl@NoCheatPlus]> is invalid!
[npc] n@11
[npc_anchors] li@null
[npc_attack_range] 3.0625
[npc_avoid_water] false
[npc_engaged] false
[npc_flags] li@TACTIC_STACK|SIGHT_RANGE|CURENT_WANDER_LOCATION|WANDER_RANGE|WANDER_RANGE_HEIGHT|MOVEMENT|MOVEMENT.WAYPOINTS|MOVEMENT.LAST_NAVI_STATE|MOVEMENT.TARGETS|TALKED_TO_BY|INTRESTS|INTRESTS.MOVEMENT|FLAG_INTRESTS!|CHAT|CHAT.TALKED_TO_BY|LOGIC|FLAG_INTRESTS|FLAG_INTRESTS.LOGIC|FLAG_INTRESTS.CHAT|FLAG_INTRESTS.ACTION|FLAG_INTRESTS.MOVEMENT|FLAG_INTRESTS.MEMORY
[npc_has_assignment] true
[npc_id] 11
[npc_inventory] li@i@bone_meal
[npc_location] -925,42,-633,Hub
[npc_lookclose] true
[npc_name] Adam
[npc_navigating] false
[npc_owner] server
[npc_protected] true
[npc_range] 114.70119
[npc_script] s@DENIZEN
[npc_speed] 1.0
[npc_speed_modifier] 1.0
[npc_teleport_on_stuck] true
[player] p@76f63814-0c07-4888-9a47-8461bc8ce7bb
[player_chat_history] li@
[player_debug] Player='<A>p@Chemical_Datas<G>'
[player_display_name] Chemical_Datas
[player_entity_id] 493
[player_fall_distance] 0.0
[player_is_op] true
[player_item_on_cursor] i@air
[player_list_name] Chemical_Datas
[player_location] -927,42,-635,Hub
[player_money] 0.0
[player_name] Chemical_Datas
[player_open_inventory] in@player[holder=p@76f63814-0c07-4888-9a47-8461bc8ce7bb]
[player_prefix] Player
[player_save_name] 76.76F638140C0748889A478461BC8CE7BB
[player_selected_npc] n@11
[player_target] n@11
[queue] q@SERVER HEALTH PING_NovelsSellersAvoiding
[queue_commands] li@
[queue_debug] <G>Container='<A>SERVER HEALTH PING<Y>(WORLD)<G>'
[queue_definitions] li@
[queue_determination] fulfilled
[queue_id] SERVER HEALTH PING_NovelsSellersAvoiding
[queue_script] s@SERVER HEALTH PING
[queue_size] 0
[queue_speed] d@0t
[queue_state] running
[queue_type] Instant
[script] s@SERVER HEALTH PING
[script_container_type] WORLD
[script_cooled_down] true
[script_debug] <G>Container='<A>SERVER HEALTH PING<Y>(WORLD)<G>'
[script_filename] G:/Vessel Craft Minecraft Server/Vessel Craft Hub/plugins/Denizen/scripts/Vessel-Craft-Denizen-Scripts/Mod Server Health Monitoring/Health Monitoring.yml
[script_name] SERVER HEALTH PING
[script_prefix] Container
[script_relative_filename] /scripts/Vessel-Craft-Denizen-Scripts/Mod Server Health Monitoring/Health Monitoring.yml
=======Finished with Debug Data=======
