2015-09-18 14:25:19 [WARNING] =======SCRIPTDEBUG=======
Script: [TOOL REMAINS] <--- Generated an error.
The message is as follows:
Woah! Invalid arguments were specified!
[queue] q@TOOL REMAINS_InstitutionOasisWinners
[queue_commands] li@
[queue_debug] <G>Container='<A>TOOL REMAINS<Y>(WORLD)<G>'
[queue_definitions] li@
[queue_id] TOOL REMAINS_InstitutionOasisWinners
[queue_script] s@TOOL REMAINS
[queue_size] 0
[queue_speed] d@0t
[queue_state] running
[queue_type] Instant
[script] s@TOOL REMAINS
[script_container_type] WORLD
[script_cooled_down] null
[script_debug] <G>Container='<A>TOOL REMAINS<Y>(WORLD)<G>'
[script_filename] G:/Vessel Craft Minecraft Server/Vessel Craft Hub/plugins/Denizen/scripts/Vessel-Craft-Denizen-Scripts/Mod Broken Items/Tool Remains.yml
[script_name] TOOL REMAINS
[script_prefix] Container
[script_relative_filename] /scripts/Vessel-Craft-Denizen-Scripts/Mod Broken Items/Tool Remains.yml
=======Finished with Debug Data=======
2015-09-18 17:34:03 [WARNING] =======SCRIPTDEBUG=======
Script: [TOOL REMAINS] <--- Generated an error.
The message is as follows:
Woah! Invalid arguments were specified!
[queue] q@TOOL REMAINS_DisplaysGraveInfrastructure
[queue_commands] li@
[queue_debug] <G>Container='<A>TOOL REMAINS<Y>(WORLD)<G>'
[queue_definitions] li@
[queue_id] TOOL REMAINS_DisplaysGraveInfrastructure
[queue_script] s@TOOL REMAINS
[queue_size] 0
[queue_speed] d@0t
[queue_state] running
[queue_type] Instant
[script] s@TOOL REMAINS
[script_container_type] WORLD
[script_cooled_down] null
[script_debug] <G>Container='<A>TOOL REMAINS<Y>(WORLD)<G>'
[script_filename] G:/Vessel Craft Minecraft Server/Vessel Craft Hub/plugins/Denizen/scripts/Vessel-Craft-Denizen-Scripts/Mod Broken Items/Tool Remains.yml
[script_name] TOOL REMAINS
[script_prefix] Container
[script_relative_filename] /scripts/Vessel-Craft-Denizen-Scripts/Mod Broken Items/Tool Remains.yml
=======Finished with Debug Data=======
2015-09-18 22:43:59 [WARNING] =======SCRIPTDEBUG=======
Script: [TOOL REMAINS] <--- Generated an error.
The message is as follows:
Woah! Invalid arguments were specified!
[queue] q@TOOL REMAINS_PensionsWinningActing
[queue_commands] li@
[queue_debug] <G>Container='<A>TOOL REMAINS<Y>(WORLD)<G>'
[queue_definitions] li@
[queue_id] TOOL REMAINS_PensionsWinningActing
[queue_script] s@TOOL REMAINS
[queue_size] 0
[queue_speed] d@0t
[queue_state] running
[queue_type] Instant
[script] s@TOOL REMAINS
[script_container_type] WORLD
[script_cooled_down] null
[script_debug] <G>Container='<A>TOOL REMAINS<Y>(WORLD)<G>'
[script_filename] G:/Vessel Craft Minecraft Server/Vessel Craft Hub/plugins/Denizen/scripts/Vessel-Craft-Denizen-Scripts/Mod Broken Items/Tool Remains.yml
[script_name] TOOL REMAINS
[script_prefix] Container
[script_relative_filename] /scripts/Vessel-Craft-Denizen-Scripts/Mod Broken Items/Tool Remains.yml
=======Finished with Debug Data=======
2015-09-19 20:59:15 [WARNING] =======SCRIPTDEBUG=======
Script: [TOOL REMAINS] <--- Generated an error.
The message is as follows:
Woah! Invalid arguments were specified!
[queue] q@TOOL REMAINS_PowellBtAge
[queue_commands] li@
[queue_debug] <G>Container='<A>TOOL REMAINS<Y>(WORLD)<G>'
[queue_definitions] li@
[queue_id] TOOL REMAINS_PowellBtAge
[queue_script] s@TOOL REMAINS
[queue_size] 0
[queue_speed] d@0t
[queue_state] running
[queue_type] Instant
[script] s@TOOL REMAINS
[script_container_type] WORLD
[script_cooled_down] null
[script_debug] <G>Container='<A>TOOL REMAINS<Y>(WORLD)<G>'
[script_filename] G:/Vessel Craft Minecraft Server/Vessel Craft Hub/plugins/Denizen/scripts/Vessel-Craft-Denizen-Scripts/Mod Broken Items/Tool Remains.yml
[script_name] TOOL REMAINS
[script_prefix] Container
[script_relative_filename] /scripts/Vessel-Craft-Denizen-Scripts/Mod Broken Items/Tool Remains.yml
=======Finished with Debug Data=======
2015-09-20 09:06:38 [WARNING] =======SCRIPTDEBUG=======
Script: [TOOL REMAINS] <--- Generated an error.
The message is as follows:
Woah! Invalid arguments were specified!
[queue] q@TOOL REMAINS_GuitarsPlannedSponsored
[queue_commands] li@
[queue_debug] <G>Container='<A>TOOL REMAINS<Y>(WORLD)<G>'
[queue_definitions] li@
[queue_id] TOOL REMAINS_GuitarsPlannedSponsored
[queue_script] s@TOOL REMAINS
[queue_size] 0
[queue_speed] d@0t
[queue_state] running
[queue_type] Instant
[script] s@TOOL REMAINS
[script_container_type] WORLD
[script_cooled_down] null
[script_debug] <G>Container='<A>TOOL REMAINS<Y>(WORLD)<G>'
[script_filename] G:/Vessel Craft Minecraft Server/Vessel Craft Hub/plugins/Denizen/scripts/Vessel-Craft-Denizen-Scripts/Mod Broken Items/Tool Remains.yml
[script_name] TOOL REMAINS
[script_prefix] Container
[script_relative_filename] /scripts/Vessel-Craft-Denizen-Scripts/Mod Broken Items/Tool Remains.yml
=======Finished with Debug Data=======
2015-09-20 09:29:44 [WARNING] =======SCRIPTDEBUG=======
Script: [TOOL REMAINS] <--- Generated an error.
The message is as follows:
Woah! Invalid arguments were specified!
[queue] q@TOOL REMAINS_VirtueCigaretteTherefore
[queue_commands] li@
[queue_debug] <G>Container='<A>TOOL REMAINS<Y>(WORLD)<G>'
[queue_definitions] li@
[queue_id] TOOL REMAINS_VirtueCigaretteTherefore
[queue_script] s@TOOL REMAINS
[queue_size] 0
[queue_speed] d@0t
[queue_state] running
[queue_type] Instant
[script] s@TOOL REMAINS
[script_container_type] WORLD
[script_cooled_down] null
[script_debug] <G>Container='<A>TOOL REMAINS<Y>(WORLD)<G>'
[script_filename] G:/Vessel Craft Minecraft Server/Vessel Craft Hub/plugins/Denizen/scripts/Vessel-Craft-Denizen-Scripts/Mod Broken Items/Tool Remains.yml
[script_name] TOOL REMAINS
[script_prefix] Container
[script_relative_filename] /scripts/Vessel-Craft-Denizen-Scripts/Mod Broken Items/Tool Remains.yml
=======Finished with Debug Data=======
2015-09-20 14:36:26 [WARNING] =======SCRIPTDEBUG=======
Script: [TOOL REMAINS] <--- Generated an error.
The message is as follows:
Woah! Invalid arguments were specified!
[queue] q@TOOL REMAINS_BdCohenPeers
[queue_commands] li@
[queue_debug] <G>Container='<A>TOOL REMAINS<Y>(WORLD)<G>'
[queue_definitions] li@
[queue_id] TOOL REMAINS_BdCohenPeers
[queue_script] s@TOOL REMAINS
[queue_size] 0
[queue_speed] d@0t
[queue_state] running
[queue_type] Instant
[script] s@TOOL REMAINS
[script_container_type] WORLD
[script_cooled_down] null
[script_debug] <G>Container='<A>TOOL REMAINS<Y>(WORLD)<G>'
[script_filename] G:/Vessel Craft Minecraft Server/Vessel Craft Hub/plugins/Denizen/scripts/Vessel-Craft-Denizen-Scripts/Mod Broken Items/Tool Remains.yml
[script_name] TOOL REMAINS
[script_prefix] Container
[script_relative_filename] /scripts/Vessel-Craft-Denizen-Scripts/Mod Broken Items/Tool Remains.yml
=======Finished with Debug Data=======
2015-09-20 14:47:12 [WARNING] =======SCRIPTDEBUG=======
Script: [TOOL REMAINS] <--- Generated an error.
The message is as follows:
Woah! Invalid arguments were specified!
[queue] q@TOOL REMAINS_TrulyDisagreePirates
[queue_commands] li@
[queue_debug] <G>Container='<A>TOOL REMAINS<Y>(WORLD)<G>'
[queue_definitions] li@
[queue_id] TOOL REMAINS_TrulyDisagreePirates
[queue_script] s@TOOL REMAINS
[queue_size] 0
[queue_speed] d@0t
[queue_state] running
[queue_type] Instant
[script] s@TOOL REMAINS
[script_container_type] WORLD
[script_cooled_down] null
[script_debug] <G>Container='<A>TOOL REMAINS<Y>(WORLD)<G>'
[script_filename] G:/Vessel Craft Minecraft Server/Vessel Craft Hub/plugins/Denizen/scripts/Vessel-Craft-Denizen-Scripts/Mod Broken Items/Tool Remains.yml
[script_name] TOOL REMAINS
[script_prefix] Container
[script_relative_filename] /scripts/Vessel-Craft-Denizen-Scripts/Mod Broken Items/Tool Remains.yml
=======Finished with Debug Data=======
2015-09-21 15:12:04 [WARNING] =======SCRIPTDEBUG=======
Script: [TOOL REMAINS] <--- Generated an error.
The message is as follows:
Woah! Invalid arguments were specified!
[queue] q@TOOL REMAINS_OeRotationLifestyle
[queue_commands] li@
[queue_debug] <G>Container='<A>TOOL REMAINS<Y>(WORLD)<G>'
[queue_definitions] li@
[queue_id] TOOL REMAINS_OeRotationLifestyle
[queue_script] s@TOOL REMAINS
[queue_size] 0
[queue_speed] d@0t
[queue_state] running
[queue_type] Instant
[script] s@TOOL REMAINS
[script_container_type] WORLD
[script_cooled_down] null
[script_debug] <G>Container='<A>TOOL REMAINS<Y>(WORLD)<G>'
[script_filename] G:/Vessel Craft Minecraft Server/Vessel Craft Hub/plugins/Denizen/scripts/Vessel-Craft-Denizen-Scripts/Mod Broken Items/Tool Remains.yml
[script_name] TOOL REMAINS
[script_prefix] Container
[script_relative_filename] /scripts/Vessel-Craft-Denizen-Scripts/Mod Broken Items/Tool Remains.yml
=======Finished with Debug Data=======
2015-09-24 13:24:04 [WARNING] =======SCRIPTDEBUG=======
Script: [TOOL REMAINS] <--- Generated an error.
The message is as follows:
Woah! Invalid arguments were specified!
[queue] q@TOOL REMAINS_DayRepPresence
[queue_commands] li@
[queue_debug] <G>Container='<A>TOOL REMAINS<Y>(WORLD)<G>'
[queue_definitions] li@
[queue_id] TOOL REMAINS_DayRepPresence
[queue_script] s@TOOL REMAINS
[queue_size] 0
[queue_speed] d@0t
[queue_state] running
[queue_type] Instant
[script] s@TOOL REMAINS
[script_container_type] WORLD
[script_cooled_down] null
[script_debug] <G>Container='<A>TOOL REMAINS<Y>(WORLD)<G>'
[script_filename] G:/Vessel Craft Minecraft Server/Vessel Craft Hub/plugins/Denizen/scripts/Vessel-Craft-Denizen-Scripts/Mod Broken Items/Tool Remains.yml
[script_name] TOOL REMAINS
[script_prefix] Container
[script_relative_filename] /scripts/Vessel-Craft-Denizen-Scripts/Mod Broken Items/Tool Remains.yml
=======Finished with Debug Data=======
2015-09-24 13:35:41 [WARNING] =======SCRIPTDEBUG=======
Script: [TOOL REMAINS] <--- Generated an error.
The message is as follows:
Woah! Invalid arguments were specified!
[queue] q@TOOL REMAINS_HelpingJvcAmazing
[queue_commands] li@
[queue_debug] <G>Container='<A>TOOL REMAINS<Y>(WORLD)<G>'
[queue_definitions] li@
[queue_id] TOOL REMAINS_HelpingJvcAmazing
[queue_script] s@TOOL REMAINS
[queue_size] 0
[queue_speed] d@0t
[queue_state] running
[queue_type] Instant
[script] s@TOOL REMAINS
[script_container_type] WORLD
[script_cooled_down] null
[script_debug] <G>Container='<A>TOOL REMAINS<Y>(WORLD)<G>'
[script_filename] G:/Vessel Craft Minecraft Server/Vessel Craft Hub/plugins/Denizen/scripts/Vessel-Craft-Denizen-Scripts/Mod Broken Items/Tool Remains.yml
[script_name] TOOL REMAINS
[script_prefix] Container
[script_relative_filename] /scripts/Vessel-Craft-Denizen-Scripts/Mod Broken Items/Tool Remains.yml
=======Finished with Debug Data=======
2015-09-26 00:41:46 [WARNING] =======SCRIPTDEBUG=======
Script: [TOOL REMAINS] <--- Generated an error.
The message is as follows:
Woah! Invalid arguments were specified!
[queue] q@TOOL REMAINS_PipesProvincesAssets
[queue_commands] li@
[queue_debug] <G>Container='<A>TOOL REMAINS<Y>(WORLD)<G>'
[queue_definitions] li@
[queue_id] TOOL REMAINS_PipesProvincesAssets
[queue_script] s@TOOL REMAINS
[queue_size] 0
[queue_speed] d@0t
[queue_state] running
[queue_type] Instant
[script] s@TOOL REMAINS
[script_container_type] WORLD
[script_cooled_down] null
[script_debug] <G>Container='<A>TOOL REMAINS<Y>(WORLD)<G>'
[script_filename] G:/Vessel Craft Minecraft Server/Vessel Craft Hub/plugins/Denizen/scripts/Vessel-Craft-Denizen-Scripts/Mod Broken Items/Tool Remains.yml
[script_name] TOOL REMAINS
[script_prefix] Container
[script_relative_filename] /scripts/Vessel-Craft-Denizen-Scripts/Mod Broken Items/Tool Remains.yml
=======Finished with Debug Data=======
2015-09-27 11:44:52 [WARNING] =======SCRIPTDEBUG=======
Script: [TOOL REMAINS] <--- Generated an error.
The message is as follows:
Woah! Invalid arguments were specified!
[queue] q@TOOL REMAINS_CertificationThoughDesktops
[queue_commands] li@
[queue_debug] <G>Container='<A>TOOL REMAINS<Y>(WORLD)<G>'
[queue_definitions] li@
[queue_id] TOOL REMAINS_CertificationThoughDesktops
[queue_script] s@TOOL REMAINS
[queue_size] 0
[queue_speed] d@0t
[queue_state] running
[queue_type] Instant
[script] s@TOOL REMAINS
[script_container_type] WORLD
[script_cooled_down] null
[script_debug] <G>Container='<A>TOOL REMAINS<Y>(WORLD)<G>'
[script_filename] G:/Vessel Craft Minecraft Server/Vessel Craft Hub/plugins/Denizen/scripts/Vessel-Craft-Denizen-Scripts/Mod Broken Items/Tool Remains.yml
[script_name] TOOL REMAINS
[script_prefix] Container
[script_relative_filename] /scripts/Vessel-Craft-Denizen-Scripts/Mod Broken Items/Tool Remains.yml
=======Finished with Debug Data=======
2015-09-29 21:51:52 [WARNING] =======SCRIPTDEBUG=======
Script: [TOOL REMAINS] <--- Generated an error.
The message is as follows:
Woah! Invalid arguments were specified!
[queue] q@TOOL REMAINS_DeutscheElevationTuition
[queue_commands] li@
[queue_debug] <G>Container='<A>TOOL REMAINS<Y>(WORLD)<G>'
[queue_definitions] li@
[queue_id] TOOL REMAINS_DeutscheElevationTuition
[queue_script] s@TOOL REMAINS
[queue_size] 0
[queue_speed] d@0t
[queue_state] running
[queue_type] Instant
[script] s@TOOL REMAINS
[script_container_type] WORLD
[script_cooled_down] null
[script_debug] <G>Container='<A>TOOL REMAINS<Y>(WORLD)<G>'
[script_filename] G:/Vessel Craft Minecraft Server/Vessel Craft Hub/plugins/Denizen/scripts/Vessel-Craft-Denizen-Scripts/Mod Broken Items/Tool Remains.yml
[script_name] TOOL REMAINS
[script_prefix] Container
[script_relative_filename] /scripts/Vessel-Craft-Denizen-Scripts/Mod Broken Items/Tool Remains.yml
=======Finished with Debug Data=======
2015-10-02 12:28:39 [WARNING] =======SCRIPTDEBUG=======
Script: [TOOL REMAINS] <--- Generated an error.
The message is as follows:
Woah! Invalid arguments were specified!
[queue] q@TOOL REMAINS_DakotaInstructorLogan
[queue_commands] li@
[queue_debug] <G>Container='<A>TOOL REMAINS<Y>(WORLD)<G>'
[queue_definitions] li@
[queue_id] TOOL REMAINS_DakotaInstructorLogan
[queue_script] s@TOOL REMAINS
[queue_size] 0
[queue_speed] d@0t
[queue_state] running
[queue_type] Instant
[script] s@TOOL REMAINS
[script_container_type] WORLD
[script_cooled_down] null
[script_debug] <G>Container='<A>TOOL REMAINS<Y>(WORLD)<G>'
[script_filename] G:/Vessel Craft Minecraft Server/Vessel Craft Hub/plugins/Denizen/scripts/Vessel-Craft-Denizen-Scripts/Mod Broken Items/Tool Remains.yml
[script_name] TOOL REMAINS
[script_prefix] Container
[script_relative_filename] /scripts/Vessel-Craft-Denizen-Scripts/Mod Broken Items/Tool Remains.yml
=======Finished with Debug Data=======
2015-10-02 14:43:43 [WARNING] =======SCRIPTDEBUG=======
Script: [TOOL REMAINS] <--- Generated an error.
The message is as follows:
Woah! Invalid arguments were specified!
[queue] q@TOOL REMAINS_BoundTensionSharing
[queue_commands] li@
[queue_debug] <G>Container='<A>TOOL REMAINS<Y>(WORLD)<G>'
[queue_definitions] li@
[queue_id] TOOL REMAINS_BoundTensionSharing
[queue_script] s@TOOL REMAINS
[queue_size] 0
[queue_speed] d@0t
[queue_state] running
[queue_type] Instant
[script] s@TOOL REMAINS
[script_container_type] WORLD
[script_cooled_down] null
[script_debug] <G>Container='<A>TOOL REMAINS<Y>(WORLD)<G>'
[script_filename] G:/Vessel Craft Minecraft Server/Vessel Craft Hub/plugins/Denizen/scripts/Vessel-Craft-Denizen-Scripts/Mod Broken Items/Tool Remains.yml
[script_name] TOOL REMAINS
[script_prefix] Container
[script_relative_filename] /scripts/Vessel-Craft-Denizen-Scripts/Mod Broken Items/Tool Remains.yml
=======Finished with Debug Data=======
2015-10-03 09:59:08 [WARNING] =======SCRIPTDEBUG=======
Script: [TOOL REMAINS] <--- Generated an error.
The message is as follows:
Woah! Invalid arguments were specified!
[queue] q@TOOL REMAINS_BaySleepEagle
[queue_commands] li@
[queue_debug] <G>Container='<A>TOOL REMAINS<Y>(WORLD)<G>'
[queue_definitions] li@
[queue_id] TOOL REMAINS_BaySleepEagle
[queue_script] s@TOOL REMAINS
[queue_size] 0
[queue_speed] d@0t
[queue_state] running
[queue_type] Instant
[script] s@TOOL REMAINS
[script_container_type] WORLD
[script_cooled_down] null
[script_debug] <G>Container='<A>TOOL REMAINS<Y>(WORLD)<G>'
[script_filename] G:/Vessel Craft Minecraft Server/Vessel Craft Hub/plugins/Denizen/scripts/Vessel-Craft-Denizen-Scripts/Mod Broken Items/Tool Remains.yml
[script_name] TOOL REMAINS
[script_prefix] Container
[script_relative_filename] /scripts/Vessel-Craft-Denizen-Scripts/Mod Broken Items/Tool Remains.yml
=======Finished with Debug Data=======
2015-10-03 10:31:36 [WARNING] =======SCRIPTDEBUG=======
Script: [TOOL REMAINS] <--- Generated an error.
The message is as follows:
Woah! Invalid arguments were specified!
[queue] q@TOOL REMAINS_ProposedAndreasDisagree
[queue_commands] li@
[queue_debug] <G>Container='<A>TOOL REMAINS<Y>(WORLD)<G>'
[queue_definitions] li@
[queue_id] TOOL REMAINS_ProposedAndreasDisagree
[queue_script] s@TOOL REMAINS
[queue_size] 0
[queue_speed] d@0t
[queue_state] running
[queue_type] Instant
[script] s@TOOL REMAINS
[script_container_type] WORLD
[script_cooled_down] null
[script_debug] <G>Container='<A>TOOL REMAINS<Y>(WORLD)<G>'
[script_filename] G:/Vessel Craft Minecraft Server/Vessel Craft Hub/plugins/Denizen/scripts/Vessel-Craft-Denizen-Scripts/Mod Broken Items/Tool Remains.yml
[script_name] TOOL REMAINS
[script_prefix] Container
[script_relative_filename] /scripts/Vessel-Craft-Denizen-Scripts/Mod Broken Items/Tool Remains.yml
=======Finished with Debug Data=======
