2015-12-26 16:45:50 [WARNING] =======SCRIPTDEBUG=======
Script: [LETTERS WITHIN] <--- Generated an error.
The message is as follows:
Tag <def[first]> is invalid!
[player] p@76f63814-0c07-4888-9a47-8461bc8ce7bb
[player_chat_history] li@hru|sai hi
[player_debug] Player='<A>p@Chemical_Datas<G>'
[player_display_name] Chemical_Datas
[player_entity_id] 1687
[player_fall_distance] 0.0
[player_is_op] true
[player_item_on_cursor] i@air
[player_list_name] Chemical_Datas
[player_location] -66,7,-583,Hub
[player_money] 0.0
[player_name] Chemical_Datas
[player_open_inventory] in@player[holder=p@76f63814-0c07-4888-9a47-8461bc8ce7bb]
[player_prefix] Player
[player_save_name] 76.76F638140C0748889A478461BC8CE7BB
[queue] q@LETTERS WITHIN_BicycleAnytimeMines
[queue_commands] li@DETERMINE
[queue_debug] <G>Container='<A>LETTERS WITHIN<Y>(PROCEDURE)<G>'
[queue_definitions] li@last|words|end
[queue_id] LETTERS WITHIN_BicycleAnytimeMines
[queue_script] s@LETTERS WITHIN
[queue_size] 1
[queue_speed] d@0.0s
[queue_state] running
[queue_type] Instant
[script] s@LETTERS WITHIN
[script_container_type] PROCEDURE
[script_cooled_down] true
[script_debug] <G>Container='<A>LETTERS WITHIN<Y>(PROCEDURE)<G>'
[script_filename] G:/Vessel Craft Minecraft Server/Vessel Craft Hub/plugins/Denizen/scripts/Vessel-Craft-Denizen-Scripts/Server Utility Scripts/General Utilities.yml
[script_name] LETTERS WITHIN
[script_prefix] Container
[script_relative_filename] /scripts/Vessel-Craft-Denizen-Scripts/Server Utility Scripts/General Utilities.yml
=======Finished with Debug Data=======
2015-12-26 16:46:43 [WARNING] =======SCRIPTDEBUG=======
Script: [LETTERS WITHIN] <--- Generated an error.
The message is as follows:
Tag <def[first]> is invalid!
[player] p@76f63814-0c07-4888-9a47-8461bc8ce7bb
[player_chat_history] li@hru|sai hi
[player_debug] Player='<A>p@Chemical_Datas<G>'
[player_display_name] Chemical_Datas
[player_entity_id] 1687
[player_fall_distance] 0.0
[player_is_op] true
[player_item_on_cursor] i@air
[player_list_name] Chemical_Datas
[player_location] -67,7,-583,Hub
[player_money] 0.0
[player_name] Chemical_Datas
[player_open_inventory] in@player[holder=p@76f63814-0c07-4888-9a47-8461bc8ce7bb]
[player_prefix] Player
[player_save_name] 76.76F638140C0748889A478461BC8CE7BB
[queue] q@LETTERS WITHIN_RocksRallyAccompanied
[queue_commands] li@DETERMINE
[queue_debug] <G>Container='<A>LETTERS WITHIN<Y>(PROCEDURE)<G>'
[queue_definitions] li@last|words|end
[queue_id] LETTERS WITHIN_RocksRallyAccompanied
[queue_script] s@LETTERS WITHIN
[queue_size] 1
[queue_speed] d@0.0s
[queue_state] running
[queue_type] Instant
[script] s@LETTERS WITHIN
[script_container_type] PROCEDURE
[script_cooled_down] true
[script_debug] <G>Container='<A>LETTERS WITHIN<Y>(PROCEDURE)<G>'
[script_filename] G:/Vessel Craft Minecraft Server/Vessel Craft Hub/plugins/Denizen/scripts/Vessel-Craft-Denizen-Scripts/Server Utility Scripts/General Utilities.yml
[script_name] LETTERS WITHIN
[script_prefix] Container
[script_relative_filename] /scripts/Vessel-Craft-Denizen-Scripts/Server Utility Scripts/General Utilities.yml
=======Finished with Debug Data=======
