 [COMMANDS] <--- Generated an error.
The message is as follows:
Tag <context.sender> is invalid!
[file] /plugins/denizen/scripts/Vessel-Craft-Denizen-Scripts/Server Commands/Server Command Collection_error_log/COMMANDS_errors.log
[file_location] /plugins/denizen/scripts/Vessel-Craft-Denizen-Scripts/Server Commands/Server Command Collection
[file_name] COMMANDS_errors.log
[player] p@76f63814-0c07-4888-9a47-8461bc8ce7bb
[player_chat_history] li@
[player_debug] Player='<A>p@Chemical_Datas<G>'
[player_display_name] Chemical_Datas
[player_entity_id] 52
[player_fall_distance] 0.0
[player_is_op] true
[player_item_on_cursor] i@air
[player_list_name]
[player_location] -67,49,29,Hub
[player_name] Chemical_Datas
[player_open_inventory] in@player[holder=p@76f63814-0c07-4888-9a47-8461bc8ce7bb]
[player_prefix] Player
[player_save_name] 76.76F638140C0748889A478461BC8CE7BB
[queue] q@COMMANDS_FlexibilityTailUnnecessary
[queue_commands] li@IF <context.args.is_empty> { - narrate <script.yaml_keys[title]> <blue>Usage<&co> <light_purple>./mob cow|enderman|<&lt>server.match_player[<server.list_ops.random.name>]<&gt> - queue clear }|MOUNT <parse:<context.args>> <player.location.cursor_on>
[queue_debug] <G>Container='<A>COMMANDS<Y>(WORLD)<G>'
[queue_definitions] li@groups
[queue_determination] fulfilled
[queue_id] COMMANDS_FlexibilityTailUnnecessary
[queue_script] s@COMMANDS
[queue_size] 2
[queue_speed] d@0t
[queue_state] running
[queue_type] Instant
[script] s@COMMANDS
[script_container_type] WORLD
[script_cooled_down] true
[script_debug] <G>Container='<A>COMMANDS<Y>(WORLD)<G>'
[script_filename] G:/Vessel Craft Minecraft Server/Vessel Craft Hub/plugins/Denizen/scripts/Vessel-Craft-Denizen-Scripts/Server Commands/Server Command Collection.yml
[script_name] COMMANDS
[script_prefix] Container
[script_relative_filename] /scripts/Vessel-Craft-Denizen-Scripts/Server Commands/Server Command Collection.yml
=======Finished with Debug Data=======
2015-02-25 14:09:56 [WARNING] =======SCRIPTDEBUG=======
 [COMMANDS] <--- Generated an error.
The message is as follows:
Woah! Invalid arguments were specified!
[file] /plugins/denizen/scripts/Vessel-Craft-Denizen-Scripts/Server Commands/Server Command Collection_error_log/COMMANDS_errors.log
[file_location] /plugins/denizen/scripts/Vessel-Craft-Denizen-Scripts/Server Commands/Server Command Collection
[file_name] COMMANDS_errors.log
[player] p@76f63814-0c07-4888-9a47-8461bc8ce7bb
[player_chat_history] li@
[player_debug] Player='<A>p@Chemical_Datas<G>'
[player_display_name] Chemical_Datas
[player_entity_id] 52
[player_fall_distance] 0.0
[player_is_op] true
[player_item_on_cursor] i@air
[player_list_name]
[player_location] -67,49,29,Hub
[player_name] Chemical_Datas
[player_open_inventory] in@player[holder=p@76f63814-0c07-4888-9a47-8461bc8ce7bb]
[player_prefix] Player
[player_save_name] 76.76F638140C0748889A478461BC8CE7BB
[queue] q@COMMANDS_FlexibilityTailUnnecessary
[queue_commands] li@
[queue_debug] <G>Container='<A>COMMANDS<Y>(WORLD)<G>'
[queue_definitions] li@groups
[queue_determination] fulfilled
[queue_id] COMMANDS_FlexibilityTailUnnecessary
[queue_script] s@COMMANDS
[queue_size] 0
[queue_speed] d@0t
[queue_state] running
[queue_type] Instant
[script] s@COMMANDS
[script_container_type] WORLD
[script_cooled_down] true
[script_debug] <G>Container='<A>COMMANDS<Y>(WORLD)<G>'
[script_filename] G:/Vessel Craft Minecraft Server/Vessel Craft Hub/plugins/Denizen/scripts/Vessel-Craft-Denizen-Scripts/Server Commands/Server Command Collection.yml
[script_name] COMMANDS
[script_prefix] Container
[script_relative_filename] /scripts/Vessel-Craft-Denizen-Scripts/Server Commands/Server Command Collection.yml
=======Finished with Debug Data=======
2015-02-25 14:11:24 [WARNING] =======SCRIPTDEBUG=======
 [COMMANDS] <--- Generated an error.
The message is as follows:
Woah! Invalid arguments were specified!
[file] /plugins/denizen/scripts/Vessel-Craft-Denizen-Scripts/Server Commands/Server Command Collection_error_log/COMMANDS_errors.log
[file_location] /plugins/denizen/scripts/Vessel-Craft-Denizen-Scripts/Server Commands/Server Command Collection
[file_name] COMMANDS_errors.log
[player] p@76f63814-0c07-4888-9a47-8461bc8ce7bb
[player_chat_history] li@
[player_debug] Player='<A>p@Chemical_Datas<G>'
[player_display_name] Chemical_Datas
[player_entity_id] 52
[player_fall_distance] 0.0
[player_is_op] true
[player_item_on_cursor] i@air
[player_list_name]
[player_location] -67,49,29,Hub
[player_name] Chemical_Datas
[player_open_inventory] in@player[holder=p@76f63814-0c07-4888-9a47-8461bc8ce7bb]
[player_prefix] Player
[player_save_name] 76.76F638140C0748889A478461BC8CE7BB
[queue] q@COMMANDS_RoutineCertifiedChrome
[queue_commands] li@
[queue_debug] <G>Container='<A>COMMANDS<Y>(WORLD)<G>'
[queue_definitions] li@groups
[queue_determination] fulfilled
[queue_id] COMMANDS_RoutineCertifiedChrome
[queue_script] s@COMMANDS
[queue_size] 0
[queue_speed] d@0t
[queue_state] running
[queue_type] Instant
[script] s@COMMANDS
[script_container_type] WORLD
[script_cooled_down] true
[script_debug] <G>Container='<A>COMMANDS<Y>(WORLD)<G>'
[script_filename] G:/Vessel Craft Minecraft Server/Vessel Craft Hub/plugins/Denizen/scripts/Vessel-Craft-Denizen-Scripts/Server Commands/Server Command Collection.yml
[script_name] COMMANDS
[script_prefix] Container
[script_relative_filename] /scripts/Vessel-Craft-Denizen-Scripts/Server Commands/Server Command Collection.yml
=======Finished with Debug Data=======
2015-02-25 14:12:04 [WARNING] =======SCRIPTDEBUG=======
 [COMMANDS] <--- Generated an error.
The message is as follows:
Woah! Invalid arguments were specified!
[file] /plugins/denizen/scripts/Vessel-Craft-Denizen-Scripts/Server Commands/Server Command Collection_error_log/COMMANDS_errors.log
[file_location] /plugins/denizen/scripts/Vessel-Craft-Denizen-Scripts/Server Commands/Server Command Collection
[file_name] COMMANDS_errors.log
[player] p@76f63814-0c07-4888-9a47-8461bc8ce7bb
[player_chat_history] li@
[player_debug] Player='<A>p@Chemical_Datas<G>'
[player_display_name] Chemical_Datas
[player_entity_id] 52
[player_fall_distance] 0.0
[player_is_op] true
[player_item_on_cursor] i@air
[player_list_name]
[player_location] -67,49,29,Hub
[player_name] Chemical_Datas
[player_open_inventory] in@player[holder=p@76f63814-0c07-4888-9a47-8461bc8ce7bb]
[player_prefix] Player
[player_save_name] 76.76F638140C0748889A478461BC8CE7BB
[queue] q@COMMANDS_AlbertTiPoultry
[queue_commands] li@
[queue_debug] <G>Container='<A>COMMANDS<Y>(WORLD)<G>'
[queue_definitions] li@groups
[queue_determination] fulfilled
[queue_id] COMMANDS_AlbertTiPoultry
[queue_script] s@COMMANDS
[queue_size] 0
[queue_speed] d@0t
[queue_state] running
[queue_type] Instant
[script] s@COMMANDS
[script_container_type] WORLD
[script_cooled_down] true
[script_debug] <G>Container='<A>COMMANDS<Y>(WORLD)<G>'
[script_filename] G:/Vessel Craft Minecraft Server/Vessel Craft Hub/plugins/Denizen/scripts/Vessel-Craft-Denizen-Scripts/Server Commands/Server Command Collection.yml
[script_name] COMMANDS
[script_prefix] Container
[script_relative_filename] /scripts/Vessel-Craft-Denizen-Scripts/Server Commands/Server Command Collection.yml
=======Finished with Debug Data=======
