2015-09-09 12:42:56 [WARNING] =======SCRIPTDEBUG=======
Script: [VC GAMEMODE] <--- Generated an error.
The message is as follows:
Tag <def[target_alias||NO_COMMAND_ALIAS> is invalid!
[player] p@76f63814-0c07-4888-9a47-8461bc8ce7bb
[player_chat_history] li@
[player_debug] Player='<A>p@Chemical_Datas<G>'
[player_display_name] Chemical_Datas
[player_entity_id] 84
[player_fall_distance] 0.0
[player_is_op] true
[player_item_on_cursor] i@air
[player_list_name] Chemical_Datas
[player_location] -63,12,-544,Hub
[player_money] 0.0
[player_name] Chemical_Datas
[player_open_inventory] in@player[holder=p@76f63814-0c07-4888-9a47-8461bc8ce7bb]
[player_prefix] Player
[player_save_name] 76.76F638140C0748889A478461BC8CE7BB
[queue] q@VC GAMEMODE_ExpandOccupiedDealer
[queue_commands] li@IF !<server.object_is_valid[<def[target]>]> { - narrate format:formatted <blue><&lb><red><script.name><blue><&rb><reset> <yellow>Failed to find a valid target<&co> <def[target]> - queue clear }|IF <def[gamemode]> == NO_MAPPABLE_GAMEMODE { - narrate format:formatted <blue><&lb><red><script.name><blue><&rb><reset><&co> Your mode <player.gamemode>. Alias commands<&co> <script.yaml_key[aliases].space_separated> - queue clear }|ADJUST <def[target]> gamemode:<def[gamemode]>|NARRATE format:formatted <blue><&lb><red><script.name><blue><&rb><reset> <yellow>Changed <def[target].name> to<&co> <light_purple><def[target].gamemode>
[queue_debug] <G>Container='<A>VC GAMEMODE<Y>(COMMAND)<G>'
[queue_definitions] li@target_alias|alias_to_argument|arg|gamemode
[queue_id] VC GAMEMODE_ExpandOccupiedDealer
[queue_script] s@VC GAMEMODE
[queue_size] 4
[queue_speed] d@0t
[queue_state] running
[queue_type] Instant
[script] s@VC GAMEMODE
[script_container_type] COMMAND
[script_cooled_down] true
[script_debug] <G>Container='<A>VC GAMEMODE<Y>(COMMAND)<G>'
[script_filename] G:/Vessel Craft Minecraft Server/Vessel Craft Hub/plugins/Denizen/scripts/Vessel-Craft-Denizen-Scripts/Server Commands/Server Command Collection.yml
[script_name] VC GAMEMODE
[script_prefix] Container
[script_relative_filename] /scripts/Vessel-Craft-Denizen-Scripts/Server Commands/Server Command Collection.yml
=======Finished with Debug Data=======
2015-09-09 12:42:56 [WARNING] =======SCRIPTDEBUG=======
Script: [VC GAMEMODE] <--- Generated an error.
The message is as follows:
Woah! Invalid arguments were specified!
[player] p@76f63814-0c07-4888-9a47-8461bc8ce7bb
[player_chat_history] li@
[player_debug] Player='<A>p@Chemical_Datas<G>'
[player_display_name] Chemical_Datas
[player_entity_id] 84
[player_fall_distance] 0.0
[player_is_op] true
[player_item_on_cursor] i@air
[player_list_name] Chemical_Datas
[player_location] -63,12,-544,Hub
[player_money] 0.0
[player_name] Chemical_Datas
[player_open_inventory] in@player[holder=p@76f63814-0c07-4888-9a47-8461bc8ce7bb]
[player_prefix] Player
[player_save_name] 76.76F638140C0748889A478461BC8CE7BB
[queue] q@VC GAMEMODE_ExpandOccupiedDealer
[queue_commands] li@IF !<server.object_is_valid[<def[target]>]> { - narrate format:formatted <blue><&lb><red><script.name><blue><&rb><reset> <yellow>Failed to find a valid target<&co> <def[target]> - queue clear }|IF <def[gamemode]> == NO_MAPPABLE_GAMEMODE { - narrate format:formatted <blue><&lb><red><script.name><blue><&rb><reset><&co> Your mode <player.gamemode>. Alias commands<&co> <script.yaml_key[aliases].space_separated> - queue clear }|ADJUST <def[target]> gamemode:<def[gamemode]>|NARRATE format:formatted <blue><&lb><red><script.name><blue><&rb><reset> <yellow>Changed <def[target].name> to<&co> <light_purple><def[target].gamemode>
[queue_debug] <G>Container='<A>VC GAMEMODE<Y>(COMMAND)<G>'
[queue_definitions] li@target_alias|alias_to_argument|arg|gamemode
[queue_id] VC GAMEMODE_ExpandOccupiedDealer
[queue_script] s@VC GAMEMODE
[queue_size] 4
[queue_speed] d@0t
[queue_state] running
[queue_type] Instant
[script] s@VC GAMEMODE
[script_container_type] COMMAND
[script_cooled_down] true
[script_debug] <G>Container='<A>VC GAMEMODE<Y>(COMMAND)<G>'
[script_filename] G:/Vessel Craft Minecraft Server/Vessel Craft Hub/plugins/Denizen/scripts/Vessel-Craft-Denizen-Scripts/Server Commands/Server Command Collection.yml
[script_name] VC GAMEMODE
[script_prefix] Container
[script_relative_filename] /scripts/Vessel-Craft-Denizen-Scripts/Server Commands/Server Command Collection.yml
=======Finished with Debug Data=======
2015-09-09 12:42:56 [WARNING] =======SCRIPTDEBUG=======
Script: [VC GAMEMODE] <--- Generated an error.
The message is as follows:
Tag <def[target]> is invalid!
[player] p@76f63814-0c07-4888-9a47-8461bc8ce7bb
[player_chat_history] li@
[player_debug] Player='<A>p@Chemical_Datas<G>'
[player_display_name] Chemical_Datas
[player_entity_id] 84
[player_fall_distance] 0.0
[player_is_op] true
[player_item_on_cursor] i@air
[player_list_name] Chemical_Datas
[player_location] -63,12,-544,Hub
[player_money] 0.0
[player_name] Chemical_Datas
[player_open_inventory] in@player[holder=p@76f63814-0c07-4888-9a47-8461bc8ce7bb]
[player_prefix] Player
[player_save_name] 76.76F638140C0748889A478461BC8CE7BB
[queue] q@VC GAMEMODE_ExpandOccupiedDealer
[queue_commands] li@IF <def[gamemode]> == NO_MAPPABLE_GAMEMODE { - narrate format:formatted <blue><&lb><red><script.name><blue><&rb><reset><&co> Your mode <player.gamemode>. Alias commands<&co> <script.yaml_key[aliases].space_separated> - queue clear }|ADJUST <def[target]> gamemode:<def[gamemode]>|NARRATE format:formatted <blue><&lb><red><script.name><blue><&rb><reset> <yellow>Changed <def[target].name> to<&co> <light_purple><def[target].gamemode>
[queue_debug] <G>Container='<A>VC GAMEMODE<Y>(COMMAND)<G>'
[queue_definitions] li@target_alias|alias_to_argument|arg|gamemode
[queue_id] VC GAMEMODE_ExpandOccupiedDealer
[queue_script] s@VC GAMEMODE
[queue_size] 3
[queue_speed] d@0t
[queue_state] running
[queue_type] Instant
[script] s@VC GAMEMODE
[script_container_type] COMMAND
[script_cooled_down] true
[script_debug] <G>Container='<A>VC GAMEMODE<Y>(COMMAND)<G>'
[script_filename] G:/Vessel Craft Minecraft Server/Vessel Craft Hub/plugins/Denizen/scripts/Vessel-Craft-Denizen-Scripts/Server Commands/Server Command Collection.yml
[script_name] VC GAMEMODE
[script_prefix] Container
[script_relative_filename] /scripts/Vessel-Craft-Denizen-Scripts/Server Commands/Server Command Collection.yml
=======Finished with Debug Data=======
2015-09-09 12:42:56 [WARNING] =======SCRIPTDEBUG=======
Script: [VC GAMEMODE] <--- Generated an error.
The message is as follows:
Tag <def[target]> is invalid!
[player] p@76f63814-0c07-4888-9a47-8461bc8ce7bb
[player_chat_history] li@
[player_debug] Player='<A>p@Chemical_Datas<G>'
[player_display_name] Chemical_Datas
[player_entity_id] 84
[player_fall_distance] 0.0
[player_is_op] true
[player_item_on_cursor] i@air
[player_list_name] Chemical_Datas
[player_location] -63,12,-544,Hub
[player_money] 0.0
[player_name] Chemical_Datas
[player_open_inventory] in@player[holder=p@76f63814-0c07-4888-9a47-8461bc8ce7bb]
[player_prefix] Player
[player_save_name] 76.76F638140C0748889A478461BC8CE7BB
[queue] q@VC GAMEMODE_ExpandOccupiedDealer
[queue_commands] li@QUEUE clear|IF <def[gamemode]> == NO_MAPPABLE_GAMEMODE { - narrate format:formatted <blue><&lb><red><script.name><blue><&rb><reset><&co> Your mode <player.gamemode>. Alias commands<&co> <script.yaml_key[aliases].space_separated> - queue clear }|ADJUST <def[target]> gamemode:<def[gamemode]>|NARRATE format:formatted <blue><&lb><red><script.name><blue><&rb><reset> <yellow>Changed <def[target].name> to<&co> <light_purple><def[target].gamemode>
[queue_debug] <G>Container='<A>VC GAMEMODE<Y>(COMMAND)<G>'
[queue_definitions] li@target_alias|alias_to_argument|arg|gamemode
[queue_id] VC GAMEMODE_ExpandOccupiedDealer
[queue_script] s@VC GAMEMODE
[queue_size] 4
[queue_speed] d@0t
[queue_state] running
[queue_type] Instant
[script] s@VC GAMEMODE
[script_container_type] COMMAND
[script_cooled_down] true
[script_debug] <G>Container='<A>VC GAMEMODE<Y>(COMMAND)<G>'
[script_filename] G:/Vessel Craft Minecraft Server/Vessel Craft Hub/plugins/Denizen/scripts/Vessel-Craft-Denizen-Scripts/Server Commands/Server Command Collection.yml
[script_name] VC GAMEMODE
[script_prefix] Container
[script_relative_filename] /scripts/Vessel-Craft-Denizen-Scripts/Server Commands/Server Command Collection.yml
=======Finished with Debug Data=======
2015-09-09 12:43:14 [WARNING] =======SCRIPTDEBUG=======
Script: [VC GAMEMODE] <--- Generated an error.
The message is as follows:
Woah! Invalid arguments were specified!
[player] p@76f63814-0c07-4888-9a47-8461bc8ce7bb
[player_chat_history] li@
[player_debug] Player='<A>p@Chemical_Datas<G>'
[player_display_name] Chemical_Datas
[player_entity_id] 84
[player_fall_distance] 0.0
[player_is_op] true
[player_item_on_cursor] i@air
[player_list_name] Chemical_Datas
[player_location] -63,12,-544,Hub
[player_money] 0.0
[player_name] Chemical_Datas
[player_open_inventory] in@player[holder=p@76f63814-0c07-4888-9a47-8461bc8ce7bb]
[player_prefix] Player
[player_save_name] 76.76F638140C0748889A478461BC8CE7BB
[queue] q@VC GAMEMODE_ArchitecturalHumidityReally
[queue_commands] li@IF !<server.object_is_valid[<def[target]>]> { - narrate format:formatted <blue><&lb><red><script.name><blue><&rb><reset> <yellow>Failed to find a valid target<&co> <def[target]> - queue clear }|IF <def[gamemode]> == NO_MAPPABLE_GAMEMODE { - narrate format:formatted <blue><&lb><red><script.name><blue><&rb><reset><&co> Your mode <player.gamemode>. Alias commands<&co> <script.yaml_key[aliases].space_separated> - queue clear }|ADJUST <def[target]> gamemode:<def[gamemode]>|NARRATE format:formatted <blue><&lb><red><script.name><blue><&rb><reset> <yellow>Changed <def[target].name> to<&co> <light_purple><def[target].gamemode>
[queue_debug] <G>Container='<A>VC GAMEMODE<Y>(COMMAND)<G>'
[queue_definitions] li@target_alias|alias_to_argument|arg|gamemode
[queue_id] VC GAMEMODE_ArchitecturalHumidityReally
[queue_script] s@VC GAMEMODE
[queue_size] 4
[queue_speed] d@0t
[queue_state] running
[queue_type] Instant
[script] s@VC GAMEMODE
[script_container_type] COMMAND
[script_cooled_down] true
[script_debug] <G>Container='<A>VC GAMEMODE<Y>(COMMAND)<G>'
[script_filename] G:/Vessel Craft Minecraft Server/Vessel Craft Hub/plugins/Denizen/scripts/Vessel-Craft-Denizen-Scripts/Server Commands/Server Command Collection.yml
[script_name] VC GAMEMODE
[script_prefix] Container
[script_relative_filename] /scripts/Vessel-Craft-Denizen-Scripts/Server Commands/Server Command Collection.yml
=======Finished with Debug Data=======
2015-09-09 12:43:14 [WARNING] =======SCRIPTDEBUG=======
Script: [VC GAMEMODE] <--- Generated an error.
The message is as follows:
Tag <def[target]> is invalid!
[player] p@76f63814-0c07-4888-9a47-8461bc8ce7bb
[player_chat_history] li@
[player_debug] Player='<A>p@Chemical_Datas<G>'
[player_display_name] Chemical_Datas
[player_entity_id] 84
[player_fall_distance] 0.0
[player_is_op] true
[player_item_on_cursor] i@air
[player_list_name] Chemical_Datas
[player_location] -63,12,-544,Hub
[player_money] 0.0
[player_name] Chemical_Datas
[player_open_inventory] in@player[holder=p@76f63814-0c07-4888-9a47-8461bc8ce7bb]
[player_prefix] Player
[player_save_name] 76.76F638140C0748889A478461BC8CE7BB
[queue] q@VC GAMEMODE_ArchitecturalHumidityReally
[queue_commands] li@IF <def[gamemode]> == NO_MAPPABLE_GAMEMODE { - narrate format:formatted <blue><&lb><red><script.name><blue><&rb><reset><&co> Your mode <player.gamemode>. Alias commands<&co> <script.yaml_key[aliases].space_separated> - queue clear }|ADJUST <def[target]> gamemode:<def[gamemode]>|NARRATE format:formatted <blue><&lb><red><script.name><blue><&rb><reset> <yellow>Changed <def[target].name> to<&co> <light_purple><def[target].gamemode>
[queue_debug] <G>Container='<A>VC GAMEMODE<Y>(COMMAND)<G>'
[queue_definitions] li@target_alias|alias_to_argument|arg|gamemode
[queue_id] VC GAMEMODE_ArchitecturalHumidityReally
[queue_script] s@VC GAMEMODE
[queue_size] 3
[queue_speed] d@0t
[queue_state] running
[queue_type] Instant
[script] s@VC GAMEMODE
[script_container_type] COMMAND
[script_cooled_down] true
[script_debug] <G>Container='<A>VC GAMEMODE<Y>(COMMAND)<G>'
[script_filename] G:/Vessel Craft Minecraft Server/Vessel Craft Hub/plugins/Denizen/scripts/Vessel-Craft-Denizen-Scripts/Server Commands/Server Command Collection.yml
[script_name] VC GAMEMODE
[script_prefix] Container
[script_relative_filename] /scripts/Vessel-Craft-Denizen-Scripts/Server Commands/Server Command Collection.yml
=======Finished with Debug Data=======
2015-09-09 12:43:14 [WARNING] =======SCRIPTDEBUG=======
Script: [VC GAMEMODE] <--- Generated an error.
The message is as follows:
Tag <def[target]> is invalid!
[player] p@76f63814-0c07-4888-9a47-8461bc8ce7bb
[player_chat_history] li@
[player_debug] Player='<A>p@Chemical_Datas<G>'
[player_display_name] Chemical_Datas
[player_entity_id] 84
[player_fall_distance] 0.0
[player_is_op] true
[player_item_on_cursor] i@air
[player_list_name] Chemical_Datas
[player_location] -63,12,-544,Hub
[player_money] 0.0
[player_name] Chemical_Datas
[player_open_inventory] in@player[holder=p@76f63814-0c07-4888-9a47-8461bc8ce7bb]
[player_prefix] Player
[player_save_name] 76.76F638140C0748889A478461BC8CE7BB
[queue] q@VC GAMEMODE_ArchitecturalHumidityReally
[queue_commands] li@QUEUE clear|IF <def[gamemode]> == NO_MAPPABLE_GAMEMODE { - narrate format:formatted <blue><&lb><red><script.name><blue><&rb><reset><&co> Your mode <player.gamemode>. Alias commands<&co> <script.yaml_key[aliases].space_separated> - queue clear }|ADJUST <def[target]> gamemode:<def[gamemode]>|NARRATE format:formatted <blue><&lb><red><script.name><blue><&rb><reset> <yellow>Changed <def[target].name> to<&co> <light_purple><def[target].gamemode>
[queue_debug] <G>Container='<A>VC GAMEMODE<Y>(COMMAND)<G>'
[queue_definitions] li@target_alias|alias_to_argument|arg|gamemode
[queue_id] VC GAMEMODE_ArchitecturalHumidityReally
[queue_script] s@VC GAMEMODE
[queue_size] 4
[queue_speed] d@0t
[queue_state] running
[queue_type] Instant
[script] s@VC GAMEMODE
[script_container_type] COMMAND
[script_cooled_down] true
[script_debug] <G>Container='<A>VC GAMEMODE<Y>(COMMAND)<G>'
[script_filename] G:/Vessel Craft Minecraft Server/Vessel Craft Hub/plugins/Denizen/scripts/Vessel-Craft-Denizen-Scripts/Server Commands/Server Command Collection.yml
[script_name] VC GAMEMODE
[script_prefix] Container
[script_relative_filename] /scripts/Vessel-Craft-Denizen-Scripts/Server Commands/Server Command Collection.yml
=======Finished with Debug Data=======
2015-09-09 13:10:28 [WARNING] =======SCRIPTDEBUG=======
Script: [VC GAMEMODE] <--- Generated an error.
The message is as follows:
Tag <def[indicated_target> is invalid!
[player] p@76f63814-0c07-4888-9a47-8461bc8ce7bb
[player_chat_history] li@
[player_debug] Player='<A>p@Chemical_Datas<G>'
[player_display_name] Chemical_Datas
[player_entity_id] 84
[player_fall_distance] 0.0
[player_is_op] true
[player_item_on_cursor] i@air
[player_list_name] Chemical_Datas
[player_location] -63,12,-544,Hub
[player_money] 0.0
[player_name] Chemical_Datas
[player_open_inventory] in@player[holder=p@76f63814-0c07-4888-9a47-8461bc8ce7bb]
[player_prefix] Player
[player_save_name] 76.76F638140C0748889A478461BC8CE7BB
[queue] q@VC GAMEMODE_ListenAlgebraStephen
[queue_commands] li@DEFINE parsed_target <parse:<&lt><def[indicated_target]><&gt>>|IF <def[matching_target]> != NO_MATCHING_TARGET { - define target <def[matching_target]> }|IF <def[parsed_target]> != <def[arg]> { - announce parsed arg<&co> <def[parsed_target> - define target <def[parsed_target]> }|IF !<server.object_is_valid[<def[target]>]> { - narrate format:formatted <blue><&lb><red><script.name><blue><&rb><reset> <yellow>Failed to find a valid target<&co> <def[target]> - queue clear }|IF <def[gamemode]> == NO_ALIAS_GAMEMODE || <def[gamemode]> == NO_ARGUMENT_ALIAS { - narrate format:formatted <blue><&lb><red><script.name><blue><&rb><reset><&co> Targets gamoemode <def[target].gamemode>. Alias commands<&co> <script.yaml_key[aliases].space_separated> - queue clear }|ADJUST <def[target]> gamemode:<def[gamemode]>|NARRATE format:formatted <blue><&lb><red><script.name><blue><&rb><reset> <yellow>Changed <def[target].name> to<&co> <light_purple><def[target].gamemode>
[queue_debug] <G>Container='<A>VC GAMEMODE<Y>(COMMAND)<G>'
[queue_definitions] li@indicated_target|alias_to_argument|arg|gamemode|target
[queue_id] VC GAMEMODE_ListenAlgebraStephen
[queue_script] s@VC GAMEMODE
[queue_size] 7
[queue_speed] d@0t
[queue_state] running
[queue_type] Instant
[script] s@VC GAMEMODE
[script_container_type] COMMAND
[script_cooled_down] true
[script_debug] <G>Container='<A>VC GAMEMODE<Y>(COMMAND)<G>'
[script_filename] G:/Vessel Craft Minecraft Server/Vessel Craft Hub/plugins/Denizen/scripts/Vessel-Craft-Denizen-Scripts/Server Commands/Server Command Collection.yml
[script_name] VC GAMEMODE
[script_prefix] Container
[script_relative_filename] /scripts/Vessel-Craft-Denizen-Scripts/Server Commands/Server Command Collection.yml
=======Finished with Debug Data=======
2015-09-09 13:10:28 [WARNING] =======SCRIPTDEBUG=======
Script: [VC GAMEMODE] <--- Generated an error.
The message is as follows:
Tag <def[parsed_target> is invalid!
[player] p@76f63814-0c07-4888-9a47-8461bc8ce7bb
[player_chat_history] li@
[player_debug] Player='<A>p@Chemical_Datas<G>'
[player_display_name] Chemical_Datas
[player_entity_id] 84
[player_fall_distance] 0.0
[player_is_op] true
[player_item_on_cursor] i@air
[player_list_name] Chemical_Datas
[player_location] -63,12,-544,Hub
[player_money] 0.0
[player_name] Chemical_Datas
[player_open_inventory] in@player[holder=p@76f63814-0c07-4888-9a47-8461bc8ce7bb]
[player_prefix] Player
[player_save_name] 76.76F638140C0748889A478461BC8CE7BB
[queue] q@VC GAMEMODE_ListenAlgebraStephen
[queue_commands] li@DEFINE target <def[parsed_target]>|IF !<server.object_is_valid[<def[target]>]> { - narrate format:formatted <blue><&lb><red><script.name><blue><&rb><reset> <yellow>Failed to find a valid target<&co> <def[target]> - queue clear }|IF <def[gamemode]> == NO_ALIAS_GAMEMODE || <def[gamemode]> == NO_ARGUMENT_ALIAS { - narrate format:formatted <blue><&lb><red><script.name><blue><&rb><reset><&co> Targets gamoemode <def[target].gamemode>. Alias commands<&co> <script.yaml_key[aliases].space_separated> - queue clear }|ADJUST <def[target]> gamemode:<def[gamemode]>|NARRATE format:formatted <blue><&lb><red><script.name><blue><&rb><reset> <yellow>Changed <def[target].name> to<&co> <light_purple><def[target].gamemode>
[queue_debug] <G>Container='<A>VC GAMEMODE<Y>(COMMAND)<G>'
[queue_definitions] li@indicated_target|parsed_target|alias_to_argument|arg|gamemode|matching_target|target
[queue_id] VC GAMEMODE_ListenAlgebraStephen
[queue_script] s@VC GAMEMODE
[queue_size] 5
[queue_speed] d@0t
[queue_state] running
[queue_type] Instant
[script] s@VC GAMEMODE
[script_container_type] COMMAND
[script_cooled_down] true
[script_debug] <G>Container='<A>VC GAMEMODE<Y>(COMMAND)<G>'
[script_filename] G:/Vessel Craft Minecraft Server/Vessel Craft Hub/plugins/Denizen/scripts/Vessel-Craft-Denizen-Scripts/Server Commands/Server Command Collection.yml
[script_name] VC GAMEMODE
[script_prefix] Container
[script_relative_filename] /scripts/Vessel-Craft-Denizen-Scripts/Server Commands/Server Command Collection.yml
=======Finished with Debug Data=======
2015-09-09 13:10:28 [WARNING] =======SCRIPTDEBUG=======
Script: [VC GAMEMODE] <--- Generated an error.
The message is as follows:
Tag <def[target].gamemode> is invalid!
[player] p@76f63814-0c07-4888-9a47-8461bc8ce7bb
[player_chat_history] li@
[player_debug] Player='<A>p@Chemical_Datas<G>'
[player_display_name] Chemical_Datas
[player_entity_id] 84
[player_fall_distance] 0.0
[player_is_op] true
[player_item_on_cursor] i@air
[player_list_name] Chemical_Datas
[player_location] -63,12,-544,Hub
[player_money] 0.0
[player_name] Chemical_Datas
[player_open_inventory] in@player[holder=p@76f63814-0c07-4888-9a47-8461bc8ce7bb]
[player_prefix] Player
[player_save_name] 76.76F638140C0748889A478461BC8CE7BB
[queue] q@VC GAMEMODE_ListenAlgebraStephen
[queue_commands] li@
[queue_debug] <G>Container='<A>VC GAMEMODE<Y>(COMMAND)<G>'
[queue_definitions] li@indicated_target|parsed_target|alias_to_argument|arg|gamemode|matching_target|target
[queue_id] VC GAMEMODE_ListenAlgebraStephen
[queue_script] s@VC GAMEMODE
[queue_size] 0
[queue_speed] d@0t
[queue_state] running
[queue_type] Instant
[script] s@VC GAMEMODE
[script_container_type] COMMAND
[script_cooled_down] true
[script_debug] <G>Container='<A>VC GAMEMODE<Y>(COMMAND)<G>'
[script_filename] G:/Vessel Craft Minecraft Server/Vessel Craft Hub/plugins/Denizen/scripts/Vessel-Craft-Denizen-Scripts/Server Commands/Server Command Collection.yml
[script_name] VC GAMEMODE
[script_prefix] Container
[script_relative_filename] /scripts/Vessel-Craft-Denizen-Scripts/Server Commands/Server Command Collection.yml
=======Finished with Debug Data=======
2015-09-09 13:12:20 [WARNING] =======SCRIPTDEBUG=======
Script: [VC GAMEMODE] <--- Generated an error.
The message is as follows:
Tag <def[target].gamemode> is invalid!
[player] p@76f63814-0c07-4888-9a47-8461bc8ce7bb
[player_chat_history] li@
[player_debug] Player='<A>p@Chemical_Datas<G>'
[player_display_name] Chemical_Datas
[player_entity_id] 84
[player_fall_distance] 0.0
[player_is_op] true
[player_item_on_cursor] i@air
[player_list_name] Chemical_Datas
[player_location] -63,12,-544,Hub
[player_money] 0.0
[player_name] Chemical_Datas
[player_open_inventory] in@player[holder=p@76f63814-0c07-4888-9a47-8461bc8ce7bb]
[player_prefix] Player
[player_save_name] 76.76F638140C0748889A478461BC8CE7BB
[queue] q@VC GAMEMODE_ConvenientCraftBarry
[queue_commands] li@
[queue_debug] <G>Container='<A>VC GAMEMODE<Y>(COMMAND)<G>'
[queue_definitions] li@indicated_target|parsed_target|alias_to_argument|arg|gamemode|matching_target|target
[queue_id] VC GAMEMODE_ConvenientCraftBarry
[queue_script] s@VC GAMEMODE
[queue_size] 0
[queue_speed] d@0t
[queue_state] running
[queue_type] Instant
[script] s@VC GAMEMODE
[script_container_type] COMMAND
[script_cooled_down] true
[script_debug] <G>Container='<A>VC GAMEMODE<Y>(COMMAND)<G>'
[script_filename] G:/Vessel Craft Minecraft Server/Vessel Craft Hub/plugins/Denizen/scripts/Vessel-Craft-Denizen-Scripts/Server Commands/Server Command Collection.yml
[script_name] VC GAMEMODE
[script_prefix] Container
[script_relative_filename] /scripts/Vessel-Craft-Denizen-Scripts/Server Commands/Server Command Collection.yml
=======Finished with Debug Data=======
2015-09-09 13:13:51 [WARNING] =======SCRIPTDEBUG=======
Script: [VC GAMEMODE] <--- Generated an error.
The message is as follows:
Tag <def[target].gamemode> is invalid!
[player] p@76f63814-0c07-4888-9a47-8461bc8ce7bb
[player_chat_history] li@
[player_debug] Player='<A>p@Chemical_Datas<G>'
[player_display_name] Chemical_Datas
[player_entity_id] 84
[player_fall_distance] 0.0
[player_is_op] true
[player_item_on_cursor] i@air
[player_list_name] Chemical_Datas
[player_location] -63,12,-544,Hub
[player_money] 0.0
[player_name] Chemical_Datas
[player_open_inventory] in@player[holder=p@76f63814-0c07-4888-9a47-8461bc8ce7bb]
[player_prefix] Player
[player_save_name] 76.76F638140C0748889A478461BC8CE7BB
[queue] q@VC GAMEMODE_TeachingDogsJvc
[queue_commands] li@
[queue_debug] <G>Container='<A>VC GAMEMODE<Y>(COMMAND)<G>'
[queue_definitions] li@indicated_target|parsed_target|alias_to_argument|arg|gamemode|matching_target|target
[queue_id] VC GAMEMODE_TeachingDogsJvc
[queue_script] s@VC GAMEMODE
[queue_size] 0
[queue_speed] d@0t
[queue_state] running
[queue_type] Instant
[script] s@VC GAMEMODE
[script_container_type] COMMAND
[script_cooled_down] true
[script_debug] <G>Container='<A>VC GAMEMODE<Y>(COMMAND)<G>'
[script_filename] G:/Vessel Craft Minecraft Server/Vessel Craft Hub/plugins/Denizen/scripts/Vessel-Craft-Denizen-Scripts/Server Commands/Server Command Collection.yml
[script_name] VC GAMEMODE
[script_prefix] Container
[script_relative_filename] /scripts/Vessel-Craft-Denizen-Scripts/Server Commands/Server Command Collection.yml
=======Finished with Debug Data=======
2015-09-09 13:15:20 [WARNING] =======SCRIPTDEBUG=======
Script: [VC GAMEMODE] <--- Generated an error.
The message is as follows:
Tag <def[target].gamemode> is invalid!
[player] p@76f63814-0c07-4888-9a47-8461bc8ce7bb
[player_chat_history] li@
[player_debug] Player='<A>p@Chemical_Datas<G>'
[player_display_name] Chemical_Datas
[player_entity_id] 84
[player_fall_distance] 0.0
[player_is_op] true
[player_item_on_cursor] i@air
[player_list_name] Chemical_Datas
[player_location] -63,12,-544,Hub
[player_money] 0.0
[player_name] Chemical_Datas
[player_open_inventory] in@player[holder=p@76f63814-0c07-4888-9a47-8461bc8ce7bb]
[player_prefix] Player
[player_save_name] 76.76F638140C0748889A478461BC8CE7BB
[queue] q@VC GAMEMODE_HandsDuringEditing
[queue_commands] li@
[queue_debug] <G>Container='<A>VC GAMEMODE<Y>(COMMAND)<G>'
[queue_definitions] li@indicated_target|parsed_target|alias_to_argument|arg|gamemode|matching_target|target
[queue_id] VC GAMEMODE_HandsDuringEditing
[queue_script] s@VC GAMEMODE
[queue_size] 0
[queue_speed] d@0t
[queue_state] running
[queue_type] Instant
[script] s@VC GAMEMODE
[script_container_type] COMMAND
[script_cooled_down] true
[script_debug] <G>Container='<A>VC GAMEMODE<Y>(COMMAND)<G>'
[script_filename] G:/Vessel Craft Minecraft Server/Vessel Craft Hub/plugins/Denizen/scripts/Vessel-Craft-Denizen-Scripts/Server Commands/Server Command Collection.yml
[script_name] VC GAMEMODE
[script_prefix] Container
[script_relative_filename] /scripts/Vessel-Craft-Denizen-Scripts/Server Commands/Server Command Collection.yml
=======Finished with Debug Data=======
2015-09-09 14:56:15 [WARNING] =======SCRIPTDEBUG=======
Script: [VC GAMEMODE] <--- Generated an error.
The message is as follows:
Tag <context.args.last> is invalid!
[player] p@76f63814-0c07-4888-9a47-8461bc8ce7bb
[player_chat_history] li@
[player_debug] Player='<A>p@Chemical_Datas<G>'
[player_display_name] Chemical_Datas
[player_entity_id] 33
[player_fall_distance] 0.0
[player_is_op] true
[player_item_on_cursor] i@air
[player_list_name] Chemical_Datas
[player_location] -69,7,-585,Hub
[player_money] 0.0
[player_name] Chemical_Datas
[player_open_inventory] in@player[holder=p@76f63814-0c07-4888-9a47-8461bc8ce7bb]
[player_prefix] Player
[player_save_name] 76.76F638140C0748889A478461BC8CE7BB
[queue] q@VC GAMEMODE_HelpingTwentyRegards
[queue_commands] li@IF <def[target]> != <def[gamemode]>|DEFINE matching_target <server.match_players[<def[indicated_target]>]||NO_MATCHING_TARGET>|DEFINE parsed_target <parse:<&lt><def[indicated_target]><&gt>>|ANNOUNCE after match / parse|IF <def[matching_target]> != NO_MATCHING_TARGET { - define target <def[matching_target]> }|IF <def[parsed_target].is_player||false> { - announce parsed arg<&co> <def[parsed_target]> - define target <def[parsed_target]> }|IF !<server.list_online_players.contains[<def[target]>]> { - narrate format:formatted <blue><&lb><red><script.name><blue><&rb><reset> <yellow>Failed to find a valid target<&co> <def[target]> - queue clear }|IF <def[gamemode]> == NO_ALIAS_GAMEMODE || <def[gamemode]> == NO_ARGUMENT_ALIAS { - narrate format:formatted <blue><&lb><red><script.name><blue><&rb><reset><&co> Targets gamemode <def[target].gamemode>. Alias commands<&co> <script.yaml_key[aliases].space_separated> - queue clear }|ANNOUNCE gm<&co> <def[gamemode]> target<&co> <def[target]> |ADJUST <def[target]> gamemode:<def[gamemode]>|NARRATE format:formatted <blue><&lb><red><script.name><blue><&rb><reset> <yellow>Changed <def[target].name> to<&co> <light_purple><def[target].gamemode>
[queue_debug] <G>Container='<A>VC GAMEMODE<Y>(COMMAND)<G>'
[queue_definitions] li@alias_to_argument|arg|gamemode|target
[queue_id] VC GAMEMODE_HelpingTwentyRegards
[queue_script] s@VC GAMEMODE
[queue_size] 11
[queue_speed] d@0t
[queue_state] running
[queue_type] Instant
[script] s@VC GAMEMODE
[script_container_type] COMMAND
[script_cooled_down] true
[script_debug] <G>Container='<A>VC GAMEMODE<Y>(COMMAND)<G>'
[script_filename] G:/Vessel Craft Minecraft Server/Vessel Craft Hub/plugins/Denizen/scripts/Vessel-Craft-Denizen-Scripts/Server Commands/Server Command Collection.yml
[script_name] VC GAMEMODE
[script_prefix] Container
[script_relative_filename] /scripts/Vessel-Craft-Denizen-Scripts/Server Commands/Server Command Collection.yml
=======Finished with Debug Data=======
2015-09-09 14:56:15 [WARNING] =======SCRIPTDEBUG=======
Script: [VC GAMEMODE] <--- Generated an error.
The message is as follows:
Tag <null> is invalid!
[player] p@76f63814-0c07-4888-9a47-8461bc8ce7bb
[player_chat_history] li@
[player_debug] Player='<A>p@Chemical_Datas<G>'
[player_display_name] Chemical_Datas
[player_entity_id] 33
[player_fall_distance] 0.0
[player_is_op] true
[player_item_on_cursor] i@air
[player_list_name] Chemical_Datas
[player_location] -69,7,-585,Hub
[player_money] 0.0
[player_name] Chemical_Datas
[player_open_inventory] in@player[holder=p@76f63814-0c07-4888-9a47-8461bc8ce7bb]
[player_prefix] Player
[player_save_name] 76.76F638140C0748889A478461BC8CE7BB
[queue] q@VC GAMEMODE_HelpingTwentyRegards
[queue_commands] li@ANNOUNCE after match / parse|IF <def[matching_target]> != NO_MATCHING_TARGET { - define target <def[matching_target]> }|IF <def[parsed_target].is_player||false> { - announce parsed arg<&co> <def[parsed_target]> - define target <def[parsed_target]> }|IF !<server.list_online_players.contains[<def[target]>]> { - narrate format:formatted <blue><&lb><red><script.name><blue><&rb><reset> <yellow>Failed to find a valid target<&co> <def[target]> - queue clear }|IF <def[gamemode]> == NO_ALIAS_GAMEMODE || <def[gamemode]> == NO_ARGUMENT_ALIAS { - narrate format:formatted <blue><&lb><red><script.name><blue><&rb><reset><&co> Targets gamemode <def[target].gamemode>. Alias commands<&co> <script.yaml_key[aliases].space_separated> - queue clear }|ANNOUNCE gm<&co> <def[gamemode]> target<&co> <def[target]> |ADJUST <def[target]> gamemode:<def[gamemode]>|NARRATE format:formatted <blue><&lb><red><script.name><blue><&rb><reset> <yellow>Changed <def[target].name> to<&co> <light_purple><def[target].gamemode>
[queue_debug] <G>Container='<A>VC GAMEMODE<Y>(COMMAND)<G>'
[queue_definitions] li@indicated_target|alias_to_argument|arg|gamemode|matching_target|target
[queue_id] VC GAMEMODE_HelpingTwentyRegards
[queue_script] s@VC GAMEMODE
[queue_size] 8
[queue_speed] d@0t
[queue_state] running
[queue_type] Instant
[script] s@VC GAMEMODE
[script_container_type] COMMAND
[script_cooled_down] true
[script_debug] <G>Container='<A>VC GAMEMODE<Y>(COMMAND)<G>'
[script_filename] G:/Vessel Craft Minecraft Server/Vessel Craft Hub/plugins/Denizen/scripts/Vessel-Craft-Denizen-Scripts/Server Commands/Server Command Collection.yml
[script_name] VC GAMEMODE
[script_prefix] Container
[script_relative_filename] /scripts/Vessel-Craft-Denizen-Scripts/Server Commands/Server Command Collection.yml
=======Finished with Debug Data=======
2015-09-09 15:03:31 [WARNING] =======SCRIPTDEBUG=======
Script: [VC GAMEMODE] <--- Generated an error.
The message is as follows:
Invalid context ID ''!
[player] p@76f63814-0c07-4888-9a47-8461bc8ce7bb
[player_chat_history] li@
[player_debug] Player='<A>p@Chemical_Datas<G>'
[player_display_name] Chemical_Datas
[player_entity_id] 33
[player_fall_distance] 0.0
[player_is_op] true
[player_item_on_cursor] i@air
[player_list_name] Chemical_Datas
[player_location] -69,7,-585,Hub
[player_money] 0.0
[player_name] Chemical_Datas
[player_open_inventory] in@player[holder=p@76f63814-0c07-4888-9a47-8461bc8ce7bb]
[player_prefix] Player
[player_save_name] 76.76F638140C0748889A478461BC8CE7BB
[queue] q@VC GAMEMODE_ComputerOregonRural
[queue_commands] li@IF <def[matching_target]> != NO_MATCHING_TARGET { - define target <def[matching_target]> }|IF <def[parsed_target].is_player||false> { - define target <def[parsed_target]> }|IF !<server.list_online_players.contains[<def[target]>]> { - narrate format:formatted <blue><&lb><red><script.name><blue><&rb><reset> <yellow>Failed to find a valid target<&co> <def[target]> - queue clear }|IF <def[gamemode]> == NO_ALIAS_GAMEMODE { - narrate format:formatted <blue><&lb><red><script.name><blue><&rb><reset><&co> <yellow>Targets gamemode <red><def[target].gamemode><yellow>. Alias commands<&co> <blue><script.yaml_key[aliases].space_separated> - queue clear }|NARRATE format:formatted <blue><&lb><red><script.name><blue><&rb><reset> <yellow>Changed <def[target].name> to<&co> <light_purple><def[target].gamemode>|ADJUST <def[target]> gamemode:<def[gamemode]>
[queue_debug] <G>Container='<A>VC GAMEMODE<Y>(COMMAND)<G>'
[queue_definitions] li@indicated_target|alias_to_argument|arg|gamemode|matching_target|target
[queue_id] VC GAMEMODE_ComputerOregonRural
[queue_script] s@VC GAMEMODE
[queue_size] 6
[queue_speed] d@0t
[queue_state] running
[queue_type] Instant
[script] s@VC GAMEMODE
[script_container_type] COMMAND
[script_cooled_down] true
[script_debug] <G>Container='<A>VC GAMEMODE<Y>(COMMAND)<G>'
[script_filename] G:/Vessel Craft Minecraft Server/Vessel Craft Hub/plugins/Denizen/scripts/Vessel-Craft-Denizen-Scripts/Server Commands/Server Command Collection.yml
[script_name] VC GAMEMODE
[script_prefix] Container
[script_relative_filename] /scripts/Vessel-Craft-Denizen-Scripts/Server Commands/Server Command Collection.yml
=======Finished with Debug Data=======
2015-09-09 15:03:31 [WARNING] =======SCRIPTDEBUG=======
Script: [VC GAMEMODE] <--- Generated an error.
The message is as follows:
Tag <c> is invalid!
[player] p@76f63814-0c07-4888-9a47-8461bc8ce7bb
[player_chat_history] li@
[player_debug] Player='<A>p@Chemical_Datas<G>'
[player_display_name] Chemical_Datas
[player_entity_id] 33
[player_fall_distance] 0.0
[player_is_op] true
[player_item_on_cursor] i@air
[player_list_name] Chemical_Datas
[player_location] -69,7,-585,Hub
[player_money] 0.0
[player_name] Chemical_Datas
[player_open_inventory] in@player[holder=p@76f63814-0c07-4888-9a47-8461bc8ce7bb]
[player_prefix] Player
[player_save_name] 76.76F638140C0748889A478461BC8CE7BB
[queue] q@VC GAMEMODE_ComputerOregonRural
[queue_commands] li@IF <def[matching_target]> != NO_MATCHING_TARGET { - define target <def[matching_target]> }|IF <def[parsed_target].is_player||false> { - define target <def[parsed_target]> }|IF !<server.list_online_players.contains[<def[target]>]> { - narrate format:formatted <blue><&lb><red><script.name><blue><&rb><reset> <yellow>Failed to find a valid target<&co> <def[target]> - queue clear }|IF <def[gamemode]> == NO_ALIAS_GAMEMODE { - narrate format:formatted <blue><&lb><red><script.name><blue><&rb><reset><&co> <yellow>Targets gamemode <red><def[target].gamemode><yellow>. Alias commands<&co> <blue><script.yaml_key[aliases].space_separated> - queue clear }|NARRATE format:formatted <blue><&lb><red><script.name><blue><&rb><reset> <yellow>Changed <def[target].name> to<&co> <light_purple><def[target].gamemode>|ADJUST <def[target]> gamemode:<def[gamemode]>
[queue_debug] <G>Container='<A>VC GAMEMODE<Y>(COMMAND)<G>'
[queue_definitions] li@indicated_target|alias_to_argument|arg|gamemode|matching_target|target
[queue_id] VC GAMEMODE_ComputerOregonRural
[queue_script] s@VC GAMEMODE
[queue_size] 6
[queue_speed] d@0t
[queue_state] running
[queue_type] Instant
[script] s@VC GAMEMODE
[script_container_type] COMMAND
[script_cooled_down] true
[script_debug] <G>Container='<A>VC GAMEMODE<Y>(COMMAND)<G>'
[script_filename] G:/Vessel Craft Minecraft Server/Vessel Craft Hub/plugins/Denizen/scripts/Vessel-Craft-Denizen-Scripts/Server Commands/Server Command Collection.yml
[script_name] VC GAMEMODE
[script_prefix] Container
[script_relative_filename] /scripts/Vessel-Craft-Denizen-Scripts/Server Commands/Server Command Collection.yml
=======Finished with Debug Data=======
2015-09-09 15:04:29 [WARNING] =======SCRIPTDEBUG=======
Script: [VC GAMEMODE] <--- Generated an error.
The message is as follows:
Invalid context ID ''!
[player] p@76f63814-0c07-4888-9a47-8461bc8ce7bb
[player_chat_history] li@
[player_debug] Player='<A>p@Chemical_Datas<G>'
[player_display_name] Chemical_Datas
[player_entity_id] 33
[player_fall_distance] 0.0
[player_is_op] true
[player_item_on_cursor] i@air
[player_list_name] Chemical_Datas
[player_location] -69,7,-585,Hub
[player_money] 0.0
[player_name] Chemical_Datas
[player_open_inventory] in@player[holder=p@76f63814-0c07-4888-9a47-8461bc8ce7bb]
[player_prefix] Player
[player_save_name] 76.76F638140C0748889A478461BC8CE7BB
[queue] q@VC GAMEMODE_ReadsDoUntil
[queue_commands] li@IF <def[matching_target]> != NO_MATCHING_TARGET { - define target <def[matching_target]> }|IF <def[parsed_target].is_player||false> { - define target <def[parsed_target]> }|IF !<server.list_online_players.contains[<def[target]>]> { - narrate format:formatted <blue><&lb><red><script.name><blue><&rb><reset> <yellow>Failed to find a valid target<&co> <def[target]> - queue clear }|IF <def[gamemode]> == NO_ALIAS_GAMEMODE { - narrate format:formatted <blue><&lb><red><script.name><blue><&rb><reset><&co> <yellow>Targets gamemode <red><def[target].gamemode><yellow>. Alias commands<&co> <blue><script.yaml_key[aliases].space_separated> - queue clear }|NARRATE format:formatted <blue><&lb><red><script.name><blue><&rb><reset> <yellow>Changed <def[target].name> to<&co> <light_purple><def[target].gamemode>|ADJUST <def[target]> gamemode:<def[gamemode]>
[queue_debug] <G>Container='<A>VC GAMEMODE<Y>(COMMAND)<G>'
[queue_definitions] li@indicated_target|alias_to_argument|arg|gamemode|matching_target|target
[queue_id] VC GAMEMODE_ReadsDoUntil
[queue_script] s@VC GAMEMODE
[queue_size] 6
[queue_speed] d@0t
[queue_state] running
[queue_type] Instant
[script] s@VC GAMEMODE
[script_container_type] COMMAND
[script_cooled_down] true
[script_debug] <G>Container='<A>VC GAMEMODE<Y>(COMMAND)<G>'
[script_filename] G:/Vessel Craft Minecraft Server/Vessel Craft Hub/plugins/Denizen/scripts/Vessel-Craft-Denizen-Scripts/Server Commands/Server Command Collection.yml
[script_name] VC GAMEMODE
[script_prefix] Container
[script_relative_filename] /scripts/Vessel-Craft-Denizen-Scripts/Server Commands/Server Command Collection.yml
=======Finished with Debug Data=======
2015-09-09 15:04:29 [WARNING] =======SCRIPTDEBUG=======
Script: [VC GAMEMODE] <--- Generated an error.
The message is as follows:
Tag <c> is invalid!
[player] p@76f63814-0c07-4888-9a47-8461bc8ce7bb
[player_chat_history] li@
[player_debug] Player='<A>p@Chemical_Datas<G>'
[player_display_name] Chemical_Datas
[player_entity_id] 33
[player_fall_distance] 0.0
[player_is_op] true
[player_item_on_cursor] i@air
[player_list_name] Chemical_Datas
[player_location] -69,7,-585,Hub
[player_money] 0.0
[player_name] Chemical_Datas
[player_open_inventory] in@player[holder=p@76f63814-0c07-4888-9a47-8461bc8ce7bb]
[player_prefix] Player
[player_save_name] 76.76F638140C0748889A478461BC8CE7BB
[queue] q@VC GAMEMODE_ReadsDoUntil
[queue_commands] li@IF <def[matching_target]> != NO_MATCHING_TARGET { - define target <def[matching_target]> }|IF <def[parsed_target].is_player||false> { - define target <def[parsed_target]> }|IF !<server.list_online_players.contains[<def[target]>]> { - narrate format:formatted <blue><&lb><red><script.name><blue><&rb><reset> <yellow>Failed to find a valid target<&co> <def[target]> - queue clear }|IF <def[gamemode]> == NO_ALIAS_GAMEMODE { - narrate format:formatted <blue><&lb><red><script.name><blue><&rb><reset><&co> <yellow>Targets gamemode <red><def[target].gamemode><yellow>. Alias commands<&co> <blue><script.yaml_key[aliases].space_separated> - queue clear }|NARRATE format:formatted <blue><&lb><red><script.name><blue><&rb><reset> <yellow>Changed <def[target].name> to<&co> <light_purple><def[target].gamemode>|ADJUST <def[target]> gamemode:<def[gamemode]>
[queue_debug] <G>Container='<A>VC GAMEMODE<Y>(COMMAND)<G>'
[queue_definitions] li@indicated_target|alias_to_argument|arg|gamemode|matching_target|target
[queue_id] VC GAMEMODE_ReadsDoUntil
[queue_script] s@VC GAMEMODE
[queue_size] 6
[queue_speed] d@0t
[queue_state] running
[queue_type] Instant
[script] s@VC GAMEMODE
[script_container_type] COMMAND
[script_cooled_down] true
[script_debug] <G>Container='<A>VC GAMEMODE<Y>(COMMAND)<G>'
[script_filename] G:/Vessel Craft Minecraft Server/Vessel Craft Hub/plugins/Denizen/scripts/Vessel-Craft-Denizen-Scripts/Server Commands/Server Command Collection.yml
[script_name] VC GAMEMODE
[script_prefix] Container
[script_relative_filename] /scripts/Vessel-Craft-Denizen-Scripts/Server Commands/Server Command Collection.yml
=======Finished with Debug Data=======
2015-09-09 15:05:08 [WARNING] =======SCRIPTDEBUG=======
Script: [VC GAMEMODE] <--- Generated an error.
The message is as follows:
Tag <A> is invalid!
[player] p@76f63814-0c07-4888-9a47-8461bc8ce7bb
[player_chat_history] li@
[player_debug] Player='<A>p@Chemical_Datas<G>'
[player_display_name] Chemical_Datas
[player_entity_id] 33
[player_fall_distance] 0.0
[player_is_op] true
[player_item_on_cursor] i@air
[player_list_name] Chemical_Datas
[player_location] -69,7,-585,Hub
[player_money] 0.0
[player_name] Chemical_Datas
[player_open_inventory] in@player[holder=p@76f63814-0c07-4888-9a47-8461bc8ce7bb]
[player_prefix] Player
[player_save_name] 76.76F638140C0748889A478461BC8CE7BB
[queue] q@VC GAMEMODE_RelevantWatchesDisks
[queue_commands] li@IF <def[matching_target]> != NO_MATCHING_TARGET { - define target <def[matching_target]> }|IF <def[parsed_target].is_player||false> { - define target <def[parsed_target]> }|IF !<server.list_online_players.contains[<def[target]>]> { - narrate format:formatted <blue><&lb><red><script.name><blue><&rb><reset> <yellow>Failed to find a valid target<&co> <def[target]> - queue clear }|IF <def[gamemode]> == NO_ALIAS_GAMEMODE { - narrate format:formatted <blue><&lb><red><script.name><blue><&rb><reset><&co> <yellow>Targets gamemode <red><def[target].gamemode><yellow>. Alias commands<&co> <blue><script.yaml_key[aliases].space_separated> - queue clear }|NARRATE format:formatted <blue><&lb><red><script.name><blue><&rb><reset> <yellow>Changed <def[target].name> to<&co> <light_purple><def[target].gamemode>|ADJUST <def[target]> gamemode:<def[gamemode]>
[queue_debug] <G>Container='<A>VC GAMEMODE<Y>(COMMAND)<G>'
[queue_definitions] li@indicated_target|alias_to_argument|arg|gamemode|matching_target|target
[queue_id] VC GAMEMODE_RelevantWatchesDisks
[queue_script] s@VC GAMEMODE
[queue_size] 6
[queue_speed] d@0t
[queue_state] running
[queue_type] Instant
[script] s@VC GAMEMODE
[script_container_type] COMMAND
[script_cooled_down] true
[script_debug] <G>Container='<A>VC GAMEMODE<Y>(COMMAND)<G>'
[script_filename] G:/Vessel Craft Minecraft Server/Vessel Craft Hub/plugins/Denizen/scripts/Vessel-Craft-Denizen-Scripts/Server Commands/Server Command Collection.yml
[script_name] VC GAMEMODE
[script_prefix] Container
[script_relative_filename] /scripts/Vessel-Craft-Denizen-Scripts/Server Commands/Server Command Collection.yml
=======Finished with Debug Data=======
2015-09-09 15:05:44 [WARNING] =======SCRIPTDEBUG=======
Script: [VC GAMEMODE] <--- Generated an error.
The message is as follows:
Tag <&bar> is invalid!
[player] p@76f63814-0c07-4888-9a47-8461bc8ce7bb
[player_chat_history] li@
[player_debug] Player='<A>p@Chemical_Datas<G>'
[player_display_name] Chemical_Datas
[player_entity_id] 33
[player_fall_distance] 0.0
[player_is_op] true
[player_item_on_cursor] i@air
[player_list_name] Chemical_Datas
[player_location] -69,7,-585,Hub
[player_money] 0.0
[player_name] Chemical_Datas
[player_open_inventory] in@player[holder=p@76f63814-0c07-4888-9a47-8461bc8ce7bb]
[player_prefix] Player
[player_save_name] 76.76F638140C0748889A478461BC8CE7BB
[queue] q@VC GAMEMODE_ScholarshipsFaxTournaments
[queue_commands] li@IF <def[matching_target]> != NO_MATCHING_TARGET { - define target <def[matching_target]> }|IF <def[parsed_target].is_player||false> { - define target <def[parsed_target]> }|IF !<server.list_online_players.contains[<def[target]>]> { - narrate format:formatted <blue><&lb><red><script.name><blue><&rb><reset> <yellow>Failed to find a valid target<&co> <def[target]> - queue clear }|IF <def[gamemode]> == NO_ALIAS_GAMEMODE { - narrate format:formatted <blue><&lb><red><script.name><blue><&rb><reset><&co> <yellow>Targets gamemode <red><def[target].gamemode><yellow>. Alias commands<&co> <blue><script.yaml_key[aliases].space_separated> - queue clear }|NARRATE format:formatted <blue><&lb><red><script.name><blue><&rb><reset> <yellow>Changed <def[target].name> to<&co> <light_purple><def[target].gamemode>|ADJUST <def[target]> gamemode:<def[gamemode]>
[queue_debug] <G>Container='<A>VC GAMEMODE<Y>(COMMAND)<G>'
[queue_definitions] li@indicated_target|alias_to_argument|arg|gamemode|matching_target|target
[queue_id] VC GAMEMODE_ScholarshipsFaxTournaments
[queue_script] s@VC GAMEMODE
[queue_size] 6
[queue_speed] d@0t
[queue_state] running
[queue_type] Instant
[script] s@VC GAMEMODE
[script_container_type] COMMAND
[script_cooled_down] true
[script_debug] <G>Container='<A>VC GAMEMODE<Y>(COMMAND)<G>'
[script_filename] G:/Vessel Craft Minecraft Server/Vessel Craft Hub/plugins/Denizen/scripts/Vessel-Craft-Denizen-Scripts/Server Commands/Server Command Collection.yml
[script_name] VC GAMEMODE
[script_prefix] Container
[script_relative_filename] /scripts/Vessel-Craft-Denizen-Scripts/Server Commands/Server Command Collection.yml
=======Finished with Debug Data=======
2015-09-09 15:05:45 [WARNING] =======SCRIPTDEBUG=======
Script: [VC GAMEMODE] <--- Generated an error.
The message is as follows:
Tag <&bar> is invalid!
[player] p@76f63814-0c07-4888-9a47-8461bc8ce7bb
[player_chat_history] li@
[player_debug] Player='<A>p@Chemical_Datas<G>'
[player_display_name] Chemical_Datas
[player_entity_id] 33
[player_fall_distance] 0.0
[player_is_op] true
[player_item_on_cursor] i@air
[player_list_name] Chemical_Datas
[player_location] -69,7,-585,Hub
[player_money] 0.0
[player_name] Chemical_Datas
[player_open_inventory] in@player[holder=p@76f63814-0c07-4888-9a47-8461bc8ce7bb]
[player_prefix] Player
[player_save_name] 76.76F638140C0748889A478461BC8CE7BB
[queue] q@VC GAMEMODE_ScholarshipsFaxTournaments
[queue_commands] li@IF <def[matching_target]> != NO_MATCHING_TARGET { - define target <def[matching_target]> }|IF <def[parsed_target].is_player||false> { - define target <def[parsed_target]> }|IF !<server.list_online_players.contains[<def[target]>]> { - narrate format:formatted <blue><&lb><red><script.name><blue><&rb><reset> <yellow>Failed to find a valid target<&co> <def[target]> - queue clear }|IF <def[gamemode]> == NO_ALIAS_GAMEMODE { - narrate format:formatted <blue><&lb><red><script.name><blue><&rb><reset><&co> <yellow>Targets gamemode <red><def[target].gamemode><yellow>. Alias commands<&co> <blue><script.yaml_key[aliases].space_separated> - queue clear }|NARRATE format:formatted <blue><&lb><red><script.name><blue><&rb><reset> <yellow>Changed <def[target].name> to<&co> <light_purple><def[target].gamemode>|ADJUST <def[target]> gamemode:<def[gamemode]>
[queue_debug] <G>Container='<A>VC GAMEMODE<Y>(COMMAND)<G>'
[queue_definitions] li@indicated_target|alias_to_argument|arg|gamemode|matching_target|target
[queue_id] VC GAMEMODE_ScholarshipsFaxTournaments
[queue_script] s@VC GAMEMODE
[queue_size] 6
[queue_speed] d@0t
[queue_state] running
[queue_type] Instant
[script] s@VC GAMEMODE
[script_container_type] COMMAND
[script_cooled_down] true
[script_debug] <G>Container='<A>VC GAMEMODE<Y>(COMMAND)<G>'
[script_filename] G:/Vessel Craft Minecraft Server/Vessel Craft Hub/plugins/Denizen/scripts/Vessel-Craft-Denizen-Scripts/Server Commands/Server Command Collection.yml
[script_name] VC GAMEMODE
[script_prefix] Container
[script_relative_filename] /scripts/Vessel-Craft-Denizen-Scripts/Server Commands/Server Command Collection.yml
=======Finished with Debug Data=======
2015-09-09 15:05:45 [WARNING] =======SCRIPTDEBUG=======
Script: [VC GAMEMODE] <--- Generated an error.
The message is as follows:
Tag <A&bar&barNOT_A_PARSEABLE_TARGET> is invalid!
[player] p@76f63814-0c07-4888-9a47-8461bc8ce7bb
[player_chat_history] li@
[player_debug] Player='<A>p@Chemical_Datas<G>'
[player_display_name] Chemical_Datas
[player_entity_id] 33
[player_fall_distance] 0.0
[player_is_op] true
[player_item_on_cursor] i@air
[player_list_name] Chemical_Datas
[player_location] -69,7,-585,Hub
[player_money] 0.0
[player_name] Chemical_Datas
[player_open_inventory] in@player[holder=p@76f63814-0c07-4888-9a47-8461bc8ce7bb]
[player_prefix] Player
[player_save_name] 76.76F638140C0748889A478461BC8CE7BB
[queue] q@VC GAMEMODE_ScholarshipsFaxTournaments
[queue_commands] li@IF <def[matching_target]> != NO_MATCHING_TARGET { - define target <def[matching_target]> }|IF <def[parsed_target].is_player||false> { - define target <def[parsed_target]> }|IF !<server.list_online_players.contains[<def[target]>]> { - narrate format:formatted <blue><&lb><red><script.name><blue><&rb><reset> <yellow>Failed to find a valid target<&co> <def[target]> - queue clear }|IF <def[gamemode]> == NO_ALIAS_GAMEMODE { - narrate format:formatted <blue><&lb><red><script.name><blue><&rb><reset><&co> <yellow>Targets gamemode <red><def[target].gamemode><yellow>. Alias commands<&co> <blue><script.yaml_key[aliases].space_separated> - queue clear }|NARRATE format:formatted <blue><&lb><red><script.name><blue><&rb><reset> <yellow>Changed <def[target].name> to<&co> <light_purple><def[target].gamemode>|ADJUST <def[target]> gamemode:<def[gamemode]>
[queue_debug] <G>Container='<A>VC GAMEMODE<Y>(COMMAND)<G>'
[queue_definitions] li@indicated_target|alias_to_argument|arg|gamemode|matching_target|target
[queue_id] VC GAMEMODE_ScholarshipsFaxTournaments
[queue_script] s@VC GAMEMODE
[queue_size] 6
[queue_speed] d@0t
[queue_state] running
[queue_type] Instant
[script] s@VC GAMEMODE
[script_container_type] COMMAND
[script_cooled_down] true
[script_debug] <G>Container='<A>VC GAMEMODE<Y>(COMMAND)<G>'
[script_filename] G:/Vessel Craft Minecraft Server/Vessel Craft Hub/plugins/Denizen/scripts/Vessel-Craft-Denizen-Scripts/Server Commands/Server Command Collection.yml
[script_name] VC GAMEMODE
[script_prefix] Container
[script_relative_filename] /scripts/Vessel-Craft-Denizen-Scripts/Server Commands/Server Command Collection.yml
=======Finished with Debug Data=======
