2015-09-09 14:50:39 [WARNING] =======SCRIPTDEBUG=======
Script: [VC GIVE] <--- Generated an error.
The message is as follows:
Woah! Invalid arguments were specified!
[player] p@76f63814-0c07-4888-9a47-8461bc8ce7bb
[player_chat_history] li@
[player_debug] Player='<A>p@Chemical_Datas<G>'
[player_display_name] Chemical_Datas
[player_entity_id] 33
[player_fall_distance] 0.0
[player_is_op] true
[player_item_on_cursor] i@air
[player_list_name] Chemical_Datas
[player_location] -62,7,-544,Hub
[player_money] 0.0
[player_name] Chemical_Datas
[player_open_inventory] in@player[holder=p@76f63814-0c07-4888-9a47-8461bc8ce7bb]
[player_prefix] Player
[player_save_name] 76.76F638140C0748889A478461BC8CE7BB
[queue] q@VC GIVE_InsiderGainsMice
[queue_commands] li@FOREACH li@as_player|as_npc|as_location { - define target <def[target].%value%||FAILED_ACQUISITION> - if <server.object_is_valid[<def[target]>]> { - if <def[value]> == as_player || <def[value]> == as_npc define accessor name - if <def[value]> == as_location define accessor location.simple - define target_id <def[target].%accessor%> - foreach stop } }|DEFINE target <def[target].inventory||UNMATCHABLE_INVENTORY>|DEFINE item <context.args.get[2]||NO_ITEM_SPECIFIED>|DEFINE item <def[item].replace[minecraft<&co>].as_item||UNMATCHABLE_ITEM>|DEFINE ammount <context.args.get[3]||1>|IF !<server.object_is_valid[<def[target]>]> || !<server.object_is_valid[<def[item]>]> { - narrate format:formatted <blue><&lb><red><script.name><blue><&rb><reset> <blue>Your input<&co> <yellow>./give <def[target]> <def[item]> <def[ammount]> - queue clear }|NARRATE format:formatted <red><script.name> <blue>Giving <red><def[target_id]> <green><def[item].formatted||<def[item].simple>><blue>. Qty<&co> <yellow><def[ammount]> targets:<player>|NARRATE format:formatted <red><script.name>  <blue>Giving you <def[item].formatted||<def[item].simple>>. <yellow>Present from<&co> <green><player.name.display||<player.name||Console>> targets:<def[target]>|GIVE <def[item]> to:<def[target]> qty:<def[ammount]>
[queue_debug] <G>Container='<A>VC GIVE<Y>(COMMAND)<G>'
[queue_definitions] li@target
[queue_id] VC GIVE_InsiderGainsMice
[queue_script] s@VC GIVE
[queue_size] 9
[queue_speed] d@0t
[queue_state] running
[queue_type] Instant
[script] s@VC GIVE
[script_container_type] COMMAND
[script_cooled_down] true
[script_debug] <G>Container='<A>VC GIVE<Y>(COMMAND)<G>'
[script_filename] G:/Vessel Craft Minecraft Server/Vessel Craft Hub/plugins/Denizen/scripts/Vessel-Craft-Denizen-Scripts/Server Commands/Server Command Collection.yml
[script_name] VC GIVE
[script_prefix] Container
[script_relative_filename] /scripts/Vessel-Craft-Denizen-Scripts/Server Commands/Server Command Collection.yml
=======Finished with Debug Data=======
2015-09-09 14:52:57 [WARNING] =======SCRIPTDEBUG=======
Script: [VC GIVE] <--- Generated an error.
The message is as follows:
Woah! Invalid arguments were specified!
[player] p@76f63814-0c07-4888-9a47-8461bc8ce7bb
[player_chat_history] li@
[player_debug] Player='<A>p@Chemical_Datas<G>'
[player_display_name] Chemical_Datas
[player_entity_id] 33
[player_fall_distance] 0.0
[player_is_op] true
[player_item_on_cursor] i@air
[player_list_name] Chemical_Datas
[player_location] -72,7,-582,Hub
[player_money] 0.0
[player_name] Chemical_Datas
[player_open_inventory] in@player[holder=p@76f63814-0c07-4888-9a47-8461bc8ce7bb]
[player_prefix] Player
[player_save_name] 76.76F638140C0748889A478461BC8CE7BB
[queue] q@VC GIVE_BidderFilesAbilities
[queue_commands] li@FOREACH li@as_player|as_npc|as_location { - define target <def[target].%value%||FAILED_ACQUISITION> - if <server.object_is_valid[<def[target]>]> { - if <def[value]> == as_player || <def[value]> == as_npc define accessor name - if <def[value]> == as_location define accessor location.simple - define target_id <def[target].%accessor%> - foreach stop } }|DEFINE target <def[target].inventory||UNMATCHABLE_INVENTORY>|DEFINE item <context.args.get[2]||NO_ITEM_SPECIFIED>|DEFINE item <def[item].replace[minecraft<&co>].as_item||UNMATCHABLE_ITEM>|DEFINE ammount <context.args.get[3]||1>|IF !<server.object_is_valid[<def[target]>]> || !<server.object_is_valid[<def[item]>]> { - narrate format:formatted <blue><&lb><red><script.name><blue><&rb><reset> <blue>Your input<&co> <yellow>./give <def[target]> <def[item]> <def[ammount]> - queue clear }|NARRATE format:formatted <red><script.name> <blue>Giving <red><def[target_id]> <green><def[item].formatted||<def[item].simple>><blue>. Qty<&co> <yellow><def[ammount]> targets:<player>|NARRATE format:formatted <red><script.name>  <blue>Giving you <def[item].formatted||<def[item].simple>>. <yellow>Present from<&co> <green><player.name.display||<player.name||Console>> targets:<def[target]>|GIVE <def[item]> to:<def[target]> qty:<def[ammount]>
[queue_debug] <G>Container='<A>VC GIVE<Y>(COMMAND)<G>'
[queue_definitions] li@target
[queue_id] VC GIVE_BidderFilesAbilities
[queue_script] s@VC GIVE
[queue_size] 9
[queue_speed] d@0t
[queue_state] running
[queue_type] Instant
[script] s@VC GIVE
[script_container_type] COMMAND
[script_cooled_down] true
[script_debug] <G>Container='<A>VC GIVE<Y>(COMMAND)<G>'
[script_filename] G:/Vessel Craft Minecraft Server/Vessel Craft Hub/plugins/Denizen/scripts/Vessel-Craft-Denizen-Scripts/Server Commands/Server Command Collection.yml
[script_name] VC GIVE
[script_prefix] Container
[script_relative_filename] /scripts/Vessel-Craft-Denizen-Scripts/Server Commands/Server Command Collection.yml
=======Finished with Debug Data=======
2015-09-09 14:53:56 [WARNING] =======SCRIPTDEBUG=======
Script: [VC GIVE] <--- Generated an error.
The message is as follows:
Woah! Invalid arguments were specified!
[queue] q@VC GIVE_TextbookGovernorSwift
[queue_commands] li@FOREACH li@as_player|as_npc|as_location { - define target <def[target].%value%||FAILED_ACQUISITION> - if <server.object_is_valid[<def[target]>]> { - if <def[value]> == as_player || <def[value]> == as_npc define accessor name - if <def[value]> == as_location define accessor location.simple - define target_id <def[target].%accessor%> - foreach stop } }|DEFINE target <def[target].inventory||UNMATCHABLE_INVENTORY>|DEFINE item <context.args.get[2]||NO_ITEM_SPECIFIED>|DEFINE item <def[item].replace[minecraft<&co>].as_item||UNMATCHABLE_ITEM>|DEFINE ammount <context.args.get[3]||1>|IF !<server.object_is_valid[<def[target]>]> || !<server.object_is_valid[<def[item]>]> { - narrate format:formatted <blue><&lb><red><script.name><blue><&rb><reset> <blue>Your input<&co> <yellow>./give <def[target]> <def[item]> <def[ammount]> - queue clear }|NARRATE format:formatted <red><script.name> <blue>Giving <red><def[target_id]> <green><def[item].formatted||<def[item].simple>><blue>. Qty<&co> <yellow><def[ammount]> targets:<player>|NARRATE format:formatted <red><script.name>  <blue>Giving you <def[item].formatted||<def[item].simple>>. <yellow>Present from<&co> <green><player.name.display||<player.name||Console>> targets:<def[target]>|GIVE <def[item]> to:<def[target]> qty:<def[ammount]>
[queue_debug] <G>Container='<A>VC GIVE<Y>(COMMAND)<G>'
[queue_definitions] li@target
[queue_id] VC GIVE_TextbookGovernorSwift
[queue_script] s@VC GIVE
[queue_size] 9
[queue_speed] d@0t
[queue_state] running
[queue_type] Instant
[script] s@VC GIVE
[script_container_type] COMMAND
[script_cooled_down] null
[script_debug] <G>Container='<A>VC GIVE<Y>(COMMAND)<G>'
[script_filename] G:/Vessel Craft Minecraft Server/Vessel Craft Hub/plugins/Denizen/scripts/Vessel-Craft-Denizen-Scripts/Server Commands/Server Command Collection.yml
[script_name] VC GIVE
[script_prefix] Container
[script_relative_filename] /scripts/Vessel-Craft-Denizen-Scripts/Server Commands/Server Command Collection.yml
=======Finished with Debug Data=======
2015-09-09 14:53:56 [WARNING] =======SCRIPTDEBUG=======
Script: [VC GIVE] <--- Generated an error.
The message is as follows:
Tag <player> is invalid!
[queue] q@VC GIVE_TextbookGovernorSwift
[queue_commands] li@NARRATE format:formatted <red><script.name>  <blue>Giving you <def[item].formatted||<def[item].simple>>. <yellow>Present from<&co> <green><player.name.display||<player.name||Console>> targets:<def[target]>|GIVE <def[item]> to:<def[target]> qty:<def[ammount]>
[queue_debug] <G>Container='<A>VC GIVE<Y>(COMMAND)<G>'
[queue_definitions] li@item|accessor|target_id|loop_index|value|ammount|target
[queue_id] VC GIVE_TextbookGovernorSwift
[queue_script] s@VC GIVE
[queue_size] 2
[queue_speed] d@0t
[queue_state] running
[queue_type] Instant
[script] s@VC GIVE
[script_container_type] COMMAND
[script_cooled_down] null
[script_debug] <G>Container='<A>VC GIVE<Y>(COMMAND)<G>'
[script_filename] G:/Vessel Craft Minecraft Server/Vessel Craft Hub/plugins/Denizen/scripts/Vessel-Craft-Denizen-Scripts/Server Commands/Server Command Collection.yml
[script_name] VC GIVE
[script_prefix] Container
[script_relative_filename] /scripts/Vessel-Craft-Denizen-Scripts/Server Commands/Server Command Collection.yml
=======Finished with Debug Data=======
2015-09-19 20:36:11 [WARNING] =======SCRIPTDEBUG=======
Script: [VC GIVE] <--- Generated an error.
The message is as follows:
Woah! Invalid arguments were specified!
[queue] q@VC GIVE_RatioDenizenDownloaded
[queue_commands] li@FOREACH li@as_player|as_npc|as_location { - define target <def[target].%value%||FAILED_ACQUISITION> - if <server.object_is_valid[<def[target]>]> { - if <def[value]> == as_player || <def[value]> == as_npc define accessor name - if <def[value]> == as_location define accessor location.simple - define target_id <def[target].%accessor%> - foreach stop } }|DEFINE target <def[target].inventory||UNMATCHABLE_INVENTORY>|DEFINE item <context.args.get[2]||NO_ITEM_SPECIFIED>|DEFINE item <def[item].replace[minecraft<&co>].as_item||UNMATCHABLE_ITEM>|DEFINE ammount <context.args.get[3]||1>|IF !<server.object_is_valid[<def[target]>]> || !<server.object_is_valid[<def[item]>]> { - narrate format:formatted <blue><&lb><red><script.name><blue><&rb><reset> <blue>Your input<&co> <yellow>./give <def[target]> <def[item]> <def[ammount]> - queue clear }|NARRATE format:formatted <red><script.name> <blue>Giving <red><def[target_id]> <green><def[item].formatted||<def[item].simple>><blue>. Qty<&co> <yellow><def[ammount]> targets:<player>|NARRATE format:formatted <red><script.name>  <blue>Giving you <def[item].formatted||<def[item].simple>>. <yellow>Present from<&co> <green><player.name.display||<player.name||Console>> targets:<def[target]>|GIVE <def[item]> to:<def[target]> qty:<def[ammount]>
[queue_debug] <G>Container='<A>VC GIVE<Y>(COMMAND)<G>'
[queue_definitions] li@target
[queue_id] VC GIVE_RatioDenizenDownloaded
[queue_script] s@VC GIVE
[queue_size] 9
[queue_speed] d@0t
[queue_state] running
[queue_type] Instant
[script] s@VC GIVE
[script_container_type] COMMAND
[script_cooled_down] null
[script_debug] <G>Container='<A>VC GIVE<Y>(COMMAND)<G>'
[script_filename] G:/Vessel Craft Minecraft Server/Vessel Craft Hub/plugins/Denizen/scripts/Vessel-Craft-Denizen-Scripts/Server Commands/Server Command Collection.yml
[script_name] VC GIVE
[script_prefix] Container
[script_relative_filename] /scripts/Vessel-Craft-Denizen-Scripts/Server Commands/Server Command Collection.yml
=======Finished with Debug Data=======
2015-09-19 20:36:11 [WARNING] =======SCRIPTDEBUG=======
Script: [VC GIVE] <--- Generated an error.
The message is as follows:
Tag <player> is invalid!
[queue] q@VC GIVE_RatioDenizenDownloaded
[queue_commands] li@NARRATE format:formatted <red><script.name>  <blue>Giving you <def[item].formatted||<def[item].simple>>. <yellow>Present from<&co> <green><player.name.display||<player.name||Console>> targets:<def[target]>|GIVE <def[item]> to:<def[target]> qty:<def[ammount]>
[queue_debug] <G>Container='<A>VC GIVE<Y>(COMMAND)<G>'
[queue_definitions] li@item|accessor|target_id|loop_index|value|ammount|target
[queue_id] VC GIVE_RatioDenizenDownloaded
[queue_script] s@VC GIVE
[queue_size] 2
[queue_speed] d@0t
[queue_state] running
[queue_type] Instant
[script] s@VC GIVE
[script_container_type] COMMAND
[script_cooled_down] null
[script_debug] <G>Container='<A>VC GIVE<Y>(COMMAND)<G>'
[script_filename] G:/Vessel Craft Minecraft Server/Vessel Craft Hub/plugins/Denizen/scripts/Vessel-Craft-Denizen-Scripts/Server Commands/Server Command Collection.yml
[script_name] VC GIVE
[script_prefix] Container
[script_relative_filename] /scripts/Vessel-Craft-Denizen-Scripts/Server Commands/Server Command Collection.yml
=======Finished with Debug Data=======
2015-09-19 20:37:03 [WARNING] =======SCRIPTDEBUG=======
Script: [VC GIVE] <--- Generated an error.
The message is as follows:
Woah! Invalid arguments were specified!
[npc] n@92
[npc_anchors] li@
[npc_attack_range] 3.0625
[npc_avoid_water] false
[npc_engaged] false
[npc_flags] li@
[npc_has_assignment] false
[npc_id] 92
[npc_inventory] li@
[npc_location] -77,7,-578,Hub
[npc_lookclose] false
[npc_name] Nubzilla
[npc_navigating] false
[npc_owner] server
[npc_protected] true
[npc_range] 25.0
[npc_speed] 1.0
[npc_speed_modifier] 1.0
[npc_teleport_on_stuck] true
[player] p@76f63814-0c07-4888-9a47-8461bc8ce7bb
[player_chat_history] li@
[player_debug] Player='<A>p@Chemical_Datas<G>'
[player_display_name] Chemical_Datas
[player_entity_id] 615
[player_fall_distance] 0.0
[player_is_op] true
[player_item_on_cursor] i@air
[player_list_name] Chemical_Datas
[player_location] -71,7,-570,Hub
[player_money] 0.0
[player_name] Chemical_Datas
[player_open_inventory] in@player[holder=p@76f63814-0c07-4888-9a47-8461bc8ce7bb]
[player_prefix] Player
[player_save_name] 76.76F638140C0748889A478461BC8CE7BB
[player_selected_npc] n@92
[queue] q@VC GIVE_EngineersSavesDiamond
[queue_commands] li@FOREACH li@as_player|as_npc|as_location { - define target <def[target].%value%||FAILED_ACQUISITION> - if <server.object_is_valid[<def[target]>]> { - if <def[value]> == as_player || <def[value]> == as_npc define accessor name - if <def[value]> == as_location define accessor location.simple - define target_id <def[target].%accessor%> - foreach stop } }|DEFINE target <def[target].inventory||UNMATCHABLE_INVENTORY>|DEFINE item <context.args.get[2]||NO_ITEM_SPECIFIED>|DEFINE item <def[item].replace[minecraft<&co>].as_item||UNMATCHABLE_ITEM>|DEFINE ammount <context.args.get[3]||1>|IF !<server.object_is_valid[<def[target]>]> || !<server.object_is_valid[<def[item]>]> { - narrate format:formatted <blue><&lb><red><script.name><blue><&rb><reset> <blue>Your input<&co> <yellow>./give <def[target]> <def[item]> <def[ammount]> - queue clear }|NARRATE format:formatted <red><script.name> <blue>Giving <red><def[target_id]> <green><def[item].formatted||<def[item].simple>><blue>. Qty<&co> <yellow><def[ammount]> targets:<player>|NARRATE format:formatted <red><script.name>  <blue>Giving you <def[item].formatted||<def[item].simple>>. <yellow>Present from<&co> <green><player.name.display||<player.name||Console>> targets:<def[target]>|GIVE <def[item]> to:<def[target]> qty:<def[ammount]>
[queue_debug] <G>Container='<A>VC GIVE<Y>(COMMAND)<G>'
[queue_definitions] li@target
[queue_id] VC GIVE_EngineersSavesDiamond
[queue_script] s@VC GIVE
[queue_size] 9
[queue_speed] d@0t
[queue_state] running
[queue_type] Instant
[script] s@VC GIVE
[script_container_type] COMMAND
[script_cooled_down] true
[script_debug] <G>Container='<A>VC GIVE<Y>(COMMAND)<G>'
[script_filename] G:/Vessel Craft Minecraft Server/Vessel Craft Hub/plugins/Denizen/scripts/Vessel-Craft-Denizen-Scripts/Server Commands/Server Command Collection.yml
[script_name] VC GIVE
[script_prefix] Container
[script_relative_filename] /scripts/Vessel-Craft-Denizen-Scripts/Server Commands/Server Command Collection.yml
=======Finished with Debug Data=======
2015-09-19 20:37:30 [WARNING] =======SCRIPTDEBUG=======
Script: [VC GIVE] <--- Generated an error.
The message is as follows:
Woah! Invalid arguments were specified!
[npc] n@92
[npc_anchors] li@
[npc_attack_range] 3.0625
[npc_avoid_water] false
[npc_engaged] false
[npc_flags] li@
[npc_has_assignment] false
[npc_id] 92
[npc_inventory] li@
[npc_location] -77,7,-578,Hub
[npc_lookclose] false
[npc_name] Nubzilla
[npc_navigating] false
[npc_owner] server
[npc_protected] true
[npc_range] 25.0
[npc_speed] 1.0
[npc_speed_modifier] 1.0
[npc_teleport_on_stuck] true
[player] p@76f63814-0c07-4888-9a47-8461bc8ce7bb
[player_chat_history] li@
[player_debug] Player='<A>p@Chemical_Datas<G>'
[player_display_name] Chemical_Datas
[player_entity_id] 615
[player_fall_distance] 0.0
[player_is_op] true
[player_item_on_cursor] i@air
[player_list_name] Chemical_Datas
[player_location] -69,7,-563,Hub
[player_money] 0.0
[player_name] Chemical_Datas
[player_open_inventory] in@player[holder=p@76f63814-0c07-4888-9a47-8461bc8ce7bb]
[player_prefix] Player
[player_save_name] 76.76F638140C0748889A478461BC8CE7BB
[player_selected_npc] n@92
[queue] q@VC GIVE_CoversWhatsPrecious
[queue_commands] li@FOREACH li@as_player|as_npc|as_location { - define target <def[target].%value%||FAILED_ACQUISITION> - if <server.object_is_valid[<def[target]>]> { - if <def[value]> == as_player || <def[value]> == as_npc define accessor name - if <def[value]> == as_location define accessor location.simple - define target_id <def[target].%accessor%> - foreach stop } }|DEFINE target <def[target].inventory||UNMATCHABLE_INVENTORY>|DEFINE item <context.args.get[2]||NO_ITEM_SPECIFIED>|DEFINE item <def[item].replace[minecraft<&co>].as_item||UNMATCHABLE_ITEM>|DEFINE ammount <context.args.get[3]||1>|IF !<server.object_is_valid[<def[target]>]> || !<server.object_is_valid[<def[item]>]> { - narrate format:formatted <blue><&lb><red><script.name><blue><&rb><reset> <blue>Your input<&co> <yellow>./give <def[target]> <def[item]> <def[ammount]> - queue clear }|NARRATE format:formatted <red><script.name> <blue>Giving <red><def[target_id]> <green><def[item].formatted||<def[item].simple>><blue>. Qty<&co> <yellow><def[ammount]> targets:<player>|NARRATE format:formatted <red><script.name>  <blue>Giving you <def[item].formatted||<def[item].simple>>. <yellow>Present from<&co> <green><player.name.display||<player.name||Console>> targets:<def[target]>|GIVE <def[item]> to:<def[target]> qty:<def[ammount]>
[queue_debug] <G>Container='<A>VC GIVE<Y>(COMMAND)<G>'
[queue_definitions] li@target
[queue_id] VC GIVE_CoversWhatsPrecious
[queue_script] s@VC GIVE
[queue_size] 9
[queue_speed] d@0t
[queue_state] running
[queue_type] Instant
[script] s@VC GIVE
[script_container_type] COMMAND
[script_cooled_down] true
[script_debug] <G>Container='<A>VC GIVE<Y>(COMMAND)<G>'
[script_filename] G:/Vessel Craft Minecraft Server/Vessel Craft Hub/plugins/Denizen/scripts/Vessel-Craft-Denizen-Scripts/Server Commands/Server Command Collection.yml
[script_name] VC GIVE
[script_prefix] Container
[script_relative_filename] /scripts/Vessel-Craft-Denizen-Scripts/Server Commands/Server Command Collection.yml
=======Finished with Debug Data=======
