2015-12-26 15:59:16 [WARNING] =======SCRIPTDEBUG=======
Script: [VC HEAL] <--- Generated an error.
The message is as follows:
Tag <script.yaml_key[VC Heal]> is invalid!
[player] p@76f63814-0c07-4888-9a47-8461bc8ce7bb
[player_chat_history] li@hru|sai hi
[player_debug] Player='<A>p@Chemical_Datas<G>'
[player_display_name] Chemical_Datas
[player_entity_id] 1687
[player_fall_distance] 0.0
[player_is_op] true
[player_item_on_cursor] i@air
[player_list_name] Chemical_Datas
[player_location] -893,43,-701,Hub
[player_money] 0.0
[player_name] Chemical_Datas
[player_open_inventory] in@player[holder=p@76f63814-0c07-4888-9a47-8461bc8ce7bb]
[player_prefix] Player
[player_save_name] 76.76F638140C0748889A478461BC8CE7BB
[queue] q@VC HEAL_FunkSeasonHistoric
[queue_commands] li@NARRATE format:formatted You healed <red><def[target].name.display||<def[target].name>><yellow> [smile]|NARRATE format:formatted <blue><&lb><red><script.name><blue><&rb><reset><&co> <yellow>You were healed by <red><def[actor]><yellow> [smile]
[queue_debug] <G>Container='<A>VC HEAL<Y>(COMMAND)<G>'
[queue_definitions] li@actor|healed_effects|loop_index|value|target
[queue_id] VC HEAL_FunkSeasonHistoric
[queue_script] s@VC HEAL
[queue_size] 2
[queue_speed] d@0.0s
[queue_state] running
[queue_type] Instant
[script] s@VC HEAL
[script_container_type] COMMAND
[script_cooled_down] true
[script_debug] <G>Container='<A>VC HEAL<Y>(COMMAND)<G>'
[script_filename] G:/Vessel Craft Minecraft Server/Vessel Craft Hub/plugins/Denizen/scripts/Vessel-Craft-Denizen-Scripts/Server Commands/Server Command Collection.yml
[script_name] VC HEAL
[script_prefix] Container
[script_relative_filename] /scripts/Vessel-Craft-Denizen-Scripts/Server Commands/Server Command Collection.yml
=======Finished with Debug Data=======
